[0.022s] Invoking command in '/wolvi/src/build/computation_zone': CMAKE_PREFIX_PATH=${CMAKE_PREFIX_PATH}:/wolvi/install/lidar:/opt/ros/humble /usr/bin/cmake --build /wolvi/src/build/computation_zone -- -j8 -l8
[0.322s] Invoked command in '/wolvi/src/build/computation_zone' returned '0': CMAKE_PREFIX_PATH=${CMAKE_PREFIX_PATH}:/wolvi/install/lidar:/opt/ros/humble /usr/bin/cmake --build /wolvi/src/build/computation_zone -- -j8 -l8
[0.329s] Invoking command in '/wolvi/src/build/computation_zone': CMAKE_PREFIX_PATH=${CMAKE_PREFIX_PATH}:/wolvi/install/lidar:/opt/ros/humble /usr/bin/cmake --install /wolvi/src/build/computation_zone
[0.335s] -- Install configuration: ""
[0.335s] -- Up-to-date: /wolvi/src/install/computation_zone/share/ament_index/resource_index/package_run_dependencies/computation_zone
[0.335s] -- Up-to-date: /wolvi/src/install/computation_zone/share/ament_index/resource_index/parent_prefix_path/computation_zone
[0.335s] -- Up-to-date: /wolvi/src/install/computation_zone/share/computation_zone/environment/ament_prefix_path.sh
[0.335s] -- Up-to-date: /wolvi/src/install/computation_zone/share/computation_zone/environment/ament_prefix_path.dsv
[0.337s] -- Up-to-date: /wolvi/src/install/computation_zone/share/computation_zone/environment/path.sh
[0.337s] -- Up-to-date: /wolvi/src/install/computation_zone/share/computation_zone/environment/path.dsv
[0.337s] -- Up-to-date: /wolvi/src/install/computation_zone/share/computation_zone/local_setup.bash
[0.337s] -- Up-to-date: /wolvi/src/install/computation_zone/share/computation_zone/local_setup.sh
[0.337s] -- Up-to-date: /wolvi/src/install/computation_zone/share/computation_zone/local_setup.zsh
[0.337s] -- Up-to-date: /wolvi/src/install/computation_zone/share/computation_zone/local_setup.dsv
[0.337s] -- Installing: /wolvi/src/install/computation_zone/share/computation_zone/package.dsv
[0.337s] -- Up-to-date: /wolvi/src/install/computation_zone/share/ament_index/resource_index/packages/computation_zone
[0.337s] -- Up-to-date: /wolvi/src/install/computation_zone/share/computation_zone/cmake/computation_zoneConfig.cmake
[0.337s] -- Up-to-date: /wolvi/src/install/computation_zone/share/computation_zone/cmake/computation_zoneConfig-version.cmake
[0.337s] -- Up-to-date: /wolvi/src/install/computation_zone/share/computation_zone/package.xml
[0.340s] Invoked command in '/wolvi/src/build/computation_zone' returned '0': CMAKE_PREFIX_PATH=${CMAKE_PREFIX_PATH}:/wolvi/install/lidar:/opt/ros/humble /usr/bin/cmake --install /wolvi/src/build/computation_zone
