[0.129s] DEBUG:colcon:Command line arguments: ['/usr/bin/colcon', 'build']
[0.129s] DEBUG:colcon:Parsed command line arguments: Namespace(log_base=None, log_level=None, verb_name='build', build_base='build', install_base='install', merge_install=False, symlink_install=False, test_result_base=None, continue_on_error=False, executor='parallel', parallel_workers=16, event_handlers=None, ignore_user_meta=False, metas=['./colcon.meta'], base_paths=['.'], packages_ignore=None, packages_ignore_regex=None, paths=None, packages_up_to=None, packages_up_to_regex=None, packages_above=None, packages_above_and_dependencies=None, packages_above_depth=None, packages_select_by_dep=None, packages_skip_by_dep=None, packages_skip_up_to=None, packages_select_build_failed=False, packages_skip_build_finished=False, packages_select_test_failures=False, packages_skip_test_passed=False, packages_select=None, packages_skip=None, packages_select_regex=None, packages_skip_regex=None, packages_start=None, packages_end=None, cmake_args=None, cmake_target=None, cmake_target_skip_unavailable=False, cmake_clean_cache=False, cmake_clean_first=False, cmake_force_configure=False, ament_cmake_args=None, catkin_cmake_args=None, catkin_skip_building_tests=False, mixin_files=None, mixin=None, verb_parser=<colcon_mixin.mixin.mixin_argument.MixinArgumentDecorator object at 0x7fa3ee183e80>, verb_extension=<colcon_core.verb.build.BuildVerb object at 0x7fa3ee1839d0>, main=<bound method BuildVerb.main of <colcon_core.verb.build.BuildVerb object at 0x7fa3ee1839d0>>, mixin_verb=('build',))
[0.276s] Level 1:colcon.colcon_core.package_discovery:discover_packages(colcon_meta) check parameters
[0.277s] INFO:colcon.colcon_metadata.package_discovery.colcon_meta:Using configuration from '/root/.colcon/metadata/default/Gazebo.meta'
[0.277s] INFO:colcon.colcon_metadata.package_discovery.colcon_meta:Using configuration from '/root/.colcon/metadata/default/fastrtps.meta'
[0.277s] Level 1:colcon.colcon_core.package_discovery:discover_packages(recursive) check parameters
[0.277s] Level 1:colcon.colcon_core.package_discovery:discover_packages(ignore) check parameters
[0.277s] Level 1:colcon.colcon_core.package_discovery:discover_packages(path) check parameters
[0.277s] Level 1:colcon.colcon_core.package_discovery:discover_packages(colcon_meta) discover
[0.277s] Level 1:colcon.colcon_core.package_discovery:discover_packages(recursive) discover
[0.277s] INFO:colcon.colcon_core.package_discovery:Crawling recursively for packages in '/wolvi'
[0.277s] Level 1:colcon.colcon_core.package_identification:_identify(.) by extensions ['ignore', 'ignore_ament_install']
[0.277s] Level 1:colcon.colcon_core.package_identification:_identify(.) by extension 'ignore'
[0.278s] Level 1:colcon.colcon_core.package_identification:_identify(.) by extension 'ignore_ament_install'
[0.278s] Level 1:colcon.colcon_core.package_identification:_identify(.) by extensions ['colcon_pkg']
[0.278s] Level 1:colcon.colcon_core.package_identification:_identify(.) by extension 'colcon_pkg'
[0.278s] Level 1:colcon.colcon_core.package_identification:_identify(.) by extensions ['colcon_meta']
[0.278s] Level 1:colcon.colcon_core.package_identification:_identify(.) by extension 'colcon_meta'
[0.278s] Level 1:colcon.colcon_core.package_identification:_identify(.) by extensions ['ros']
[0.278s] Level 1:colcon.colcon_core.package_identification:_identify(.) by extension 'ros'
[0.288s] Level 1:colcon.colcon_core.package_identification:_identify(.) by extensions ['cmake', 'python']
[0.288s] Level 1:colcon.colcon_core.package_identification:_identify(.) by extension 'cmake'
[0.288s] Level 1:colcon.colcon_core.package_identification:_identify(.) by extension 'python'
[0.288s] Level 1:colcon.colcon_core.package_identification:_identify(.) by extensions ['python_setup_py']
[0.288s] Level 1:colcon.colcon_core.package_identification:_identify(.) by extension 'python_setup_py'
[0.288s] Level 1:colcon.colcon_core.package_identification:_identify(build) by extensions ['ignore', 'ignore_ament_install']
[0.288s] Level 1:colcon.colcon_core.package_identification:_identify(build) by extension 'ignore'
[0.288s] Level 1:colcon.colcon_core.package_identification:_identify(build) ignored
[0.288s] Level 1:colcon.colcon_core.package_identification:_identify(install) by extensions ['ignore', 'ignore_ament_install']
[0.288s] Level 1:colcon.colcon_core.package_identification:_identify(install) by extension 'ignore'
[0.289s] Level 1:colcon.colcon_core.package_identification:_identify(install) ignored
[0.289s] Level 1:colcon.colcon_core.package_identification:_identify(log) by extensions ['ignore', 'ignore_ament_install']
[0.289s] Level 1:colcon.colcon_core.package_identification:_identify(log) by extension 'ignore'
[0.289s] Level 1:colcon.colcon_core.package_identification:_identify(log) ignored
[0.289s] Level 1:colcon.colcon_core.package_identification:_identify(src) by extensions ['ignore', 'ignore_ament_install']
[0.289s] Level 1:colcon.colcon_core.package_identification:_identify(src) by extension 'ignore'
[0.289s] Level 1:colcon.colcon_core.package_identification:_identify(src) by extension 'ignore_ament_install'
[0.289s] Level 1:colcon.colcon_core.package_identification:_identify(src) by extensions ['colcon_pkg']
[0.289s] Level 1:colcon.colcon_core.package_identification:_identify(src) by extension 'colcon_pkg'
[0.289s] Level 1:colcon.colcon_core.package_identification:_identify(src) by extensions ['colcon_meta']
[0.289s] Level 1:colcon.colcon_core.package_identification:_identify(src) by extension 'colcon_meta'
[0.289s] Level 1:colcon.colcon_core.package_identification:_identify(src) by extensions ['ros']
[0.289s] Level 1:colcon.colcon_core.package_identification:_identify(src) by extension 'ros'
[0.289s] Level 1:colcon.colcon_core.package_identification:_identify(src) by extensions ['cmake', 'python']
[0.289s] Level 1:colcon.colcon_core.package_identification:_identify(src) by extension 'cmake'
[0.289s] Level 1:colcon.colcon_core.package_identification:_identify(src) by extension 'python'
[0.289s] Level 1:colcon.colcon_core.package_identification:_identify(src) by extensions ['python_setup_py']
[0.289s] Level 1:colcon.colcon_core.package_identification:_identify(src) by extension 'python_setup_py'
[0.289s] Level 1:colcon.colcon_core.package_identification:_identify(src/computation_zone) by extensions ['ignore', 'ignore_ament_install']
[0.289s] Level 1:colcon.colcon_core.package_identification:_identify(src/computation_zone) by extension 'ignore'
[0.289s] Level 1:colcon.colcon_core.package_identification:_identify(src/computation_zone) by extension 'ignore_ament_install'
[0.290s] Level 1:colcon.colcon_core.package_identification:_identify(src/computation_zone) by extensions ['colcon_pkg']
[0.290s] Level 1:colcon.colcon_core.package_identification:_identify(src/computation_zone) by extension 'colcon_pkg'
[0.290s] Level 1:colcon.colcon_core.package_identification:_identify(src/computation_zone) by extensions ['colcon_meta']
[0.290s] Level 1:colcon.colcon_core.package_identification:_identify(src/computation_zone) by extension 'colcon_meta'
[0.290s] Level 1:colcon.colcon_core.package_identification:_identify(src/computation_zone) by extensions ['ros']
[0.290s] Level 1:colcon.colcon_core.package_identification:_identify(src/computation_zone) by extension 'ros'
[0.292s] DEBUG:colcon.colcon_core.package_identification:Package 'src/computation_zone' with type 'ros.ament_cmake' and name 'computation_zone'
[0.292s] Level 1:colcon.colcon_core.package_identification:_identify(src/robot_01) by extensions ['ignore', 'ignore_ament_install']
[0.292s] Level 1:colcon.colcon_core.package_identification:_identify(src/robot_01) by extension 'ignore'
[0.292s] Level 1:colcon.colcon_core.package_identification:_identify(src/robot_01) by extension 'ignore_ament_install'
[0.292s] Level 1:colcon.colcon_core.package_identification:_identify(src/robot_01) by extensions ['colcon_pkg']
[0.292s] Level 1:colcon.colcon_core.package_identification:_identify(src/robot_01) by extension 'colcon_pkg'
[0.292s] Level 1:colcon.colcon_core.package_identification:_identify(src/robot_01) by extensions ['colcon_meta']
[0.292s] Level 1:colcon.colcon_core.package_identification:_identify(src/robot_01) by extension 'colcon_meta'
[0.292s] Level 1:colcon.colcon_core.package_identification:_identify(src/robot_01) by extensions ['ros']
[0.293s] Level 1:colcon.colcon_core.package_identification:_identify(src/robot_01) by extension 'ros'
[0.293s] DEBUG:colcon.colcon_core.package_identification:Package 'src/robot_01' with type 'ros.ament_cmake' and name 'robot_01'
[0.293s] Level 1:colcon.colcon_core.package_identification:_identify(src/tests) by extensions ['ignore', 'ignore_ament_install']
[0.293s] Level 1:colcon.colcon_core.package_identification:_identify(src/tests) by extension 'ignore'
[0.293s] Level 1:colcon.colcon_core.package_identification:_identify(src/tests) by extension 'ignore_ament_install'
[0.293s] Level 1:colcon.colcon_core.package_identification:_identify(src/tests) by extensions ['colcon_pkg']
[0.293s] Level 1:colcon.colcon_core.package_identification:_identify(src/tests) by extension 'colcon_pkg'
[0.293s] Level 1:colcon.colcon_core.package_identification:_identify(src/tests) by extensions ['colcon_meta']
[0.293s] Level 1:colcon.colcon_core.package_identification:_identify(src/tests) by extension 'colcon_meta'
[0.293s] Level 1:colcon.colcon_core.package_identification:_identify(src/tests) by extensions ['ros']
[0.293s] Level 1:colcon.colcon_core.package_identification:_identify(src/tests) by extension 'ros'
[0.294s] DEBUG:colcon.colcon_core.package_identification:Package 'src/tests' with type 'ros.ament_cmake' and name 'tests'
[0.294s] Level 1:colcon.colcon_core.package_identification:_identify(src/utils) by extensions ['ignore', 'ignore_ament_install']
[0.294s] Level 1:colcon.colcon_core.package_identification:_identify(src/utils) by extension 'ignore'
[0.294s] Level 1:colcon.colcon_core.package_identification:_identify(src/utils) by extension 'ignore_ament_install'
[0.294s] Level 1:colcon.colcon_core.package_identification:_identify(src/utils) by extensions ['colcon_pkg']
[0.294s] Level 1:colcon.colcon_core.package_identification:_identify(src/utils) by extension 'colcon_pkg'
[0.294s] Level 1:colcon.colcon_core.package_identification:_identify(src/utils) by extensions ['colcon_meta']
[0.294s] Level 1:colcon.colcon_core.package_identification:_identify(src/utils) by extension 'colcon_meta'
[0.294s] Level 1:colcon.colcon_core.package_identification:_identify(src/utils) by extensions ['ros']
[0.294s] Level 1:colcon.colcon_core.package_identification:_identify(src/utils) by extension 'ros'
[0.295s] DEBUG:colcon.colcon_core.package_identification:Package 'src/utils' with type 'ros.ament_cmake' and name 'utils'
[0.295s] Level 1:colcon.colcon_core.package_identification:_identify(utils) by extensions ['ignore', 'ignore_ament_install']
[0.295s] Level 1:colcon.colcon_core.package_identification:_identify(utils) by extension 'ignore'
[0.295s] Level 1:colcon.colcon_core.package_identification:_identify(utils) by extension 'ignore_ament_install'
[0.295s] Level 1:colcon.colcon_core.package_identification:_identify(utils) by extensions ['colcon_pkg']
[0.295s] Level 1:colcon.colcon_core.package_identification:_identify(utils) by extension 'colcon_pkg'
[0.295s] Level 1:colcon.colcon_core.package_identification:_identify(utils) by extensions ['colcon_meta']
[0.295s] Level 1:colcon.colcon_core.package_identification:_identify(utils) by extension 'colcon_meta'
[0.295s] Level 1:colcon.colcon_core.package_identification:_identify(utils) by extensions ['ros']
[0.295s] Level 1:colcon.colcon_core.package_identification:_identify(utils) by extension 'ros'
[0.295s] Level 1:colcon.colcon_core.package_identification:_identify(utils) by extensions ['cmake', 'python']
[0.295s] Level 1:colcon.colcon_core.package_identification:_identify(utils) by extension 'cmake'
[0.295s] Level 1:colcon.colcon_core.package_identification:_identify(utils) by extension 'python'
[0.296s] Level 1:colcon.colcon_core.package_identification:_identify(utils) by extensions ['python_setup_py']
[0.296s] Level 1:colcon.colcon_core.package_identification:_identify(utils) by extension 'python_setup_py'
[0.296s] Level 1:colcon.colcon_core.package_identification:_identify(utils/__pycache__) by extensions ['ignore', 'ignore_ament_install']
[0.296s] Level 1:colcon.colcon_core.package_identification:_identify(utils/__pycache__) by extension 'ignore'
[0.296s] Level 1:colcon.colcon_core.package_identification:_identify(utils/__pycache__) by extension 'ignore_ament_install'
[0.296s] Level 1:colcon.colcon_core.package_identification:_identify(utils/__pycache__) by extensions ['colcon_pkg']
[0.296s] Level 1:colcon.colcon_core.package_identification:_identify(utils/__pycache__) by extension 'colcon_pkg'
[0.296s] Level 1:colcon.colcon_core.package_identification:_identify(utils/__pycache__) by extensions ['colcon_meta']
[0.296s] Level 1:colcon.colcon_core.package_identification:_identify(utils/__pycache__) by extension 'colcon_meta'
[0.296s] Level 1:colcon.colcon_core.package_identification:_identify(utils/__pycache__) by extensions ['ros']
[0.296s] Level 1:colcon.colcon_core.package_identification:_identify(utils/__pycache__) by extension 'ros'
[0.296s] Level 1:colcon.colcon_core.package_identification:_identify(utils/__pycache__) by extensions ['cmake', 'python']
[0.296s] Level 1:colcon.colcon_core.package_identification:_identify(utils/__pycache__) by extension 'cmake'
[0.296s] Level 1:colcon.colcon_core.package_identification:_identify(utils/__pycache__) by extension 'python'
[0.296s] Level 1:colcon.colcon_core.package_identification:_identify(utils/__pycache__) by extensions ['python_setup_py']
[0.296s] Level 1:colcon.colcon_core.package_identification:_identify(utils/__pycache__) by extension 'python_setup_py'
[0.296s] Level 1:colcon.colcon_core.package_discovery:discover_packages(recursive) using defaults
[0.296s] Level 1:colcon.colcon_core.package_discovery:discover_packages(ignore) discover
[0.296s] Level 1:colcon.colcon_core.package_discovery:discover_packages(ignore) using defaults
[0.296s] Level 1:colcon.colcon_core.package_discovery:discover_packages(path) discover
[0.296s] Level 1:colcon.colcon_core.package_discovery:discover_packages(path) using defaults
[0.315s] Level 5:colcon.colcon_core.verb:set package 'computation_zone' build argument 'cmake_args' from command line to 'None'
[0.315s] Level 5:colcon.colcon_core.verb:set package 'computation_zone' build argument 'cmake_target' from command line to 'None'
[0.315s] Level 5:colcon.colcon_core.verb:set package 'computation_zone' build argument 'cmake_target_skip_unavailable' from command line to 'False'
[0.315s] Level 5:colcon.colcon_core.verb:set package 'computation_zone' build argument 'cmake_clean_cache' from command line to 'False'
[0.315s] Level 5:colcon.colcon_core.verb:set package 'computation_zone' build argument 'cmake_clean_first' from command line to 'False'
[0.315s] Level 5:colcon.colcon_core.verb:set package 'computation_zone' build argument 'cmake_force_configure' from command line to 'False'
[0.315s] Level 5:colcon.colcon_core.verb:set package 'computation_zone' build argument 'ament_cmake_args' from command line to 'None'
[0.315s] Level 5:colcon.colcon_core.verb:set package 'computation_zone' build argument 'catkin_cmake_args' from command line to 'None'
[0.315s] Level 5:colcon.colcon_core.verb:set package 'computation_zone' build argument 'catkin_skip_building_tests' from command line to 'False'
[0.315s] DEBUG:colcon.colcon_core.verb:Building package 'computation_zone' with the following arguments: {'ament_cmake_args': None, 'build_base': '/wolvi/build/computation_zone', 'catkin_cmake_args': None, 'catkin_skip_building_tests': False, 'cmake_args': None, 'cmake_clean_cache': False, 'cmake_clean_first': False, 'cmake_force_configure': False, 'cmake_target': None, 'cmake_target_skip_unavailable': False, 'install_base': '/wolvi/install/computation_zone', 'merge_install': False, 'path': '/wolvi/src/computation_zone', 'symlink_install': False, 'test_result_base': None}
[0.315s] Level 5:colcon.colcon_core.verb:set package 'robot_01' build argument 'cmake_args' from command line to 'None'
[0.315s] Level 5:colcon.colcon_core.verb:set package 'robot_01' build argument 'cmake_target' from command line to 'None'
[0.315s] Level 5:colcon.colcon_core.verb:set package 'robot_01' build argument 'cmake_target_skip_unavailable' from command line to 'False'
[0.315s] Level 5:colcon.colcon_core.verb:set package 'robot_01' build argument 'cmake_clean_cache' from command line to 'False'
[0.315s] Level 5:colcon.colcon_core.verb:set package 'robot_01' build argument 'cmake_clean_first' from command line to 'False'
[0.315s] Level 5:colcon.colcon_core.verb:set package 'robot_01' build argument 'cmake_force_configure' from command line to 'False'
[0.315s] Level 5:colcon.colcon_core.verb:set package 'robot_01' build argument 'ament_cmake_args' from command line to 'None'
[0.315s] Level 5:colcon.colcon_core.verb:set package 'robot_01' build argument 'catkin_cmake_args' from command line to 'None'
[0.316s] Level 5:colcon.colcon_core.verb:set package 'robot_01' build argument 'catkin_skip_building_tests' from command line to 'False'
[0.316s] DEBUG:colcon.colcon_core.verb:Building package 'robot_01' with the following arguments: {'ament_cmake_args': None, 'build_base': '/wolvi/build/robot_01', 'catkin_cmake_args': None, 'catkin_skip_building_tests': False, 'cmake_args': None, 'cmake_clean_cache': False, 'cmake_clean_first': False, 'cmake_force_configure': False, 'cmake_target': None, 'cmake_target_skip_unavailable': False, 'install_base': '/wolvi/install/robot_01', 'merge_install': False, 'path': '/wolvi/src/robot_01', 'symlink_install': False, 'test_result_base': None}
[0.316s] Level 5:colcon.colcon_core.verb:set package 'utils' build argument 'cmake_args' from command line to 'None'
[0.316s] Level 5:colcon.colcon_core.verb:set package 'utils' build argument 'cmake_target' from command line to 'None'
[0.316s] Level 5:colcon.colcon_core.verb:set package 'utils' build argument 'cmake_target_skip_unavailable' from command line to 'False'
[0.316s] Level 5:colcon.colcon_core.verb:set package 'utils' build argument 'cmake_clean_cache' from command line to 'False'
[0.316s] Level 5:colcon.colcon_core.verb:set package 'utils' build argument 'cmake_clean_first' from command line to 'False'
[0.316s] Level 5:colcon.colcon_core.verb:set package 'utils' build argument 'cmake_force_configure' from command line to 'False'
[0.316s] Level 5:colcon.colcon_core.verb:set package 'utils' build argument 'ament_cmake_args' from command line to 'None'
[0.316s] Level 5:colcon.colcon_core.verb:set package 'utils' build argument 'catkin_cmake_args' from command line to 'None'
[0.316s] Level 5:colcon.colcon_core.verb:set package 'utils' build argument 'catkin_skip_building_tests' from command line to 'False'
[0.316s] DEBUG:colcon.colcon_core.verb:Building package 'utils' with the following arguments: {'ament_cmake_args': None, 'build_base': '/wolvi/build/utils', 'catkin_cmake_args': None, 'catkin_skip_building_tests': False, 'cmake_args': None, 'cmake_clean_cache': False, 'cmake_clean_first': False, 'cmake_force_configure': False, 'cmake_target': None, 'cmake_target_skip_unavailable': False, 'install_base': '/wolvi/install/utils', 'merge_install': False, 'path': '/wolvi/src/utils', 'symlink_install': False, 'test_result_base': None}
[0.316s] Level 5:colcon.colcon_core.verb:set package 'tests' build argument 'cmake_args' from command line to 'None'
[0.316s] Level 5:colcon.colcon_core.verb:set package 'tests' build argument 'cmake_target' from command line to 'None'
[0.316s] Level 5:colcon.colcon_core.verb:set package 'tests' build argument 'cmake_target_skip_unavailable' from command line to 'False'
[0.316s] Level 5:colcon.colcon_core.verb:set package 'tests' build argument 'cmake_clean_cache' from command line to 'False'
[0.316s] Level 5:colcon.colcon_core.verb:set package 'tests' build argument 'cmake_clean_first' from command line to 'False'
[0.316s] Level 5:colcon.colcon_core.verb:set package 'tests' build argument 'cmake_force_configure' from command line to 'False'
[0.316s] Level 5:colcon.colcon_core.verb:set package 'tests' build argument 'ament_cmake_args' from command line to 'None'
[0.316s] Level 5:colcon.colcon_core.verb:set package 'tests' build argument 'catkin_cmake_args' from command line to 'None'
[0.317s] Level 5:colcon.colcon_core.verb:set package 'tests' build argument 'catkin_skip_building_tests' from command line to 'False'
[0.317s] DEBUG:colcon.colcon_core.verb:Building package 'tests' with the following arguments: {'ament_cmake_args': None, 'build_base': '/wolvi/build/tests', 'catkin_cmake_args': None, 'catkin_skip_building_tests': False, 'cmake_args': None, 'cmake_clean_cache': False, 'cmake_clean_first': False, 'cmake_force_configure': False, 'cmake_target': None, 'cmake_target_skip_unavailable': False, 'install_base': '/wolvi/install/tests', 'merge_install': False, 'path': '/wolvi/src/tests', 'symlink_install': False, 'test_result_base': None}
[0.317s] INFO:colcon.colcon_core.executor:Executing jobs using 'parallel' executor
[0.318s] DEBUG:colcon.colcon_parallel_executor.executor.parallel:run_until_complete
[0.318s] INFO:colcon.colcon_ros.task.ament_cmake.build:Building ROS package in '/wolvi/src/utils' with build type 'ament_cmake'
[0.318s] INFO:colcon.colcon_cmake.task.cmake.build:Building CMake package in '/wolvi/src/utils'
[0.321s] INFO:colcon.colcon_core.plugin_system:Skipping extension 'colcon_core.shell.bat': Not used on non-Windows systems
[0.321s] INFO:colcon.colcon_core.shell:Skip shell extension 'powershell' for command environment: Not usable outside of PowerShell
[0.321s] DEBUG:colcon.colcon_core.shell:Skip shell extension 'dsv' for command environment
[0.326s] INFO:colcon.colcon_ros.task.ament_cmake.build:Building ROS package in '/wolvi/src/computation_zone' with build type 'ament_cmake'
[0.326s] INFO:colcon.colcon_cmake.task.cmake.build:Building CMake package in '/wolvi/src/computation_zone'
[0.326s] INFO:colcon.colcon_core.shell:Skip shell extension 'powershell' for command environment: Not usable outside of PowerShell
[0.326s] DEBUG:colcon.colcon_core.shell:Skip shell extension 'dsv' for command environment
[0.330s] INFO:colcon.colcon_ros.task.ament_cmake.build:Building ROS package in '/wolvi/src/robot_01' with build type 'ament_cmake'
[0.331s] INFO:colcon.colcon_cmake.task.cmake.build:Building CMake package in '/wolvi/src/robot_01'
[0.331s] INFO:colcon.colcon_core.shell:Skip shell extension 'powershell' for command environment: Not usable outside of PowerShell
[0.331s] DEBUG:colcon.colcon_core.shell:Skip shell extension 'dsv' for command environment
[0.348s] DEBUG:colcon.colcon_core.event_handler.log_command:Invoking command in '/wolvi/build/utils': CMAKE_PREFIX_PATH=${CMAKE_PREFIX_PATH}:/opt/ros/humble /usr/bin/cmake --build /wolvi/build/utils -- -j16 -l16
[0.360s] DEBUG:colcon.colcon_core.event_handler.log_command:Invoking command in '/wolvi/build/computation_zone': CMAKE_PREFIX_PATH=${CMAKE_PREFIX_PATH}:/opt/ros/humble /usr/bin/cmake --build /wolvi/build/computation_zone -- -j16 -l16
[0.367s] DEBUG:colcon.colcon_core.event_handler.log_command:Invoking command in '/wolvi/build/robot_01': CMAKE_PREFIX_PATH=${CMAKE_PREFIX_PATH}:/opt/ros/humble /usr/bin/cmake --build /wolvi/build/robot_01 -- -j16 -l16
[0.426s] DEBUG:colcon.colcon_core.event_handler.log_command:Invoked command in '/wolvi/build/utils' returned '0': CMAKE_PREFIX_PATH=${CMAKE_PREFIX_PATH}:/opt/ros/humble /usr/bin/cmake --build /wolvi/build/utils -- -j16 -l16
[0.427s] DEBUG:colcon.colcon_core.event_handler.log_command:Invoked command in '/wolvi/build/robot_01' returned '0': CMAKE_PREFIX_PATH=${CMAKE_PREFIX_PATH}:/opt/ros/humble /usr/bin/cmake --build /wolvi/build/robot_01 -- -j16 -l16
[0.437s] DEBUG:colcon.colcon_core.event_handler.log_command:Invoked command in '/wolvi/build/computation_zone' returned '0': CMAKE_PREFIX_PATH=${CMAKE_PREFIX_PATH}:/opt/ros/humble /usr/bin/cmake --build /wolvi/build/computation_zone -- -j16 -l16
[0.486s] DEBUG:colcon.colcon_core.event_handler.log_command:Invoking command in '/wolvi/build/utils': CMAKE_PREFIX_PATH=${CMAKE_PREFIX_PATH}:/opt/ros/humble /usr/bin/cmake --install /wolvi/build/utils
[0.489s] DEBUG:colcon.colcon_core.event_handler.log_command:Invoking command in '/wolvi/build/robot_01': CMAKE_PREFIX_PATH=${CMAKE_PREFIX_PATH}:/opt/ros/humble /usr/bin/cmake --install /wolvi/build/robot_01
[0.497s] DEBUG:colcon.colcon_core.event_handler.log_command:Invoking command in '/wolvi/build/computation_zone': CMAKE_PREFIX_PATH=${CMAKE_PREFIX_PATH}:/opt/ros/humble /usr/bin/cmake --install /wolvi/build/computation_zone
[0.508s] Level 1:colcon.colcon_core.environment:create_environment_scripts_only(utils)
[0.509s] DEBUG:colcon.colcon_core.event_handler.log_command:Invoked command in '/wolvi/build/utils' returned '0': CMAKE_PREFIX_PATH=${CMAKE_PREFIX_PATH}:/opt/ros/humble /usr/bin/cmake --install /wolvi/build/utils
[0.515s] Level 1:colcon.colcon_core.environment:checking '/wolvi/install/utils' for CMake module files
[0.516s] Level 1:colcon.colcon_core.environment:checking '/wolvi/install/utils' for CMake config files
[0.517s] Level 1:colcon.colcon_core.shell:create_environment_hook('utils', 'cmake_prefix_path')
[0.517s] INFO:colcon.colcon_core.shell:Creating environment hook '/wolvi/install/utils/share/utils/hook/cmake_prefix_path.ps1'
[0.519s] INFO:colcon.colcon_core.shell:Creating environment descriptor '/wolvi/install/utils/share/utils/hook/cmake_prefix_path.dsv'
[0.519s] INFO:colcon.colcon_core.shell:Creating environment hook '/wolvi/install/utils/share/utils/hook/cmake_prefix_path.sh'
[0.520s] Level 1:colcon.colcon_core.environment:checking '/wolvi/install/utils/lib'
[0.520s] Level 1:colcon.colcon_core.environment:checking '/wolvi/install/utils/bin'
[0.520s] Level 1:colcon.colcon_core.environment:checking '/wolvi/install/utils/lib/pkgconfig/utils.pc'
[0.521s] Level 1:colcon.colcon_core.environment:checking '/wolvi/install/utils/lib/python3.10/site-packages'
[0.522s] Level 1:colcon.colcon_core.environment:checking '/wolvi/install/utils/bin'
[0.522s] INFO:colcon.colcon_core.shell:Creating package script '/wolvi/install/utils/share/utils/package.ps1'
[0.523s] INFO:colcon.colcon_core.shell:Creating package descriptor '/wolvi/install/utils/share/utils/package.dsv'
[0.523s] INFO:colcon.colcon_core.shell:Creating package script '/wolvi/install/utils/share/utils/package.sh'
[0.524s] INFO:colcon.colcon_core.shell:Creating package script '/wolvi/install/utils/share/utils/package.bash'
[0.524s] INFO:colcon.colcon_core.shell:Creating package script '/wolvi/install/utils/share/utils/package.zsh'
[0.525s] Level 1:colcon.colcon_core.environment:create_file_with_runtime_dependencies(/wolvi/install/utils/share/colcon-core/packages/utils)
[0.526s] Level 1:colcon.colcon_core.environment:create_environment_scripts_only(robot_01)
[0.527s] Level 1:colcon.colcon_core.environment:checking '/wolvi/install/robot_01' for CMake module files
[0.527s] DEBUG:colcon.colcon_core.event_handler.log_command:Invoked command in '/wolvi/build/robot_01' returned '0': CMAKE_PREFIX_PATH=${CMAKE_PREFIX_PATH}:/opt/ros/humble /usr/bin/cmake --install /wolvi/build/robot_01
[0.528s] Level 1:colcon.colcon_core.environment:checking '/wolvi/install/robot_01' for CMake config files
[0.528s] Level 1:colcon.colcon_core.shell:create_environment_hook('robot_01', 'cmake_prefix_path')
[0.528s] INFO:colcon.colcon_core.shell:Creating environment hook '/wolvi/install/robot_01/share/robot_01/hook/cmake_prefix_path.ps1'
[0.529s] INFO:colcon.colcon_core.shell:Creating environment descriptor '/wolvi/install/robot_01/share/robot_01/hook/cmake_prefix_path.dsv'
[0.529s] INFO:colcon.colcon_core.shell:Creating environment hook '/wolvi/install/robot_01/share/robot_01/hook/cmake_prefix_path.sh'
[0.529s] Level 1:colcon.colcon_core.environment:checking '/wolvi/install/robot_01/lib'
[0.529s] Level 1:colcon.colcon_core.environment:checking '/wolvi/install/robot_01/bin'
[0.529s] Level 1:colcon.colcon_core.environment:checking '/wolvi/install/robot_01/lib/pkgconfig/robot_01.pc'
[0.530s] Level 1:colcon.colcon_core.environment:checking '/wolvi/install/robot_01/lib/python3.10/site-packages'
[0.530s] Level 1:colcon.colcon_core.environment:checking '/wolvi/install/robot_01/bin'
[0.530s] INFO:colcon.colcon_core.shell:Creating package script '/wolvi/install/robot_01/share/robot_01/package.ps1'
[0.530s] INFO:colcon.colcon_core.shell:Creating package descriptor '/wolvi/install/robot_01/share/robot_01/package.dsv'
[0.531s] INFO:colcon.colcon_core.shell:Creating package script '/wolvi/install/robot_01/share/robot_01/package.sh'
[0.531s] INFO:colcon.colcon_core.shell:Creating package script '/wolvi/install/robot_01/share/robot_01/package.bash'
[0.531s] INFO:colcon.colcon_core.shell:Creating package script '/wolvi/install/robot_01/share/robot_01/package.zsh'
[0.532s] Level 1:colcon.colcon_core.environment:create_file_with_runtime_dependencies(/wolvi/install/robot_01/share/colcon-core/packages/robot_01)
[0.534s] Level 1:colcon.colcon_core.environment:create_environment_scripts_only(computation_zone)
[0.534s] Level 1:colcon.colcon_core.environment:checking '/wolvi/install/computation_zone' for CMake module files
[0.535s] DEBUG:colcon.colcon_core.event_handler.log_command:Invoked command in '/wolvi/build/computation_zone' returned '0': CMAKE_PREFIX_PATH=${CMAKE_PREFIX_PATH}:/opt/ros/humble /usr/bin/cmake --install /wolvi/build/computation_zone
[0.535s] Level 1:colcon.colcon_core.environment:checking '/wolvi/install/computation_zone' for CMake config files
[0.535s] Level 1:colcon.colcon_core.shell:create_environment_hook('computation_zone', 'cmake_prefix_path')
[0.536s] INFO:colcon.colcon_core.shell:Creating environment hook '/wolvi/install/computation_zone/share/computation_zone/hook/cmake_prefix_path.ps1'
[0.536s] INFO:colcon.colcon_core.shell:Creating environment descriptor '/wolvi/install/computation_zone/share/computation_zone/hook/cmake_prefix_path.dsv'
[0.537s] INFO:colcon.colcon_core.shell:Creating environment hook '/wolvi/install/computation_zone/share/computation_zone/hook/cmake_prefix_path.sh'
[0.538s] Level 1:colcon.colcon_core.environment:checking '/wolvi/install/computation_zone/bin'
[0.538s] Level 1:colcon.colcon_core.environment:checking '/wolvi/install/computation_zone/lib/pkgconfig/computation_zone.pc'
[0.539s] Level 1:colcon.colcon_core.environment:checking '/wolvi/install/computation_zone/lib/python3.10/site-packages'
[0.539s] Level 1:colcon.colcon_core.environment:checking '/wolvi/install/computation_zone/bin'
[0.540s] INFO:colcon.colcon_core.shell:Creating package script '/wolvi/install/computation_zone/share/computation_zone/package.ps1'
[0.541s] INFO:colcon.colcon_core.shell:Creating package descriptor '/wolvi/install/computation_zone/share/computation_zone/package.dsv'
[0.541s] INFO:colcon.colcon_core.shell:Creating package script '/wolvi/install/computation_zone/share/computation_zone/package.sh'
[0.542s] INFO:colcon.colcon_core.shell:Creating package script '/wolvi/install/computation_zone/share/computation_zone/package.bash'
[0.543s] INFO:colcon.colcon_core.shell:Creating package script '/wolvi/install/computation_zone/share/computation_zone/package.zsh'
[0.543s] Level 1:colcon.colcon_core.environment:create_file_with_runtime_dependencies(/wolvi/install/computation_zone/share/colcon-core/packages/computation_zone)
[0.574s] Level 1:colcon.colcon_core.environment:create_environment_scripts_only(utils)
[0.575s] Level 1:colcon.colcon_core.environment:checking '/wolvi/install/utils' for CMake module files
[0.576s] Level 1:colcon.colcon_core.environment:checking '/wolvi/install/utils' for CMake config files
[0.577s] Level 1:colcon.colcon_core.shell:create_environment_hook('utils', 'cmake_prefix_path')
[0.577s] INFO:colcon.colcon_core.shell:Creating environment hook '/wolvi/install/utils/share/utils/hook/cmake_prefix_path.ps1'
[0.578s] INFO:colcon.colcon_core.shell:Creating environment descriptor '/wolvi/install/utils/share/utils/hook/cmake_prefix_path.dsv'
[0.579s] INFO:colcon.colcon_core.shell:Creating environment hook '/wolvi/install/utils/share/utils/hook/cmake_prefix_path.sh'
[0.581s] Level 1:colcon.colcon_core.environment:checking '/wolvi/install/utils/lib'
[0.581s] Level 1:colcon.colcon_core.environment:checking '/wolvi/install/utils/bin'
[0.581s] Level 1:colcon.colcon_core.environment:checking '/wolvi/install/utils/lib/pkgconfig/utils.pc'
[0.582s] Level 1:colcon.colcon_core.environment:checking '/wolvi/install/utils/lib/python3.10/site-packages'
[0.583s] Level 1:colcon.colcon_core.environment:checking '/wolvi/install/utils/bin'
[0.583s] INFO:colcon.colcon_core.shell:Creating package script '/wolvi/install/utils/share/utils/package.ps1'
[0.585s] INFO:colcon.colcon_core.shell:Creating package descriptor '/wolvi/install/utils/share/utils/package.dsv'
[0.585s] INFO:colcon.colcon_core.shell:Creating package script '/wolvi/install/utils/share/utils/package.sh'
[0.585s] INFO:colcon.colcon_core.shell:Creating package script '/wolvi/install/utils/share/utils/package.bash'
[0.586s] INFO:colcon.colcon_core.shell:Creating package script '/wolvi/install/utils/share/utils/package.zsh'
[0.586s] Level 1:colcon.colcon_core.environment:create_file_with_runtime_dependencies(/wolvi/install/utils/share/colcon-core/packages/utils)
[0.586s] INFO:colcon.colcon_ros.task.ament_cmake.build:Building ROS package in '/wolvi/src/tests' with build type 'ament_cmake'
[0.587s] INFO:colcon.colcon_cmake.task.cmake.build:Building CMake package in '/wolvi/src/tests'
[0.587s] INFO:colcon.colcon_core.shell:Skip shell extension 'powershell' for command environment: Not usable outside of PowerShell
[0.587s] DEBUG:colcon.colcon_core.shell:Skip shell extension 'dsv' for command environment
[0.592s] Level 1:colcon.colcon_core.environment:create_environment_scripts_only(robot_01)
[0.592s] Level 1:colcon.colcon_core.environment:checking '/wolvi/install/robot_01' for CMake module files
[0.593s] Level 1:colcon.colcon_core.environment:checking '/wolvi/install/robot_01' for CMake config files
[0.593s] Level 1:colcon.colcon_core.shell:create_environment_hook('robot_01', 'cmake_prefix_path')
[0.593s] INFO:colcon.colcon_core.shell:Creating environment hook '/wolvi/install/robot_01/share/robot_01/hook/cmake_prefix_path.ps1'
[0.594s] INFO:colcon.colcon_core.shell:Creating environment descriptor '/wolvi/install/robot_01/share/robot_01/hook/cmake_prefix_path.dsv'
[0.594s] INFO:colcon.colcon_core.shell:Creating environment hook '/wolvi/install/robot_01/share/robot_01/hook/cmake_prefix_path.sh'
[0.594s] Level 1:colcon.colcon_core.environment:checking '/wolvi/install/robot_01/lib'
[0.595s] Level 1:colcon.colcon_core.environment:checking '/wolvi/install/robot_01/bin'
[0.595s] Level 1:colcon.colcon_core.environment:checking '/wolvi/install/robot_01/lib/pkgconfig/robot_01.pc'
[0.595s] Level 1:colcon.colcon_core.environment:checking '/wolvi/install/robot_01/lib/python3.10/site-packages'
[0.595s] Level 1:colcon.colcon_core.environment:checking '/wolvi/install/robot_01/bin'
[0.595s] INFO:colcon.colcon_core.shell:Creating package script '/wolvi/install/robot_01/share/robot_01/package.ps1'
[0.596s] INFO:colcon.colcon_core.shell:Creating package descriptor '/wolvi/install/robot_01/share/robot_01/package.dsv'
[0.596s] INFO:colcon.colcon_core.shell:Creating package script '/wolvi/install/robot_01/share/robot_01/package.sh'
[0.597s] INFO:colcon.colcon_core.shell:Creating package script '/wolvi/install/robot_01/share/robot_01/package.bash'
[0.597s] INFO:colcon.colcon_core.shell:Creating package script '/wolvi/install/robot_01/share/robot_01/package.zsh'
[0.597s] Level 1:colcon.colcon_core.environment:create_file_with_runtime_dependencies(/wolvi/install/robot_01/share/colcon-core/packages/robot_01)
[0.599s] Level 1:colcon.colcon_core.environment:create_environment_scripts_only(computation_zone)
[0.599s] Level 1:colcon.colcon_core.environment:checking '/wolvi/install/computation_zone' for CMake module files
[0.600s] Level 1:colcon.colcon_core.environment:checking '/wolvi/install/computation_zone' for CMake config files
[0.600s] Level 1:colcon.colcon_core.shell:create_environment_hook('computation_zone', 'cmake_prefix_path')
[0.601s] INFO:colcon.colcon_core.shell:Creating environment hook '/wolvi/install/computation_zone/share/computation_zone/hook/cmake_prefix_path.ps1'
[0.602s] INFO:colcon.colcon_core.shell:Creating environment descriptor '/wolvi/install/computation_zone/share/computation_zone/hook/cmake_prefix_path.dsv'
[0.602s] INFO:colcon.colcon_core.shell:Creating environment hook '/wolvi/install/computation_zone/share/computation_zone/hook/cmake_prefix_path.sh'
[0.603s] Level 1:colcon.colcon_core.environment:checking '/wolvi/install/computation_zone/bin'
[0.604s] Level 1:colcon.colcon_core.environment:checking '/wolvi/install/computation_zone/lib/pkgconfig/computation_zone.pc'
[0.604s] Level 1:colcon.colcon_core.environment:checking '/wolvi/install/computation_zone/lib/python3.10/site-packages'
[0.604s] Level 1:colcon.colcon_core.environment:checking '/wolvi/install/computation_zone/bin'
[0.605s] INFO:colcon.colcon_core.shell:Creating package script '/wolvi/install/computation_zone/share/computation_zone/package.ps1'
[0.606s] INFO:colcon.colcon_core.shell:Creating package descriptor '/wolvi/install/computation_zone/share/computation_zone/package.dsv'
[0.607s] INFO:colcon.colcon_core.shell:Creating package script '/wolvi/install/computation_zone/share/computation_zone/package.sh'
[0.607s] INFO:colcon.colcon_core.shell:Creating package script '/wolvi/install/computation_zone/share/computation_zone/package.bash'
[0.608s] INFO:colcon.colcon_core.shell:Creating package script '/wolvi/install/computation_zone/share/computation_zone/package.zsh'
[0.609s] Level 1:colcon.colcon_core.environment:create_file_with_runtime_dependencies(/wolvi/install/computation_zone/share/colcon-core/packages/computation_zone)
[0.615s] DEBUG:colcon.colcon_core.event_handler.log_command:Invoking command in '/wolvi/build/tests': CMAKE_PREFIX_PATH=/wolvi/install/utils:/wolvi/install/tests:/wolvi/install/robot_01:/wolvi/install/computation_zone:/opt/ros/humble /usr/bin/cmake --build /wolvi/build/tests -- -j16 -l16
[0.700s] DEBUG:colcon.colcon_core.event_handler.log_command:Invoked command in '/wolvi/build/tests' returned '0': CMAKE_PREFIX_PATH=/wolvi/install/utils:/wolvi/install/tests:/wolvi/install/robot_01:/wolvi/install/computation_zone:/opt/ros/humble /usr/bin/cmake --build /wolvi/build/tests -- -j16 -l16
[0.742s] DEBUG:colcon.colcon_core.event_handler.log_command:Invoking command in '/wolvi/build/tests': CMAKE_PREFIX_PATH=/wolvi/install/utils:/wolvi/install/tests:/wolvi/install/robot_01:/wolvi/install/computation_zone:/opt/ros/humble /usr/bin/cmake --install /wolvi/build/tests
[0.762s] Level 1:colcon.colcon_core.environment:create_environment_scripts_only(tests)
[0.762s] Level 1:colcon.colcon_core.environment:checking '/wolvi/install/tests' for CMake module files
[0.763s] DEBUG:colcon.colcon_core.event_handler.log_command:Invoked command in '/wolvi/build/tests' returned '0': CMAKE_PREFIX_PATH=/wolvi/install/utils:/wolvi/install/tests:/wolvi/install/robot_01:/wolvi/install/computation_zone:/opt/ros/humble /usr/bin/cmake --install /wolvi/build/tests
[0.764s] Level 1:colcon.colcon_core.environment:checking '/wolvi/install/tests' for CMake config files
[0.764s] Level 1:colcon.colcon_core.shell:create_environment_hook('tests', 'cmake_prefix_path')
[0.765s] INFO:colcon.colcon_core.shell:Creating environment hook '/wolvi/install/tests/share/tests/hook/cmake_prefix_path.ps1'
[0.765s] INFO:colcon.colcon_core.shell:Creating environment descriptor '/wolvi/install/tests/share/tests/hook/cmake_prefix_path.dsv'
[0.766s] INFO:colcon.colcon_core.shell:Creating environment hook '/wolvi/install/tests/share/tests/hook/cmake_prefix_path.sh'
[0.767s] Level 1:colcon.colcon_core.environment:checking '/wolvi/install/tests/bin'
[0.767s] Level 1:colcon.colcon_core.environment:checking '/wolvi/install/tests/lib/pkgconfig/tests.pc'
[0.767s] Level 1:colcon.colcon_core.environment:checking '/wolvi/install/tests/lib/python3.10/site-packages'
[0.768s] Level 1:colcon.colcon_core.environment:checking '/wolvi/install/tests/bin'
[0.768s] INFO:colcon.colcon_core.shell:Creating package script '/wolvi/install/tests/share/tests/package.ps1'
[0.769s] INFO:colcon.colcon_core.shell:Creating package descriptor '/wolvi/install/tests/share/tests/package.dsv'
[0.770s] INFO:colcon.colcon_core.shell:Creating package script '/wolvi/install/tests/share/tests/package.sh'
[0.770s] INFO:colcon.colcon_core.shell:Creating package script '/wolvi/install/tests/share/tests/package.bash'
[0.771s] INFO:colcon.colcon_core.shell:Creating package script '/wolvi/install/tests/share/tests/package.zsh'
[0.771s] Level 1:colcon.colcon_core.environment:create_file_with_runtime_dependencies(/wolvi/install/tests/share/colcon-core/packages/tests)
[0.825s] Level 1:colcon.colcon_core.environment:create_environment_scripts_only(tests)
[0.825s] Level 1:colcon.colcon_core.environment:checking '/wolvi/install/tests' for CMake module files
[0.827s] Level 1:colcon.colcon_core.environment:checking '/wolvi/install/tests' for CMake config files
[0.827s] Level 1:colcon.colcon_core.shell:create_environment_hook('tests', 'cmake_prefix_path')
[0.828s] INFO:colcon.colcon_core.shell:Creating environment hook '/wolvi/install/tests/share/tests/hook/cmake_prefix_path.ps1'
[0.829s] INFO:colcon.colcon_core.shell:Creating environment descriptor '/wolvi/install/tests/share/tests/hook/cmake_prefix_path.dsv'
[0.830s] INFO:colcon.colcon_core.shell:Creating environment hook '/wolvi/install/tests/share/tests/hook/cmake_prefix_path.sh'
[0.831s] Level 1:colcon.colcon_core.environment:checking '/wolvi/install/tests/bin'
[0.831s] Level 1:colcon.colcon_core.environment:checking '/wolvi/install/tests/lib/pkgconfig/tests.pc'
[0.832s] Level 1:colcon.colcon_core.environment:checking '/wolvi/install/tests/lib/python3.10/site-packages'
[0.832s] Level 1:colcon.colcon_core.environment:checking '/wolvi/install/tests/bin'
[0.833s] INFO:colcon.colcon_core.shell:Creating package script '/wolvi/install/tests/share/tests/package.ps1'
[0.834s] INFO:colcon.colcon_core.shell:Creating package descriptor '/wolvi/install/tests/share/tests/package.dsv'
[0.835s] INFO:colcon.colcon_core.shell:Creating package script '/wolvi/install/tests/share/tests/package.sh'
[0.836s] INFO:colcon.colcon_core.shell:Creating package script '/wolvi/install/tests/share/tests/package.bash'
[0.836s] INFO:colcon.colcon_core.shell:Creating package script '/wolvi/install/tests/share/tests/package.zsh'
[0.836s] Level 1:colcon.colcon_core.environment:create_file_with_runtime_dependencies(/wolvi/install/tests/share/colcon-core/packages/tests)
[0.837s] DEBUG:colcon.colcon_parallel_executor.executor.parallel:closing loop
[0.837s] DEBUG:colcon.colcon_parallel_executor.executor.parallel:loop closed
[0.837s] DEBUG:colcon.colcon_parallel_executor.executor.parallel:run_until_complete finished with '0'
[0.837s] DEBUG:colcon.colcon_core.event_reactor:joining thread
[0.849s] INFO:colcon.colcon_core.plugin_system:Skipping extension 'colcon_notification.desktop_notification.notify_send': Could not find 'notify-send'
[0.849s] INFO:colcon.colcon_core.plugin_system:Skipping extension 'colcon_notification.desktop_notification.terminal_notifier': Not used on non-Darwin systems
[0.849s] INFO:colcon.colcon_core.plugin_system:Skipping extension 'colcon_notification.desktop_notification.win32': Not used on non-Windows systems
[0.849s] INFO:colcon.colcon_notification.desktop_notification:Sending desktop notification using 'notify2'
[0.874s] DEBUG:colcon.colcon_notification.desktop_notification.notify2:Failed to initialize notify2: org.freedesktop.DBus.Error.ServiceUnknown: The name org.freedesktop.Notifications was not provided by any .service files
[0.875s] DEBUG:colcon.colcon_core.event_reactor:joined thread
[0.876s] INFO:colcon.colcon_core.shell:Creating prefix script '/wolvi/install/local_setup.ps1'
[0.879s] INFO:colcon.colcon_core.shell:Creating prefix util module '/wolvi/install/_local_setup_util_ps1.py'
[0.883s] INFO:colcon.colcon_core.shell:Creating prefix chain script '/wolvi/install/setup.ps1'
[0.885s] INFO:colcon.colcon_core.shell:Creating prefix script '/wolvi/install/local_setup.sh'
[0.885s] INFO:colcon.colcon_core.shell:Creating prefix util module '/wolvi/install/_local_setup_util_sh.py'
[0.886s] INFO:colcon.colcon_core.shell:Creating prefix chain script '/wolvi/install/setup.sh'
[0.887s] INFO:colcon.colcon_core.shell:Creating prefix script '/wolvi/install/local_setup.bash'
[0.887s] INFO:colcon.colcon_core.shell:Creating prefix chain script '/wolvi/install/setup.bash'
[0.888s] INFO:colcon.colcon_core.shell:Creating prefix script '/wolvi/install/local_setup.zsh'
[0.888s] INFO:colcon.colcon_core.shell:Creating prefix chain script '/wolvi/install/setup.zsh'
