[0.019s] Invoking command in '/wolvi/build/robot_01': CMAKE_PREFIX_PATH=/opt/ros/humble /usr/bin/cmake /wolvi/src/robot_01 -DCMAKE_INSTALL_PREFIX=/wolvi/install/robot_01
[0.124s] -- The C compiler identification is GNU 11.4.0
[0.209s] -- The CXX compiler identification is GNU 11.4.0
[0.225s] -- Detecting C compiler ABI info
[0.342s] -- Detecting C compiler ABI info - done
[0.358s] -- Check for working C compiler: /usr/bin/cc - skipped
[0.358s] -- Detecting C compile features
[0.359s] -- Detecting C compile features - done
[0.361s] -- Detecting CXX compiler ABI info
[0.509s] -- Detecting CXX compiler ABI info - done
[0.519s] -- Check for working CXX compiler: /usr/bin/c++ - skipped
[0.519s] -- Detecting CXX compile features
[0.519s] -- Detecting CXX compile features - done
[0.523s] -- Found ament_cmake: 1.3.10 (/opt/ros/humble/share/ament_cmake/cmake)
[0.717s] -- Found Python3: /usr/bin/python3 (found version "3.10.12") found components: Interpreter 
[0.823s] -- Found rclpy: 3.3.14 (/opt/ros/humble/share/rclpy/cmake)
[0.825s] -- Found rclcpp: 16.0.10 (/opt/ros/humble/share/rclcpp/cmake)
[0.868s] -- Found rosidl_generator_c: 3.1.5 (/opt/ros/humble/share/rosidl_generator_c/cmake)
[0.874s] -- Found rosidl_adapter: 3.1.5 (/opt/ros/humble/share/rosidl_adapter/cmake)
[0.883s] -- Found rosidl_generator_cpp: 3.1.5 (/opt/ros/humble/share/rosidl_generator_cpp/cmake)
[0.897s] -- Using all available rosidl_typesupport_c: rosidl_typesupport_fastrtps_c;rosidl_typesupport_introspection_c
[0.916s] -- Using all available rosidl_typesupport_cpp: rosidl_typesupport_fastrtps_cpp;rosidl_typesupport_introspection_cpp
[0.960s] -- Found rmw_implementation_cmake: 6.1.2 (/opt/ros/humble/share/rmw_implementation_cmake/cmake)
[0.963s] -- Found rmw_fastrtps_cpp: 6.2.7 (/opt/ros/humble/share/rmw_fastrtps_cpp/cmake)
[1.140s] -- Found OpenSSL: /usr/lib/x86_64-linux-gnu/libcrypto.so (found version "3.0.2")  
[1.187s] -- Found FastRTPS: /opt/ros/humble/include  
[1.256s] -- Using RMW implementation 'rmw_fastrtps_cpp' as default
[1.269s] -- Looking for pthread.h
[1.393s] -- Looking for pthread.h - found
[1.393s] -- Performing Test CMAKE_HAVE_LIBC_PTHREAD
[1.536s] -- Performing Test CMAKE_HAVE_LIBC_PTHREAD - Success
[1.539s] -- Found Threads: TRUE  
[1.593s] -- Found ament_lint_auto: 0.12.11 (/opt/ros/humble/share/ament_lint_auto/cmake)
[1.698s] -- Added test 'cppcheck' to perform static code analysis on C / C++ code
[1.698s] -- Configured cppcheck include dirs: 
[1.698s] -- Configured cppcheck exclude dirs and/or files: 
[1.701s] -- Added test 'flake8' to check Python code syntax and style conventions
[1.705s] -- Added test 'lint_cmake' to check CMake code style
[1.708s] -- Added test 'pep257' to check Python code against some of the docstring style conventions in PEP 257
[1.725s] -- Added test 'uncrustify' to check C / C++ code style
[1.725s] -- Configured uncrustify additional arguments: 
[1.727s] -- Added test 'xmllint' to check XML markup files
[1.729s] -- Configuring done
[1.736s] -- Generating done
[1.738s] -- Build files have been written to: /wolvi/build/robot_01
[1.748s] Invoked command in '/wolvi/build/robot_01' returned '0': CMAKE_PREFIX_PATH=/opt/ros/humble /usr/bin/cmake /wolvi/src/robot_01 -DCMAKE_INSTALL_PREFIX=/wolvi/install/robot_01
[1.752s] Invoking command in '/wolvi/build/robot_01': CMAKE_PREFIX_PATH=/opt/ros/humble /usr/bin/cmake --build /wolvi/build/robot_01 -- -j16 -l16
[1.831s] Invoked command in '/wolvi/build/robot_01' returned '0': CMAKE_PREFIX_PATH=/opt/ros/humble /usr/bin/cmake --build /wolvi/build/robot_01 -- -j16 -l16
[1.904s] Invoking command in '/wolvi/build/robot_01': CMAKE_PREFIX_PATH=/opt/ros/humble /usr/bin/cmake --install /wolvi/build/robot_01
[1.916s] -- Install configuration: ""
[1.917s] -- Installing: /wolvi/install/robot_01/lib/robot_01/simple_publisher.py
[1.917s] -- Installing: /wolvi/install/robot_01/share/ament_index/resource_index/package_run_dependencies/robot_01
[1.917s] -- Installing: /wolvi/install/robot_01/share/ament_index/resource_index/parent_prefix_path/robot_01
[1.917s] -- Installing: /wolvi/install/robot_01/share/robot_01/environment/ament_prefix_path.sh
[1.917s] -- Installing: /wolvi/install/robot_01/share/robot_01/environment/ament_prefix_path.dsv
[1.918s] -- Installing: /wolvi/install/robot_01/share/robot_01/environment/path.sh
[1.918s] -- Installing: /wolvi/install/robot_01/share/robot_01/environment/path.dsv
[1.918s] -- Installing: /wolvi/install/robot_01/share/robot_01/local_setup.bash
[1.918s] -- Installing: /wolvi/install/robot_01/share/robot_01/local_setup.sh
[1.918s] -- Installing: /wolvi/install/robot_01/share/robot_01/local_setup.zsh
[1.919s] -- Installing: /wolvi/install/robot_01/share/robot_01/local_setup.dsv
[1.919s] -- Installing: /wolvi/install/robot_01/share/robot_01/package.dsv
[1.919s] -- Installing: /wolvi/install/robot_01/share/ament_index/resource_index/packages/robot_01
[1.919s] -- Installing: /wolvi/install/robot_01/share/robot_01/cmake/robot_01Config.cmake
[1.919s] -- Installing: /wolvi/install/robot_01/share/robot_01/cmake/robot_01Config-version.cmake
[1.920s] -- Installing: /wolvi/install/robot_01/share/robot_01/package.xml
[1.923s] Invoked command in '/wolvi/build/robot_01' returned '0': CMAKE_PREFIX_PATH=/opt/ros/humble /usr/bin/cmake --install /wolvi/build/robot_01
