[0.310s] Invoking command in '/wolvi/src/build/rplidar_ros': CMAKE_PREFIX_PATH=${CMAKE_PREFIX_PATH}:/wolvi/install/lidar:/opt/ros/humble /usr/bin/cmake --build /wolvi/src/build/rplidar_ros -- -j8 -l8
[0.373s] [  5%] Built target rplidar_client
[0.373s] [ 86%] Built target rplidar_node
[0.374s] [100%] Built target rplidar_composition
[0.381s] Invoked command in '/wolvi/src/build/rplidar_ros' returned '0': CMAKE_PREFIX_PATH=${CMAKE_PREFIX_PATH}:/wolvi/install/lidar:/opt/ros/humble /usr/bin/cmake --build /wolvi/src/build/rplidar_ros -- -j8 -l8
[0.383s] Invoking command in '/wolvi/src/build/rplidar_ros': CMAKE_PREFIX_PATH=${CMAKE_PREFIX_PATH}:/wolvi/install/lidar:/opt/ros/humble /usr/bin/cmake --install /wolvi/src/build/rplidar_ros
[0.393s] -- Install configuration: ""
[0.393s] -- Up-to-date: /wolvi/src/install/rplidar_ros/share/rplidar_ros/launch
[0.393s] -- Up-to-date: /wolvi/src/install/rplidar_ros/share/rplidar_ros/launch/view_rplidar_c1_launch.py
[0.393s] -- Up-to-date: /wolvi/src/install/rplidar_ros/share/rplidar_ros/launch/rplidar_s1_launch.py
[0.393s] -- Up-to-date: /wolvi/src/install/rplidar_ros/share/rplidar_ros/launch/view_rplidar_s3_launch.py
[0.393s] -- Up-to-date: /wolvi/src/install/rplidar_ros/share/rplidar_ros/launch/view_rplidar_a2m12_launch.py
[0.393s] -- Up-to-date: /wolvi/src/install/rplidar_ros/share/rplidar_ros/launch/view_rplidar_a1_launch.py
[0.393s] -- Up-to-date: /wolvi/src/install/rplidar_ros/share/rplidar_ros/launch/view_rplidar_a2m8_launch.py
[0.393s] -- Up-to-date: /wolvi/src/install/rplidar_ros/share/rplidar_ros/launch/view_rplidar_a3_launch.py
[0.393s] -- Up-to-date: /wolvi/src/install/rplidar_ros/share/rplidar_ros/launch/rplidar_a1_launch.py
[0.393s] -- Up-to-date: /wolvi/src/install/rplidar_ros/share/rplidar_ros/launch/view_rplidar_s2e_launch.py
[0.393s] -- Up-to-date: /wolvi/src/install/rplidar_ros/share/rplidar_ros/launch/rplidar_t1_launch.py
[0.393s] -- Up-to-date: /wolvi/src/install/rplidar_ros/share/rplidar_ros/launch/rplidar_a2m8_launch.py
[0.393s] -- Up-to-date: /wolvi/src/install/rplidar_ros/share/rplidar_ros/launch/rplidar_a3_launch.py
[0.395s] -- Up-to-date: /wolvi/src/install/rplidar_ros/share/rplidar_ros/launch/rplidar_a2m7_launch.py
[0.396s] -- Up-to-date: /wolvi/src/install/rplidar_ros/share/rplidar_ros/launch/view_rplidar_t1_launch.py
[0.396s] -- Up-to-date: /wolvi/src/install/rplidar_ros/share/rplidar_ros/launch/rplidar_a2m12_launch.py
[0.396s] -- Up-to-date: /wolvi/src/install/rplidar_ros/share/rplidar_ros/launch/view_rplidar_s1_launch.py
[0.396s] -- Up-to-date: /wolvi/src/install/rplidar_ros/share/rplidar_ros/launch/rplidar_c1_launch.py
[0.396s] -- Up-to-date: /wolvi/src/install/rplidar_ros/share/rplidar_ros/launch/rplidar_s2_launch.py
[0.396s] -- Up-to-date: /wolvi/src/install/rplidar_ros/share/rplidar_ros/launch/rplidar_s3_launch.py
[0.396s] -- Up-to-date: /wolvi/src/install/rplidar_ros/share/rplidar_ros/launch/view_rplidar_s1_tcp_launch.py
[0.396s] -- Up-to-date: /wolvi/src/install/rplidar_ros/share/rplidar_ros/launch/rplidar_s2e_launch.py
[0.396s] -- Up-to-date: /wolvi/src/install/rplidar_ros/share/rplidar_ros/launch/view_rplidar_a2m7_launch.py
[0.396s] -- Up-to-date: /wolvi/src/install/rplidar_ros/share/rplidar_ros/launch/rplidar_s1_tcp_launch.py
[0.396s] -- Up-to-date: /wolvi/src/install/rplidar_ros/share/rplidar_ros/launch/view_rplidar_s2_launch.py
[0.396s] -- Up-to-date: /wolvi/src/install/rplidar_ros/share/rplidar_ros/rviz
[0.396s] -- Up-to-date: /wolvi/src/install/rplidar_ros/share/rplidar_ros/rviz/rplidar_ros.rviz
[0.396s] -- Up-to-date: /wolvi/src/install/rplidar_ros/lib/rplidar_ros/rplidar_node
[0.396s] -- Up-to-date: /wolvi/src/install/rplidar_ros/lib/rplidar_ros/rplidar_composition
[0.396s] -- Up-to-date: /wolvi/src/install/rplidar_ros/lib/rplidar_ros/rplidar_client
[0.396s] -- Up-to-date: /wolvi/src/install/rplidar_ros/share/ament_index/resource_index/package_run_dependencies/rplidar_ros
[0.396s] -- Up-to-date: /wolvi/src/install/rplidar_ros/share/ament_index/resource_index/parent_prefix_path/rplidar_ros
[0.396s] -- Up-to-date: /wolvi/src/install/rplidar_ros/share/rplidar_ros/environment/ament_prefix_path.sh
[0.397s] -- Up-to-date: /wolvi/src/install/rplidar_ros/share/rplidar_ros/environment/ament_prefix_path.dsv
[0.397s] -- Up-to-date: /wolvi/src/install/rplidar_ros/share/rplidar_ros/environment/path.sh
[0.397s] -- Up-to-date: /wolvi/src/install/rplidar_ros/share/rplidar_ros/environment/path.dsv
[0.397s] -- Up-to-date: /wolvi/src/install/rplidar_ros/share/rplidar_ros/local_setup.bash
[0.397s] -- Up-to-date: /wolvi/src/install/rplidar_ros/share/rplidar_ros/local_setup.sh
[0.397s] -- Up-to-date: /wolvi/src/install/rplidar_ros/share/rplidar_ros/local_setup.zsh
[0.397s] -- Up-to-date: /wolvi/src/install/rplidar_ros/share/rplidar_ros/local_setup.dsv
[0.397s] -- Installing: /wolvi/src/install/rplidar_ros/share/rplidar_ros/package.dsv
[0.397s] -- Up-to-date: /wolvi/src/install/rplidar_ros/share/ament_index/resource_index/packages/rplidar_ros
[0.397s] -- Up-to-date: /wolvi/src/install/rplidar_ros/share/rplidar_ros/cmake/ament_cmake_export_dependencies-extras.cmake
[0.397s] -- Up-to-date: /wolvi/src/install/rplidar_ros/share/rplidar_ros/cmake/ament_cmake_export_include_directories-extras.cmake
[0.397s] -- Up-to-date: /wolvi/src/install/rplidar_ros/share/rplidar_ros/cmake/rplidar_rosConfig.cmake
[0.397s] -- Up-to-date: /wolvi/src/install/rplidar_ros/share/rplidar_ros/cmake/rplidar_rosConfig-version.cmake
[0.397s] -- Up-to-date: /wolvi/src/install/rplidar_ros/share/rplidar_ros/package.xml
[0.412s] Invoked command in '/wolvi/src/build/rplidar_ros' returned '0': CMAKE_PREFIX_PATH=${CMAKE_PREFIX_PATH}:/wolvi/install/lidar:/opt/ros/humble /usr/bin/cmake --install /wolvi/src/build/rplidar_ros
