[0.024s] Invoking command in '/wolvi/src/build/utils': CMAKE_PREFIX_PATH=${CMAKE_PREFIX_PATH}:/wolvi/install/lidar:/opt/ros/humble /usr/bin/cmake /wolvi/src/utils -DCMAKE_INSTALL_PREFIX=/wolvi/src/install/utils
[0.358s] -- The C compiler identification is GNU 11.4.0
[0.358s] -- The CXX compiler identification is GNU 11.4.0
[0.358s] -- Detecting C compiler ABI info
[0.358s] -- Detecting C compiler ABI info - done
[0.358s] -- Check for working C compiler: /usr/bin/cc - skipped
[0.358s] -- Detecting C compile features
[0.358s] -- Detecting C compile features - done
[0.358s] -- Detecting CXX compiler ABI info
[0.358s] -- Detecting CXX compiler ABI info - done
[0.359s] -- Check for working CXX compiler: /usr/bin/c++ - skipped
[0.359s] -- Detecting CXX compile features
[0.359s] -- Detecting CXX compile features - done
[0.359s] -- Found ament_cmake: 1.3.11 (/opt/ros/humble/share/ament_cmake/cmake)
[0.450s] -- Found Python3: /usr/bin/python3 (found version "3.10.12") found components: Interpreter 
[0.566s] -- Found rclcpp: 16.0.11 (/opt/ros/humble/share/rclcpp/cmake)
[0.622s] -- Found rosidl_generator_c: 3.1.6 (/opt/ros/humble/share/rosidl_generator_c/cmake)
[0.630s] -- Found rosidl_adapter: 3.1.6 (/opt/ros/humble/share/rosidl_adapter/cmake)
[0.639s] -- Found rosidl_generator_cpp: 3.1.6 (/opt/ros/humble/share/rosidl_generator_cpp/cmake)
[0.653s] -- Using all available rosidl_typesupport_c: rosidl_typesupport_fastrtps_c;rosidl_typesupport_introspection_c
[0.678s] -- Using all available rosidl_typesupport_cpp: rosidl_typesupport_fastrtps_cpp;rosidl_typesupport_introspection_cpp
[0.733s] -- Found rmw_implementation_cmake: 6.1.2 (/opt/ros/humble/share/rmw_implementation_cmake/cmake)
[0.737s] -- Found rmw_fastrtps_cpp: 6.2.7 (/opt/ros/humble/share/rmw_fastrtps_cpp/cmake)
[0.824s] -- Found OpenSSL: /usr/lib/x86_64-linux-gnu/libcrypto.so (found version "3.0.2")  
[0.846s] -- Found FastRTPS: /opt/ros/humble/include  
[0.878s] -- Using RMW implementation 'rmw_fastrtps_cpp' as default
[0.891s] -- Looking for pthread.h
[0.983s] -- Looking for pthread.h - found
[0.983s] -- Performing Test CMAKE_HAVE_LIBC_PTHREAD
[1.049s] -- Performing Test CMAKE_HAVE_LIBC_PTHREAD - Success
[1.050s] -- Found Threads: TRUE  
[1.107s] -- Found ament_lint_auto: 0.12.11 (/opt/ros/humble/share/ament_lint_auto/cmake)
[1.178s] -- Added test 'flake8' to check Python code syntax and style conventions
[1.178s] -- Added test 'lint_cmake' to check CMake code style
[1.179s] -- Added test 'pep257' to check Python code against some of the docstring style conventions in PEP 257
[1.180s] -- Added test 'xmllint' to check XML markup files
[1.181s] -- Configuring done
[1.185s] -- Generating done
[1.187s] -- Build files have been written to: /wolvi/src/build/utils
[1.193s] Invoked command in '/wolvi/src/build/utils' returned '0': CMAKE_PREFIX_PATH=${CMAKE_PREFIX_PATH}:/wolvi/install/lidar:/opt/ros/humble /usr/bin/cmake /wolvi/src/utils -DCMAKE_INSTALL_PREFIX=/wolvi/src/install/utils
[1.195s] Invoking command in '/wolvi/src/build/utils': CMAKE_PREFIX_PATH=${CMAKE_PREFIX_PATH}:/wolvi/install/lidar:/opt/ros/humble /usr/bin/cmake --build /wolvi/src/build/utils -- -j8 -l8
[1.229s] Invoked command in '/wolvi/src/build/utils' returned '0': CMAKE_PREFIX_PATH=${CMAKE_PREFIX_PATH}:/wolvi/install/lidar:/opt/ros/humble /usr/bin/cmake --build /wolvi/src/build/utils -- -j8 -l8
[1.239s] Invoking command in '/wolvi/src/build/utils': CMAKE_PREFIX_PATH=${CMAKE_PREFIX_PATH}:/wolvi/install/lidar:/opt/ros/humble /usr/bin/cmake --install /wolvi/src/build/utils
[1.247s] -- Install configuration: ""
[1.247s] -- Installing: /wolvi/src/install/utils/lib/utils
[1.247s] -- Installing: /wolvi/src/install/utils/lib/utils/serial_communication.py
[1.247s] -- Installing: /wolvi/src/install/utils/lib/utils/__pycache__
[1.247s] -- Installing: /wolvi/src/install/utils/lib/utils/__pycache__/serial_communication.cpython-310.pyc
[1.248s] -- Installing: /wolvi/src/install/utils/share/ament_index/resource_index/package_run_dependencies/utils
[1.248s] -- Installing: /wolvi/src/install/utils/share/ament_index/resource_index/parent_prefix_path/utils
[1.248s] -- Installing: /wolvi/src/install/utils/share/utils/environment/ament_prefix_path.sh
[1.248s] -- Installing: /wolvi/src/install/utils/share/utils/environment/ament_prefix_path.dsv
[1.248s] -- Installing: /wolvi/src/install/utils/share/utils/environment/path.sh
[1.248s] -- Installing: /wolvi/src/install/utils/share/utils/environment/path.dsv
[1.248s] -- Installing: /wolvi/src/install/utils/share/utils/local_setup.bash
[1.248s] -- Installing: /wolvi/src/install/utils/share/utils/local_setup.sh
[1.250s] -- Installing: /wolvi/src/install/utils/share/utils/local_setup.zsh
[1.250s] -- Installing: /wolvi/src/install/utils/share/utils/local_setup.dsv
[1.250s] -- Installing: /wolvi/src/install/utils/share/utils/package.dsv
[1.250s] -- Installing: /wolvi/src/install/utils/share/ament_index/resource_index/packages/utils
[1.250s] -- Installing: /wolvi/src/install/utils/share/utils/cmake/utilsConfig.cmake
[1.251s] -- Installing: /wolvi/src/install/utils/share/utils/cmake/utilsConfig-version.cmake
[1.251s] -- Installing: /wolvi/src/install/utils/share/utils/package.xml
[1.254s] Invoked command in '/wolvi/src/build/utils' returned '0': CMAKE_PREFIX_PATH=${CMAKE_PREFIX_PATH}:/wolvi/install/lidar:/opt/ros/humble /usr/bin/cmake --install /wolvi/src/build/utils
