[0.304s] Invoking command in '/wolvi/src/build/robot_01': CMAKE_PREFIX_PATH=${CMAKE_PREFIX_PATH}:/wolvi/install/lidar:/opt/ros/humble /usr/bin/cmake --build /wolvi/src/build/robot_01 -- -j8 -l8
[0.383s] Invoked command in '/wolvi/src/build/robot_01' returned '0': CMAKE_PREFIX_PATH=${CMAKE_PREFIX_PATH}:/wolvi/install/lidar:/opt/ros/humble /usr/bin/cmake --build /wolvi/src/build/robot_01 -- -j8 -l8
[0.384s] Invoking command in '/wolvi/src/build/robot_01': CMAKE_PREFIX_PATH=${CMAKE_PREFIX_PATH}:/wolvi/install/lidar:/opt/ros/humble /usr/bin/cmake --install /wolvi/src/build/robot_01
[0.393s] -- Install configuration: ""
[0.393s] -- Up-to-date: /wolvi/src/install/robot_01/share/ament_index/resource_index/package_run_dependencies/robot_01
[0.393s] -- Up-to-date: /wolvi/src/install/robot_01/share/ament_index/resource_index/parent_prefix_path/robot_01
[0.393s] -- Up-to-date: /wolvi/src/install/robot_01/share/robot_01/environment/ament_prefix_path.sh
[0.393s] -- Up-to-date: /wolvi/src/install/robot_01/share/robot_01/environment/ament_prefix_path.dsv
[0.393s] -- Up-to-date: /wolvi/src/install/robot_01/share/robot_01/environment/path.sh
[0.393s] -- Up-to-date: /wolvi/src/install/robot_01/share/robot_01/environment/path.dsv
[0.393s] -- Up-to-date: /wolvi/src/install/robot_01/share/robot_01/local_setup.bash
[0.394s] -- Up-to-date: /wolvi/src/install/robot_01/share/robot_01/local_setup.sh
[0.394s] -- Up-to-date: /wolvi/src/install/robot_01/share/robot_01/local_setup.zsh
[0.394s] -- Up-to-date: /wolvi/src/install/robot_01/share/robot_01/local_setup.dsv
[0.394s] -- Installing: /wolvi/src/install/robot_01/share/robot_01/package.dsv
[0.394s] -- Up-to-date: /wolvi/src/install/robot_01/share/ament_index/resource_index/packages/robot_01
[0.394s] -- Up-to-date: /wolvi/src/install/robot_01/share/robot_01/cmake/robot_01Config.cmake
[0.394s] -- Up-to-date: /wolvi/src/install/robot_01/share/robot_01/cmake/robot_01Config-version.cmake
[0.394s] -- Up-to-date: /wolvi/src/install/robot_01/share/robot_01/package.xml
[0.412s] Invoked command in '/wolvi/src/build/robot_01' returned '0': CMAKE_PREFIX_PATH=${CMAKE_PREFIX_PATH}:/wolvi/install/lidar:/opt/ros/humble /usr/bin/cmake --install /wolvi/src/build/robot_01
