[0.017s] Invoking command in '/wolvi/src/camera_robot/build/camera_robot': CMAKE_PREFIX_PATH=${CMAKE_PREFIX_PATH}:/opt/ros/humble /usr/bin/cmake /wolvi/src/camera_robot -DCMAKE_INSTALL_PREFIX=/wolvi/src/camera_robot/install/camera_robot
[0.081s] -- The C compiler identification is GNU 11.4.0
[0.141s] -- The CXX compiler identification is GNU 11.4.0
[0.150s] -- Detecting C compiler ABI info
[0.239s] -- Detecting C compiler ABI info - done
[0.251s] -- Check for working C compiler: /usr/bin/cc - skipped
[0.251s] -- Detecting C compile features
[0.252s] -- Detecting C compile features - done
[0.257s] -- Detecting CXX compiler ABI info
[0.354s] -- Detecting CXX compiler ABI info - done
[0.365s] -- Check for working CXX compiler: /usr/bin/c++ - skipped
[0.367s] -- Detecting CXX compile features
[0.367s] -- Detecting CXX compile features - done
[0.381s] -- Found ament_cmake: 1.3.11 (/opt/ros/humble/share/ament_cmake/cmake)
[0.515s] -- Found Python3: /usr/bin/python3 (found version "3.10.12") found components: Interpreter 
[0.761s] -- Found rclcpp: 16.0.11 (/opt/ros/humble/share/rclcpp/cmake)
[0.932s] -- Found rosidl_generator_c: 3.1.6 (/opt/ros/humble/share/rosidl_generator_c/cmake)
[0.964s] -- Found rosidl_adapter: 3.1.6 (/opt/ros/humble/share/rosidl_adapter/cmake)
[0.995s] -- Found rosidl_generator_cpp: 3.1.6 (/opt/ros/humble/share/rosidl_generator_cpp/cmake)
[1.028s] -- Using all available rosidl_typesupport_c: rosidl_typesupport_fastrtps_c;rosidl_typesupport_introspection_c
[1.080s] -- Using all available rosidl_typesupport_cpp: rosidl_typesupport_fastrtps_cpp;rosidl_typesupport_introspection_cpp
[1.244s] -- Found rmw_implementation_cmake: 6.1.2 (/opt/ros/humble/share/rmw_implementation_cmake/cmake)
[1.260s] -- Found rmw_fastrtps_cpp: 6.2.7 (/opt/ros/humble/share/rmw_fastrtps_cpp/cmake)
[1.403s] -- Found OpenSSL: /usr/lib/aarch64-linux-gnu/libcrypto.so (found version "3.0.2")  
[1.436s] -- Found FastRTPS: /opt/ros/humble/include  
[1.488s] -- Using RMW implementation 'rmw_fastrtps_cpp' as default
[1.534s] -- Looking for pthread.h
[1.626s] -- Looking for pthread.h - found
[1.628s] -- Performing Test CMAKE_HAVE_LIBC_PTHREAD
[1.718s] -- Performing Test CMAKE_HAVE_LIBC_PTHREAD - Success
[1.721s] -- Found Threads: TRUE  
[1.834s] -- Found rclpy: 3.3.15 (/opt/ros/humble/share/rclpy/cmake)
[1.921s] -- Found ament_lint_auto: 0.12.11 (/opt/ros/humble/share/ament_lint_auto/cmake)
[2.189s] -- Added test 'cppcheck' to perform static code analysis on C / C++ code
[2.189s] -- Configured cppcheck include dirs: 
[2.189s] -- Configured cppcheck exclude dirs and/or files: 
[2.205s] -- Added test 'flake8' to check Python code syntax and style conventions
[2.235s] -- Added test 'lint_cmake' to check CMake code style
[2.252s] -- Added test 'pep257' to check Python code against some of the docstring style conventions in PEP 257
[2.364s] -- Added test 'uncrustify' to check C / C++ code style
[2.365s] -- Configured uncrustify additional arguments: 
[2.382s] -- Added test 'xmllint' to check XML markup files
[2.399s] -- Configuring done
[2.448s] -- Generating done
[2.472s] -- Build files have been written to: /wolvi/src/camera_robot/build/camera_robot
[2.475s] Invoked command in '/wolvi/src/camera_robot/build/camera_robot' returned '0': CMAKE_PREFIX_PATH=${CMAKE_PREFIX_PATH}:/opt/ros/humble /usr/bin/cmake /wolvi/src/camera_robot -DCMAKE_INSTALL_PREFIX=/wolvi/src/camera_robot/install/camera_robot
[2.477s] Invoking command in '/wolvi/src/camera_robot/build/camera_robot': CMAKE_PREFIX_PATH=${CMAKE_PREFIX_PATH}:/opt/ros/humble /usr/bin/cmake --build /wolvi/src/camera_robot/build/camera_robot -- -j8 -l8
[2.524s] Built target ament_cmake_python_copy_camera_robot
[2.674s] running egg_info
[2.674s] creating camera_robot.egg-info
[2.675s] writing camera_robot.egg-info/PKG-INFO
[2.676s] writing dependency_links to camera_robot.egg-info/dependency_links.txt
[2.677s] writing top-level names to camera_robot.egg-info/top_level.txt
[2.678s] writing manifest file 'camera_robot.egg-info/SOURCES.txt'
[2.680s] reading manifest file 'camera_robot.egg-info/SOURCES.txt'
[2.685s] writing manifest file 'camera_robot.egg-info/SOURCES.txt'
[2.702s] Built target ament_cmake_python_build_camera_robot_egg
[2.709s] Invoked command in '/wolvi/src/camera_robot/build/camera_robot' returned '0': CMAKE_PREFIX_PATH=${CMAKE_PREFIX_PATH}:/opt/ros/humble /usr/bin/cmake --build /wolvi/src/camera_robot/build/camera_robot -- -j8 -l8
[2.718s] Invoking command in '/wolvi/src/camera_robot/build/camera_robot': CMAKE_PREFIX_PATH=${CMAKE_PREFIX_PATH}:/opt/ros/humble /usr/bin/cmake --install /wolvi/src/camera_robot/build/camera_robot
[2.723s] -- Install configuration: ""
[2.724s] -- Installing: /wolvi/src/camera_robot/install/camera_robot/lib/camera_robot
[2.726s] -- Installing: /wolvi/src/camera_robot/install/camera_robot/lib/camera_robot/cameraRobot.py
[2.730s] -- Installing: /wolvi/src/camera_robot/install/camera_robot/share/camera_robot/environment/pythonpath.sh
[2.733s] -- Installing: /wolvi/src/camera_robot/install/camera_robot/share/camera_robot/environment/pythonpath.dsv
[2.735s] -- Installing: /wolvi/src/camera_robot/install/camera_robot/local/lib/python3.10/dist-packages/camera_robot-0.0.0-py3.10.egg-info
[2.737s] -- Installing: /wolvi/src/camera_robot/install/camera_robot/local/lib/python3.10/dist-packages/camera_robot-0.0.0-py3.10.egg-info/PKG-INFO
[2.740s] -- Installing: /wolvi/src/camera_robot/install/camera_robot/local/lib/python3.10/dist-packages/camera_robot-0.0.0-py3.10.egg-info/SOURCES.txt
[2.742s] -- Installing: /wolvi/src/camera_robot/install/camera_robot/local/lib/python3.10/dist-packages/camera_robot-0.0.0-py3.10.egg-info/top_level.txt
[2.745s] -- Installing: /wolvi/src/camera_robot/install/camera_robot/local/lib/python3.10/dist-packages/camera_robot-0.0.0-py3.10.egg-info/dependency_links.txt
[2.747s] -- Installing: /wolvi/src/camera_robot/install/camera_robot/local/lib/python3.10/dist-packages/camera_robot
[2.749s] -- Installing: /wolvi/src/camera_robot/install/camera_robot/local/lib/python3.10/dist-packages/camera_robot/__init__.py
[2.782s] Listing '/wolvi/src/camera_robot/install/camera_robot/local/lib/python3.10/dist-packages/camera_robot'...
[2.782s] Compiling '/wolvi/src/camera_robot/install/camera_robot/local/lib/python3.10/dist-packages/camera_robot/__init__.py'...
[2.784s] -- Installing: /wolvi/src/camera_robot/install/camera_robot/share/ament_index/resource_index/package_run_dependencies/camera_robot
[2.787s] -- Installing: /wolvi/src/camera_robot/install/camera_robot/share/ament_index/resource_index/parent_prefix_path/camera_robot
[2.790s] -- Installing: /wolvi/src/camera_robot/install/camera_robot/share/camera_robot/environment/ament_prefix_path.sh
[2.792s] -- Installing: /wolvi/src/camera_robot/install/camera_robot/share/camera_robot/environment/ament_prefix_path.dsv
[2.794s] -- Installing: /wolvi/src/camera_robot/install/camera_robot/share/camera_robot/environment/path.sh
[2.796s] -- Installing: /wolvi/src/camera_robot/install/camera_robot/share/camera_robot/environment/path.dsv
[2.799s] -- Installing: /wolvi/src/camera_robot/install/camera_robot/share/camera_robot/local_setup.bash
[2.801s] -- Installing: /wolvi/src/camera_robot/install/camera_robot/share/camera_robot/local_setup.sh
[2.803s] -- Installing: /wolvi/src/camera_robot/install/camera_robot/share/camera_robot/local_setup.zsh
[2.806s] -- Installing: /wolvi/src/camera_robot/install/camera_robot/share/camera_robot/local_setup.dsv
[2.808s] -- Installing: /wolvi/src/camera_robot/install/camera_robot/share/camera_robot/package.dsv
[2.811s] -- Installing: /wolvi/src/camera_robot/install/camera_robot/share/ament_index/resource_index/packages/camera_robot
[2.814s] -- Installing: /wolvi/src/camera_robot/install/camera_robot/share/camera_robot/cmake/camera_robotConfig.cmake
[2.816s] -- Installing: /wolvi/src/camera_robot/install/camera_robot/share/camera_robot/cmake/camera_robotConfig-version.cmake
[2.818s] -- Installing: /wolvi/src/camera_robot/install/camera_robot/share/camera_robot/package.xml
[2.824s] Invoked command in '/wolvi/src/camera_robot/build/camera_robot' returned '0': CMAKE_PREFIX_PATH=${CMAKE_PREFIX_PATH}:/opt/ros/humble /usr/bin/cmake --install /wolvi/src/camera_robot/build/camera_robot
