-- Install configuration: ""
-- Up-to-date: /wolvi/install/utils/lib/utils
-- Installing: /wolvi/install/utils/lib/utils/__pycache__
-- Installing: /wolvi/install/utils/lib/utils/__pycache__/serial_communication.cpython-310.pyc
-- Up-to-date: /wolvi/install/utils/lib/utils/serial_communication.py
-- Up-to-date: /wolvi/install/utils/share/ament_index/resource_index/package_run_dependencies/utils
-- Up-to-date: /wolvi/install/utils/share/ament_index/resource_index/parent_prefix_path/utils
-- Up-to-date: /wolvi/install/utils/share/utils/environment/ament_prefix_path.sh
-- Up-to-date: /wolvi/install/utils/share/utils/environment/ament_prefix_path.dsv
-- Up-to-date: /wolvi/install/utils/share/utils/environment/path.sh
-- Up-to-date: /wolvi/install/utils/share/utils/environment/path.dsv
-- Up-to-date: /wolvi/install/utils/share/utils/local_setup.bash
-- Up-to-date: /wolvi/install/utils/share/utils/local_setup.sh
-- Up-to-date: /wolvi/install/utils/share/utils/local_setup.zsh
-- Up-to-date: /wolvi/install/utils/share/utils/local_setup.dsv
-- Up-to-date: /wolvi/install/utils/share/utils/package.dsv
-- Up-to-date: /wolvi/install/utils/share/ament_index/resource_index/packages/utils
-- Up-to-date: /wolvi/install/utils/share/utils/cmake/utilsConfig.cmake
-- Up-to-date: /wolvi/install/utils/share/utils/cmake/utilsConfig-version.cmake
-- Up-to-date: /wolvi/install/utils/share/utils/package.xml
