[0.029s] Invoking command in '/wolvi/build/utils': CMAKE_PREFIX_PATH=${CMAKE_PREFIX_PATH}:/opt/ros/humble /usr/bin/cmake --build /wolvi/build/utils -- -j16 -l16
[0.107s] Invoked command in '/wolvi/build/utils' returned '0': CMAKE_PREFIX_PATH=${CMAKE_PREFIX_PATH}:/opt/ros/humble /usr/bin/cmake --build /wolvi/build/utils -- -j16 -l16
[0.167s] Invoking command in '/wolvi/build/utils': CMAKE_PREFIX_PATH=${CMAKE_PREFIX_PATH}:/opt/ros/humble /usr/bin/cmake --install /wolvi/build/utils
[0.181s] -- Install configuration: ""
[0.182s] -- Up-to-date: /wolvi/install/utils/lib/utils
[0.182s] -- Installing: /wolvi/install/utils/lib/utils/__pycache__
[0.182s] -- Installing: /wolvi/install/utils/lib/utils/__pycache__/serial_communication.cpython-310.pyc
[0.182s] -- Up-to-date: /wolvi/install/utils/lib/utils/serial_communication.py
[0.183s] -- Up-to-date: /wolvi/install/utils/share/ament_index/resource_index/package_run_dependencies/utils
[0.183s] -- Up-to-date: /wolvi/install/utils/share/ament_index/resource_index/parent_prefix_path/utils
[0.183s] -- Up-to-date: /wolvi/install/utils/share/utils/environment/ament_prefix_path.sh
[0.184s] -- Up-to-date: /wolvi/install/utils/share/utils/environment/ament_prefix_path.dsv
[0.184s] -- Up-to-date: /wolvi/install/utils/share/utils/environment/path.sh
[0.184s] -- Up-to-date: /wolvi/install/utils/share/utils/environment/path.dsv
[0.184s] -- Up-to-date: /wolvi/install/utils/share/utils/local_setup.bash
[0.185s] -- Up-to-date: /wolvi/install/utils/share/utils/local_setup.sh
[0.185s] -- Up-to-date: /wolvi/install/utils/share/utils/local_setup.zsh
[0.185s] -- Up-to-date: /wolvi/install/utils/share/utils/local_setup.dsv
[0.186s] -- Up-to-date: /wolvi/install/utils/share/utils/package.dsv
[0.186s] -- Up-to-date: /wolvi/install/utils/share/ament_index/resource_index/packages/utils
[0.186s] -- Up-to-date: /wolvi/install/utils/share/utils/cmake/utilsConfig.cmake
[0.186s] -- Up-to-date: /wolvi/install/utils/share/utils/cmake/utilsConfig-version.cmake
[0.186s] -- Up-to-date: /wolvi/install/utils/share/utils/package.xml
[0.190s] Invoked command in '/wolvi/build/utils' returned '0': CMAKE_PREFIX_PATH=${CMAKE_PREFIX_PATH}:/opt/ros/humble /usr/bin/cmake --install /wolvi/build/utils
