[0.635s] Invoking command in '/wolvi/src/lidar': PYTHONPATH=/wolvi/src/build/lidar/prefix_override:/usr/lib/python3/dist-packages/colcon_core/task/python/colcon_distutils_commands:/wolvi/src/install/lidar/lib/python3.10/site-packages:${PYTHONPATH} /usr/bin/python3 -W ignore:setup.py install is deprecated -W ignore:easy_install command is deprecated setup.py egg_info --egg-base ../build/lidar build --build-base /wolvi/src/build/lidar/build install --record /wolvi/src/build/lidar/install.log --single-version-externally-managed install_data
[0.772s] running egg_info
[0.774s] writing ../build/lidar/lidar.egg-info/PKG-INFO
[0.774s] writing dependency_links to ../build/lidar/lidar.egg-info/dependency_links.txt
[0.774s] writing entry points to ../build/lidar/lidar.egg-info/entry_points.txt
[0.774s] writing requirements to ../build/lidar/lidar.egg-info/requires.txt
[0.774s] writing top-level names to ../build/lidar/lidar.egg-info/top_level.txt
[0.775s] reading manifest file '../build/lidar/lidar.egg-info/SOURCES.txt'
[0.776s] writing manifest file '../build/lidar/lidar.egg-info/SOURCES.txt'
[0.776s] running build
[0.776s] running build_py
[0.776s] running install
[0.777s] running install_lib
[0.778s] running install_data
[0.778s] running install_egg_info
[0.780s] removing '/wolvi/src/install/lidar/lib/python3.10/site-packages/lidar-0.0.0-py3.10.egg-info' (and everything under it)
[0.780s] Copying ../build/lidar/lidar.egg-info to /wolvi/src/install/lidar/lib/python3.10/site-packages/lidar-0.0.0-py3.10.egg-info
[0.781s] running install_scripts
[0.798s] Installing lidar_node script to /wolvi/src/install/lidar/lib/lidar
[0.798s] Installing lidar_subscriber_node script to /wolvi/src/install/lidar/lib/lidar
[0.798s] writing list of installed files to '/wolvi/src/build/lidar/install.log'
[0.818s] Invoked command in '/wolvi/src/lidar' returned '0': PYTHONPATH=/wolvi/src/build/lidar/prefix_override:/usr/lib/python3/dist-packages/colcon_core/task/python/colcon_distutils_commands:/wolvi/src/install/lidar/lib/python3.10/site-packages:${PYTHONPATH} /usr/bin/python3 -W ignore:setup.py install is deprecated -W ignore:easy_install command is deprecated setup.py egg_info --egg-base ../build/lidar build --build-base /wolvi/src/build/lidar/build install --record /wolvi/src/build/lidar/install.log --single-version-externally-managed install_data
