[0.025s] Invoking command in '/wolvi/build/computation_zone': CMAKE_PREFIX_PATH=${CMAKE_PREFIX_PATH}:/opt/ros/humble /usr/bin/cmake /wolvi/src/computation_zone -DCMAKE_INSTALL_PREFIX=/wolvi/install/computation_zone
[0.282s] -- The C compiler identification is GNU 11.4.0
[0.430s] -- The CXX compiler identification is GNU 11.4.0
[0.446s] -- Detecting C compiler ABI info
[0.559s] -- Detecting C compiler ABI info - done
[0.569s] -- Check for working C compiler: /usr/bin/cc - skipped
[0.570s] -- Detecting C compile features
[0.570s] -- Detecting C compile features - done
[0.573s] -- Detecting CXX compiler ABI info
[0.696s] -- Detecting CXX compiler ABI info - done
[0.711s] -- Check for working CXX compiler: /usr/bin/c++ - skipped
[0.712s] -- Detecting CXX compile features
[0.712s] -- Detecting CXX compile features - done
[0.718s] -- Found ament_cmake: 1.3.10 (/opt/ros/humble/share/ament_cmake/cmake)
[0.917s] -- Found Python3: /usr/bin/python3 (found version "3.10.12") found components: Interpreter 
[1.037s] -- Found rclpy: 3.3.14 (/opt/ros/humble/share/rclpy/cmake)
[1.041s] -- Found rclcpp: 16.0.10 (/opt/ros/humble/share/rclcpp/cmake)
[1.101s] -- Found rosidl_generator_c: 3.1.5 (/opt/ros/humble/share/rosidl_generator_c/cmake)
[1.107s] -- Found rosidl_adapter: 3.1.5 (/opt/ros/humble/share/rosidl_adapter/cmake)
[1.116s] -- Found rosidl_generator_cpp: 3.1.5 (/opt/ros/humble/share/rosidl_generator_cpp/cmake)
[1.129s] -- Using all available rosidl_typesupport_c: rosidl_typesupport_fastrtps_c;rosidl_typesupport_introspection_c
[1.146s] -- Using all available rosidl_typesupport_cpp: rosidl_typesupport_fastrtps_cpp;rosidl_typesupport_introspection_cpp
[1.210s] -- Found rmw_implementation_cmake: 6.1.2 (/opt/ros/humble/share/rmw_implementation_cmake/cmake)
[1.213s] -- Found rmw_fastrtps_cpp: 6.2.7 (/opt/ros/humble/share/rmw_fastrtps_cpp/cmake)
[1.382s] -- Found OpenSSL: /usr/lib/x86_64-linux-gnu/libcrypto.so (found version "3.0.2")  
[1.436s] -- Found FastRTPS: /opt/ros/humble/include  
[1.505s] -- Using RMW implementation 'rmw_fastrtps_cpp' as default
[1.516s] -- Looking for pthread.h
[1.652s] -- Looking for pthread.h - found
[1.652s] -- Performing Test CMAKE_HAVE_LIBC_PTHREAD
[1.789s] -- Performing Test CMAKE_HAVE_LIBC_PTHREAD - Success
[1.791s] -- Found Threads: TRUE  
[1.848s] -- Found ament_lint_auto: 0.12.11 (/opt/ros/humble/share/ament_lint_auto/cmake)
[1.947s] -- Added test 'lint_cmake' to check CMake code style
[1.949s] -- Added test 'xmllint' to check XML markup files
[1.950s] -- Configuring done
[1.956s] -- Generating done
[1.957s] -- Build files have been written to: /wolvi/build/computation_zone
[1.966s] Invoked command in '/wolvi/build/computation_zone' returned '0': CMAKE_PREFIX_PATH=${CMAKE_PREFIX_PATH}:/opt/ros/humble /usr/bin/cmake /wolvi/src/computation_zone -DCMAKE_INSTALL_PREFIX=/wolvi/install/computation_zone
[1.969s] Invoking command in '/wolvi/build/computation_zone': CMAKE_PREFIX_PATH=${CMAKE_PREFIX_PATH}:/opt/ros/humble /usr/bin/cmake --build /wolvi/build/computation_zone -- -j16 -l16
[2.041s] Invoked command in '/wolvi/build/computation_zone' returned '0': CMAKE_PREFIX_PATH=${CMAKE_PREFIX_PATH}:/opt/ros/humble /usr/bin/cmake --build /wolvi/build/computation_zone -- -j16 -l16
[2.093s] Invoking command in '/wolvi/build/computation_zone': CMAKE_PREFIX_PATH=${CMAKE_PREFIX_PATH}:/opt/ros/humble /usr/bin/cmake --install /wolvi/build/computation_zone
[2.106s] -- Install configuration: ""
[2.107s] -- Installing: /wolvi/install/computation_zone/share/ament_index/resource_index/package_run_dependencies/computation_zone
[2.107s] -- Installing: /wolvi/install/computation_zone/share/ament_index/resource_index/parent_prefix_path/computation_zone
[2.107s] -- Installing: /wolvi/install/computation_zone/share/computation_zone/environment/ament_prefix_path.sh
[2.107s] -- Installing: /wolvi/install/computation_zone/share/computation_zone/environment/ament_prefix_path.dsv
[2.108s] -- Installing: /wolvi/install/computation_zone/share/computation_zone/environment/path.sh
[2.108s] -- Installing: /wolvi/install/computation_zone/share/computation_zone/environment/path.dsv
[2.108s] -- Installing: /wolvi/install/computation_zone/share/computation_zone/local_setup.bash
[2.108s] -- Installing: /wolvi/install/computation_zone/share/computation_zone/local_setup.sh
[2.109s] -- Installing: /wolvi/install/computation_zone/share/computation_zone/local_setup.zsh
[2.109s] -- Installing: /wolvi/install/computation_zone/share/computation_zone/local_setup.dsv
[2.109s] -- Installing: /wolvi/install/computation_zone/share/computation_zone/package.dsv
[2.109s] -- Installing: /wolvi/install/computation_zone/share/ament_index/resource_index/packages/computation_zone
[2.109s] -- Installing: /wolvi/install/computation_zone/share/computation_zone/cmake/computation_zoneConfig.cmake
[2.109s] -- Installing: /wolvi/install/computation_zone/share/computation_zone/cmake/computation_zoneConfig-version.cmake
[2.110s] -- Installing: /wolvi/install/computation_zone/share/computation_zone/package.xml
[2.111s] Invoked command in '/wolvi/build/computation_zone' returned '0': CMAKE_PREFIX_PATH=${CMAKE_PREFIX_PATH}:/opt/ros/humble /usr/bin/cmake --install /wolvi/build/computation_zone
