running egg_info
writing ../build/lidar/lidar.egg-info/PKG-INFO
writing dependency_links to ../build/lidar/lidar.egg-info/dependency_links.txt
writing entry points to ../build/lidar/lidar.egg-info/entry_points.txt
writing requirements to ../build/lidar/lidar.egg-info/requires.txt
writing top-level names to ../build/lidar/lidar.egg-info/top_level.txt
reading manifest file '../build/lidar/lidar.egg-info/SOURCES.txt'
writing manifest file '../build/lidar/lidar.egg-info/SOURCES.txt'
running build
running build_py
copying lidar/lidar_subscriber.py -> /wolvi/src/build/lidar/build/lib/lidar
running install
running install_lib
copying /wolvi/src/build/lidar/build/lib/lidar/lidar_subscriber.py -> /wolvi/src/install/lidar/lib/python3.10/site-packages/lidar
byte-compiling /wolvi/src/install/lidar/lib/python3.10/site-packages/lidar/lidar_subscriber.py to lidar_subscriber.cpython-310.pyc
running install_data
running install_egg_info
removing '/wolvi/src/install/lidar/lib/python3.10/site-packages/lidar-0.0.0-py3.10.egg-info' (and everything under it)
Copying ../build/lidar/lidar.egg-info to /wolvi/src/install/lidar/lib/python3.10/site-packages/lidar-0.0.0-py3.10.egg-info
running install_scripts
Installing lidar_node script to /wolvi/src/install/lidar/lib/lidar
Installing lidar_subscriber_node script to /wolvi/src/install/lidar/lib/lidar
writing list of installed files to '/wolvi/src/build/lidar/install.log'
