Build output check failed:
    Regex: 'command[- ]line option .* is valid for .* but not for C'
    Output line: 'cc1: warning: command line option ‘-Wnon-virtual-dtor’ is valid for C++/ObjC++ but not for C'
Compilation failed:
    source file: '/home/aida/Desktop/robotica/eurobot_2025/eurobot_2025/build/CMakeFiles/CMakeTmp/src.c'
    check option: ' -fsigned-char -W -Wall -Wreturn-type  -Wnon-virtual-dtor'
===== BUILD LOG =====
Change Dir: /home/aida/Desktop/robotica/eurobot_2025/eurobot_2025/build/CMakeFiles/CMakeTmp

Run Build Command(s):/usr/bin/make cmTC_a6fae/fast && /usr/bin/make -f CMakeFiles/cmTC_a6fae.dir/build.make CMakeFiles/cmTC_a6fae.dir/build
make[1]: Entering directory '/home/aida/Desktop/robotica/eurobot_2025/eurobot_2025/build/CMakeFiles/CMakeTmp'
Building C object CMakeFiles/cmTC_a6fae.dir/src.c.o
/usr/bin/cc   -O3 -DNDEBUG -fPIE    -fsigned-char -W -Wall -Wreturn-type  -Wnon-virtual-dtor -o CMakeFiles/cmTC_a6fae.dir/src.c.o   -c /home/aida/Desktop/robotica/eurobot_2025/eurobot_2025/build/CMakeFiles/CMakeTmp/src.c
cc1: warning: command line option ‘-Wnon-virtual-dtor’ is valid for C++/ObjC++ but not for C
/home/aida/Desktop/robotica/eurobot_2025/eurobot_2025/build/CMakeFiles/CMakeTmp/src.c:1: warning: ignoring #pragma   [-Wunknown-pragmas]
    1 | #pragma
      | 
Linking C executable cmTC_a6fae
/usr/bin/cmake -E cmake_link_script CMakeFiles/cmTC_a6fae.dir/link.txt --verbose=1
/usr/bin/cc   -O3 -DNDEBUG    CMakeFiles/cmTC_a6fae.dir/src.c.o  -o cmTC_a6fae 
make[1]: Leaving directory '/home/aida/Desktop/robotica/eurobot_2025/eurobot_2025/build/CMakeFiles/CMakeTmp'


===== END =====

Build output check failed:
    Regex: 'command[- ]line option .* is valid for .* but not for C\+\+'
    Output line: 'cc1plus: warning: command line option ‘-Wmissing-prototypes’ is valid for C/ObjC but not for C++'
Compilation failed:
    source file: '/home/aida/Desktop/robotica/eurobot_2025/eurobot_2025/build/CMakeFiles/CMakeTmp/src.cxx'
    check option: ' -fsigned-char -W -Wall -Wreturn-type -Wnon-virtual-dtor -Waddress -Wsequence-point -Wformat -Wformat-security -Wmissing-declarations  -Wmissing-prototypes'
===== BUILD LOG =====
Change Dir: /home/aida/Desktop/robotica/eurobot_2025/eurobot_2025/build/CMakeFiles/CMakeTmp

Run Build Command(s):/usr/bin/make cmTC_0aa21/fast && /usr/bin/make -f CMakeFiles/cmTC_0aa21.dir/build.make CMakeFiles/cmTC_0aa21.dir/build
make[1]: Entering directory '/home/aida/Desktop/robotica/eurobot_2025/eurobot_2025/build/CMakeFiles/CMakeTmp'
Building CXX object CMakeFiles/cmTC_0aa21.dir/src.cxx.o
/usr/bin/c++    -O3 -DNDEBUG -fPIE    -fsigned-char -W -Wall -Wreturn-type -Wnon-virtual-dtor -Waddress -Wsequence-point -Wformat -Wformat-security -Wmissing-declarations  -Wmissing-prototypes -std=c++11 -o CMakeFiles/cmTC_0aa21.dir/src.cxx.o -c /home/aida/Desktop/robotica/eurobot_2025/eurobot_2025/build/CMakeFiles/CMakeTmp/src.cxx
cc1plus: warning: command line option ‘-Wmissing-prototypes’ is valid for C/ObjC but not for C++
/home/aida/Desktop/robotica/eurobot_2025/eurobot_2025/build/CMakeFiles/CMakeTmp/src.cxx:1: warning: ignoring #pragma   [-Wunknown-pragmas]
    1 | #pragma
      | 
Linking CXX executable cmTC_0aa21
/usr/bin/cmake -E cmake_link_script CMakeFiles/cmTC_0aa21.dir/link.txt --verbose=1
/usr/bin/c++    -O3 -DNDEBUG    CMakeFiles/cmTC_0aa21.dir/src.cxx.o  -o cmTC_0aa21 
make[1]: Leaving directory '/home/aida/Desktop/robotica/eurobot_2025/eurobot_2025/build/CMakeFiles/CMakeTmp'


===== END =====

Build output check failed:
    Regex: 'command[- ]line option .* is valid for .* but not for C\+\+'
    Output line: 'cc1plus: warning: command line option ‘-Wstrict-prototypes’ is valid for C/ObjC but not for C++'
Compilation failed:
    source file: '/home/aida/Desktop/robotica/eurobot_2025/eurobot_2025/build/CMakeFiles/CMakeTmp/src.cxx'
    check option: ' -fsigned-char -W -Wall -Wreturn-type -Wnon-virtual-dtor -Waddress -Wsequence-point -Wformat -Wformat-security -Wmissing-declarations  -Wstrict-prototypes'
===== BUILD LOG =====
Change Dir: /home/aida/Desktop/robotica/eurobot_2025/eurobot_2025/build/CMakeFiles/CMakeTmp

Run Build Command(s):/usr/bin/make cmTC_a83dc/fast && /usr/bin/make -f CMakeFiles/cmTC_a83dc.dir/build.make CMakeFiles/cmTC_a83dc.dir/build
make[1]: Entering directory '/home/aida/Desktop/robotica/eurobot_2025/eurobot_2025/build/CMakeFiles/CMakeTmp'
Building CXX object CMakeFiles/cmTC_a83dc.dir/src.cxx.o
/usr/bin/c++    -O3 -DNDEBUG -fPIE    -fsigned-char -W -Wall -Wreturn-type -Wnon-virtual-dtor -Waddress -Wsequence-point -Wformat -Wformat-security -Wmissing-declarations  -Wstrict-prototypes -std=c++11 -o CMakeFiles/cmTC_a83dc.dir/src.cxx.o -c /home/aida/Desktop/robotica/eurobot_2025/eurobot_2025/build/CMakeFiles/CMakeTmp/src.cxx
cc1plus: warning: command line option ‘-Wstrict-prototypes’ is valid for C/ObjC but not for C++
/home/aida/Desktop/robotica/eurobot_2025/eurobot_2025/build/CMakeFiles/CMakeTmp/src.cxx:1: warning: ignoring #pragma   [-Wunknown-pragmas]
    1 | #pragma
      | 
Linking CXX executable cmTC_a83dc
/usr/bin/cmake -E cmake_link_script CMakeFiles/cmTC_a83dc.dir/link.txt --verbose=1
/usr/bin/c++    -O3 -DNDEBUG    CMakeFiles/cmTC_a83dc.dir/src.cxx.o  -o cmTC_a83dc 
make[1]: Leaving directory '/home/aida/Desktop/robotica/eurobot_2025/eurobot_2025/build/CMakeFiles/CMakeTmp'


===== END =====

Build output check failed:
    Regex: 'command[- ]line option .* is valid for .* but not for C'
    Output line: 'cc1: warning: command line option ‘-Wsign-promo’ is valid for C++/ObjC++ but not for C'
Compilation failed:
    source file: '/home/aida/Desktop/robotica/eurobot_2025/eurobot_2025/build/CMakeFiles/CMakeTmp/src.c'
    check option: ' -fsigned-char -W -Wall -Wreturn-type -Waddress -Wsequence-point -Wformat -Wformat-security -Wmissing-declarations -Wmissing-prototypes -Wstrict-prototypes -Wundef -Winit-self -Wpointer-arith -Wshadow  -Wsign-promo'
===== BUILD LOG =====
Change Dir: /home/aida/Desktop/robotica/eurobot_2025/eurobot_2025/build/CMakeFiles/CMakeTmp

Run Build Command(s):/usr/bin/make cmTC_8186d/fast && /usr/bin/make -f CMakeFiles/cmTC_8186d.dir/build.make CMakeFiles/cmTC_8186d.dir/build
make[1]: Entering directory '/home/aida/Desktop/robotica/eurobot_2025/eurobot_2025/build/CMakeFiles/CMakeTmp'
Building C object CMakeFiles/cmTC_8186d.dir/src.c.o
/usr/bin/cc   -O3 -DNDEBUG -fPIE    -fsigned-char -W -Wall -Wreturn-type -Waddress -Wsequence-point -Wformat -Wformat-security -Wmissing-declarations -Wmissing-prototypes -Wstrict-prototypes -Wundef -Winit-self -Wpointer-arith -Wshadow  -Wsign-promo -o CMakeFiles/cmTC_8186d.dir/src.c.o   -c /home/aida/Desktop/robotica/eurobot_2025/eurobot_2025/build/CMakeFiles/CMakeTmp/src.c
cc1: warning: command line option ‘-Wsign-promo’ is valid for C++/ObjC++ but not for C
/home/aida/Desktop/robotica/eurobot_2025/eurobot_2025/build/CMakeFiles/CMakeTmp/src.c:1: warning: ignoring #pragma   [-Wunknown-pragmas]
    1 | #pragma
      | 
Linking C executable cmTC_8186d
/usr/bin/cmake -E cmake_link_script CMakeFiles/cmTC_8186d.dir/link.txt --verbose=1
/usr/bin/cc   -O3 -DNDEBUG    CMakeFiles/cmTC_8186d.dir/src.c.o  -o cmTC_8186d 
make[1]: Leaving directory '/home/aida/Desktop/robotica/eurobot_2025/eurobot_2025/build/CMakeFiles/CMakeTmp'


===== END =====

Build output check failed:
    Regex: 'command[- ]line option .* is valid for .* but not for C'
    Output line: 'cc1: warning: command line option ‘-Wsuggest-override’ is valid for C++/ObjC++ but not for C'
Compilation failed:
    source file: '/home/aida/Desktop/robotica/eurobot_2025/eurobot_2025/build/CMakeFiles/CMakeTmp/src.c'
    check option: ' -fsigned-char -W -Wall -Wreturn-type -Waddress -Wsequence-point -Wformat -Wformat-security -Wmissing-declarations -Wmissing-prototypes -Wstrict-prototypes -Wundef -Winit-self -Wpointer-arith -Wshadow -Wuninitialized  -Wsuggest-override'
===== BUILD LOG =====
Change Dir: /home/aida/Desktop/robotica/eurobot_2025/eurobot_2025/build/CMakeFiles/CMakeTmp

Run Build Command(s):/usr/bin/make cmTC_73f5b/fast && /usr/bin/make -f CMakeFiles/cmTC_73f5b.dir/build.make CMakeFiles/cmTC_73f5b.dir/build
make[1]: Entering directory '/home/aida/Desktop/robotica/eurobot_2025/eurobot_2025/build/CMakeFiles/CMakeTmp'
Building C object CMakeFiles/cmTC_73f5b.dir/src.c.o
/usr/bin/cc   -O3 -DNDEBUG -fPIE    -fsigned-char -W -Wall -Wreturn-type -Waddress -Wsequence-point -Wformat -Wformat-security -Wmissing-declarations -Wmissing-prototypes -Wstrict-prototypes -Wundef -Winit-self -Wpointer-arith -Wshadow -Wuninitialized  -Wsuggest-override -o CMakeFiles/cmTC_73f5b.dir/src.c.o   -c /home/aida/Desktop/robotica/eurobot_2025/eurobot_2025/build/CMakeFiles/CMakeTmp/src.c
cc1: warning: command line option ‘-Wsuggest-override’ is valid for C++/ObjC++ but not for C
/home/aida/Desktop/robotica/eurobot_2025/eurobot_2025/build/CMakeFiles/CMakeTmp/src.c:1: warning: ignoring #pragma   [-Wunknown-pragmas]
    1 | #pragma
      | 
Linking C executable cmTC_73f5b
/usr/bin/cmake -E cmake_link_script CMakeFiles/cmTC_73f5b.dir/link.txt --verbose=1
/usr/bin/cc   -O3 -DNDEBUG    CMakeFiles/cmTC_73f5b.dir/src.c.o  -o cmTC_73f5b 
make[1]: Leaving directory '/home/aida/Desktop/robotica/eurobot_2025/eurobot_2025/build/CMakeFiles/CMakeTmp'


===== END =====

Build output check failed:
    Regex: 'command[- ]line option .* is valid for .* but not for C'
    Output line: 'cc1: warning: command line option ‘-Wno-delete-non-virtual-dtor’ is valid for C++/ObjC++ but not for C'
Compilation failed:
    source file: '/home/aida/Desktop/robotica/eurobot_2025/eurobot_2025/build/CMakeFiles/CMakeTmp/src.c'
    check option: ' -fsigned-char -W -Wall -Wreturn-type -Waddress -Wsequence-point -Wformat -Wformat-security -Wmissing-declarations -Wmissing-prototypes -Wstrict-prototypes -Wundef -Winit-self -Wpointer-arith -Wshadow -Wuninitialized  -Wno-delete-non-virtual-dtor'
===== BUILD LOG =====
Change Dir: /home/aida/Desktop/robotica/eurobot_2025/eurobot_2025/build/CMakeFiles/CMakeTmp

Run Build Command(s):/usr/bin/make cmTC_4faa2/fast && /usr/bin/make -f CMakeFiles/cmTC_4faa2.dir/build.make CMakeFiles/cmTC_4faa2.dir/build
make[1]: Entering directory '/home/aida/Desktop/robotica/eurobot_2025/eurobot_2025/build/CMakeFiles/CMakeTmp'
Building C object CMakeFiles/cmTC_4faa2.dir/src.c.o
/usr/bin/cc   -O3 -DNDEBUG -fPIE    -fsigned-char -W -Wall -Wreturn-type -Waddress -Wsequence-point -Wformat -Wformat-security -Wmissing-declarations -Wmissing-prototypes -Wstrict-prototypes -Wundef -Winit-self -Wpointer-arith -Wshadow -Wuninitialized  -Wno-delete-non-virtual-dtor -o CMakeFiles/cmTC_4faa2.dir/src.c.o   -c /home/aida/Desktop/robotica/eurobot_2025/eurobot_2025/build/CMakeFiles/CMakeTmp/src.c
cc1: warning: command line option ‘-Wno-delete-non-virtual-dtor’ is valid for C++/ObjC++ but not for C
/home/aida/Desktop/robotica/eurobot_2025/eurobot_2025/build/CMakeFiles/CMakeTmp/src.c:1: warning: ignoring #pragma   [-Wunknown-pragmas]
    1 | #pragma
      | 
Linking C executable cmTC_4faa2
/usr/bin/cmake -E cmake_link_script CMakeFiles/cmTC_4faa2.dir/link.txt --verbose=1
/usr/bin/cc   -O3 -DNDEBUG    CMakeFiles/cmTC_4faa2.dir/src.c.o  -o cmTC_4faa2 
make[1]: Leaving directory '/home/aida/Desktop/robotica/eurobot_2025/eurobot_2025/build/CMakeFiles/CMakeTmp'


===== END =====

Build output check failed:
    Regex: 'unrecognized .*option'
    Output line: 'cc1plus: warning: unrecognized command line option ‘-Wno-unnamed-type-template-args’'
Compilation failed:
    source file: '/home/aida/Desktop/robotica/eurobot_2025/eurobot_2025/build/CMakeFiles/CMakeTmp/src.cxx'
    check option: ' -fsigned-char -W -Wall -Wreturn-type -Wnon-virtual-dtor -Waddress -Wsequence-point -Wformat -Wformat-security -Wmissing-declarations -Wundef -Winit-self -Wpointer-arith -Wshadow -Wsign-promo -Wuninitialized -Wsuggest-override -Wno-delete-non-virtual-dtor  -Wno-unnamed-type-template-args'
===== BUILD LOG =====
Change Dir: /home/aida/Desktop/robotica/eurobot_2025/eurobot_2025/build/CMakeFiles/CMakeTmp

Run Build Command(s):/usr/bin/make cmTC_27600/fast && /usr/bin/make -f CMakeFiles/cmTC_27600.dir/build.make CMakeFiles/cmTC_27600.dir/build
make[1]: Entering directory '/home/aida/Desktop/robotica/eurobot_2025/eurobot_2025/build/CMakeFiles/CMakeTmp'
Building CXX object CMakeFiles/cmTC_27600.dir/src.cxx.o
/usr/bin/c++    -O3 -DNDEBUG -fPIE    -fsigned-char -W -Wall -Wreturn-type -Wnon-virtual-dtor -Waddress -Wsequence-point -Wformat -Wformat-security -Wmissing-declarations -Wundef -Winit-self -Wpointer-arith -Wshadow -Wsign-promo -Wuninitialized -Wsuggest-override -Wno-delete-non-virtual-dtor  -Wno-unnamed-type-template-args -std=c++11 -o CMakeFiles/cmTC_27600.dir/src.cxx.o -c /home/aida/Desktop/robotica/eurobot_2025/eurobot_2025/build/CMakeFiles/CMakeTmp/src.cxx
/home/aida/Desktop/robotica/eurobot_2025/eurobot_2025/build/CMakeFiles/CMakeTmp/src.cxx:1: warning: ignoring #pragma   [-Wunknown-pragmas]
    1 | #pragma
      | 
cc1plus: warning: unrecognized command line option ‘-Wno-unnamed-type-template-args’
Linking CXX executable cmTC_27600
/usr/bin/cmake -E cmake_link_script CMakeFiles/cmTC_27600.dir/link.txt --verbose=1
/usr/bin/c++    -O3 -DNDEBUG    CMakeFiles/cmTC_27600.dir/src.cxx.o  -o cmTC_27600 
make[1]: Leaving directory '/home/aida/Desktop/robotica/eurobot_2025/eurobot_2025/build/CMakeFiles/CMakeTmp'


===== END =====

Build output check failed:
    Regex: 'unrecognized .*option'
    Output line: 'cc1: warning: unrecognized command line option ‘-Wno-unnamed-type-template-args’'
Compilation failed:
    source file: '/home/aida/Desktop/robotica/eurobot_2025/eurobot_2025/build/CMakeFiles/CMakeTmp/src.c'
    check option: ' -fsigned-char -W -Wall -Wreturn-type -Waddress -Wsequence-point -Wformat -Wformat-security -Wmissing-declarations -Wmissing-prototypes -Wstrict-prototypes -Wundef -Winit-self -Wpointer-arith -Wshadow -Wuninitialized  -Wno-unnamed-type-template-args'
===== BUILD LOG =====
Change Dir: /home/aida/Desktop/robotica/eurobot_2025/eurobot_2025/build/CMakeFiles/CMakeTmp

Run Build Command(s):/usr/bin/make cmTC_fc17b/fast && /usr/bin/make -f CMakeFiles/cmTC_fc17b.dir/build.make CMakeFiles/cmTC_fc17b.dir/build
make[1]: Entering directory '/home/aida/Desktop/robotica/eurobot_2025/eurobot_2025/build/CMakeFiles/CMakeTmp'
Building C object CMakeFiles/cmTC_fc17b.dir/src.c.o
/usr/bin/cc   -O3 -DNDEBUG -fPIE    -fsigned-char -W -Wall -Wreturn-type -Waddress -Wsequence-point -Wformat -Wformat-security -Wmissing-declarations -Wmissing-prototypes -Wstrict-prototypes -Wundef -Winit-self -Wpointer-arith -Wshadow -Wuninitialized  -Wno-unnamed-type-template-args -o CMakeFiles/cmTC_fc17b.dir/src.c.o   -c /home/aida/Desktop/robotica/eurobot_2025/eurobot_2025/build/CMakeFiles/CMakeTmp/src.c
/home/aida/Desktop/robotica/eurobot_2025/eurobot_2025/build/CMakeFiles/CMakeTmp/src.c:1: warning: ignoring #pragma   [-Wunknown-pragmas]
    1 | #pragma
      | 
cc1: warning: unrecognized command line option ‘-Wno-unnamed-type-template-args’
Linking C executable cmTC_fc17b
/usr/bin/cmake -E cmake_link_script CMakeFiles/cmTC_fc17b.dir/link.txt --verbose=1
/usr/bin/cc   -O3 -DNDEBUG    CMakeFiles/cmTC_fc17b.dir/src.c.o  -o cmTC_fc17b 
make[1]: Leaving directory '/home/aida/Desktop/robotica/eurobot_2025/eurobot_2025/build/CMakeFiles/CMakeTmp'


===== END =====

Compilation failed:
    source file: '/home/aida/Desktop/robotica/eurobot_2025/eurobot_2025/opencv-4.x/cmake/checks/cpu_sse3.cpp'
    check option: ''
===== BUILD LOG =====
Change Dir: /home/aida/Desktop/robotica/eurobot_2025/eurobot_2025/build/CMakeFiles/CMakeTmp

Run Build Command(s):/usr/bin/make cmTC_a86c0/fast && /usr/bin/make -f CMakeFiles/cmTC_a86c0.dir/build.make CMakeFiles/cmTC_a86c0.dir/build
make[1]: Entering directory '/home/aida/Desktop/robotica/eurobot_2025/eurobot_2025/build/CMakeFiles/CMakeTmp'
Building CXX object CMakeFiles/cmTC_a86c0.dir/cpu_sse3.cpp.o
/usr/bin/c++    -O3 -DNDEBUG -fPIE   -std=c++11 -o CMakeFiles/cmTC_a86c0.dir/cpu_sse3.cpp.o -c /home/aida/Desktop/robotica/eurobot_2025/eurobot_2025/opencv-4.x/cmake/checks/cpu_sse3.cpp
In file included from /home/aida/Desktop/robotica/eurobot_2025/eurobot_2025/opencv-4.x/cmake/checks/cpu_sse3.cpp:1:
/usr/lib/gcc/x86_64-linux-gnu/9/include/pmmintrin.h: In function ‘int main()’:
/usr/lib/gcc/x86_64-linux-gnu/9/include/pmmintrin.h:74:1: error: inlining failed in call to always_inline ‘__m128 _mm_moveldup_ps(__m128)’: target specific option mismatch
   74 | _mm_moveldup_ps (__m128 __X)
      | ^~~~~~~~~~~~~~~
/home/aida/Desktop/robotica/eurobot_2025/eurobot_2025/opencv-4.x/cmake/checks/cpu_sse3.cpp:5:24: note: called from here
    5 |     v = _mm_moveldup_ps(u); // SSE3
      |         ~~~~~~~~~~~~~~~^~~
In file included from /home/aida/Desktop/robotica/eurobot_2025/eurobot_2025/opencv-4.x/cmake/checks/cpu_sse3.cpp:1:
/usr/lib/gcc/x86_64-linux-gnu/9/include/pmmintrin.h:74:1: error: inlining failed in call to always_inline ‘__m128 _mm_moveldup_ps(__m128)’: target specific option mismatch
   74 | _mm_moveldup_ps (__m128 __X)
      | ^~~~~~~~~~~~~~~
/home/aida/Desktop/robotica/eurobot_2025/eurobot_2025/opencv-4.x/cmake/checks/cpu_sse3.cpp:5:24: note: called from here
    5 |     v = _mm_moveldup_ps(u); // SSE3
      |         ~~~~~~~~~~~~~~~^~~
make[1]: *** [CMakeFiles/cmTC_a86c0.dir/build.make:66: CMakeFiles/cmTC_a86c0.dir/cpu_sse3.cpp.o] Error 1
make[1]: Leaving directory '/home/aida/Desktop/robotica/eurobot_2025/eurobot_2025/build/CMakeFiles/CMakeTmp'
make: *** [Makefile:121: cmTC_a86c0/fast] Error 2


===== END =====

Build output check failed:
    Regex: 'command[- ]line option .* is valid for .* but not for C'
    Output line: 'cc1: warning: command line option ‘-fvisibility-inlines-hidden’ is valid for C++/ObjC++ but not for C'
Compilation failed:
    source file: '/home/aida/Desktop/robotica/eurobot_2025/eurobot_2025/build/CMakeFiles/CMakeTmp/src.c'
    check option: ' -fsigned-char -W -Wall -Wreturn-type -Waddress -Wsequence-point -Wformat -Wformat-security -Wmissing-declarations -Wmissing-prototypes -Wstrict-prototypes -Wundef -Winit-self -Wpointer-arith -Wshadow -Wuninitialized -Wno-comment -Wimplicit-fallthrough=3 -Wno-strict-overflow -fdiagnostics-show-option -Wno-long-long -pthread -fomit-frame-pointer -ffunction-sections -fdata-sections  -msse3 -fvisibility=hidden  -fvisibility-inlines-hidden'
===== BUILD LOG =====
Change Dir: /home/aida/Desktop/robotica/eurobot_2025/eurobot_2025/build/CMakeFiles/CMakeTmp

Run Build Command(s):/usr/bin/make cmTC_62a2f/fast && /usr/bin/make -f CMakeFiles/cmTC_62a2f.dir/build.make CMakeFiles/cmTC_62a2f.dir/build
make[1]: Entering directory '/home/aida/Desktop/robotica/eurobot_2025/eurobot_2025/build/CMakeFiles/CMakeTmp'
Building C object CMakeFiles/cmTC_62a2f.dir/src.c.o
/usr/bin/cc   -O3 -DNDEBUG -fPIE    -fsigned-char -W -Wall -Wreturn-type -Waddress -Wsequence-point -Wformat -Wformat-security -Wmissing-declarations -Wmissing-prototypes -Wstrict-prototypes -Wundef -Winit-self -Wpointer-arith -Wshadow -Wuninitialized -Wno-comment -Wimplicit-fallthrough=3 -Wno-strict-overflow -fdiagnostics-show-option -Wno-long-long -pthread -fomit-frame-pointer -ffunction-sections -fdata-sections  -msse3 -fvisibility=hidden  -fvisibility-inlines-hidden -o CMakeFiles/cmTC_62a2f.dir/src.c.o   -c /home/aida/Desktop/robotica/eurobot_2025/eurobot_2025/build/CMakeFiles/CMakeTmp/src.c
cc1: warning: command line option ‘-fvisibility-inlines-hidden’ is valid for C++/ObjC++ but not for C
/home/aida/Desktop/robotica/eurobot_2025/eurobot_2025/build/CMakeFiles/CMakeTmp/src.c:1: warning: ignoring #pragma   [-Wunknown-pragmas]
    1 | #pragma
      | 
Linking C executable cmTC_62a2f
/usr/bin/cmake -E cmake_link_script CMakeFiles/cmTC_62a2f.dir/link.txt --verbose=1
/usr/bin/cc   -O3 -DNDEBUG    CMakeFiles/cmTC_62a2f.dir/src.c.o  -o cmTC_62a2f 
make[1]: Leaving directory '/home/aida/Desktop/robotica/eurobot_2025/eurobot_2025/build/CMakeFiles/CMakeTmp'


===== END =====

Determining if the function sgemm_ exists failed with the following output:
Change Dir: /home/aida/Desktop/robotica/eurobot_2025/eurobot_2025/build/CMakeFiles/CMakeTmp

Run Build Command(s):/usr/bin/make cmTC_4ef2d/fast && /usr/bin/make -f CMakeFiles/cmTC_4ef2d.dir/build.make CMakeFiles/cmTC_4ef2d.dir/build
make[1]: Entering directory '/home/aida/Desktop/robotica/eurobot_2025/eurobot_2025/build/CMakeFiles/CMakeTmp'
Building C object CMakeFiles/cmTC_4ef2d.dir/CheckFunctionExists.c.o
/usr/bin/cc   -fsigned-char -W -Wall -Wreturn-type -Waddress -Wsequence-point -Wformat -Wformat-security -Wmissing-declarations -Wmissing-prototypes -Wstrict-prototypes -Wundef -Winit-self -Wpointer-arith -Wshadow -Wuninitialized -Wno-comment -Wimplicit-fallthrough=3 -Wno-strict-overflow -fdiagnostics-show-option -Wno-long-long -pthread -fomit-frame-pointer -ffunction-sections -fdata-sections  -msse3 -fvisibility=hidden -DCHECK_FUNCTION_EXISTS=sgemm_ -O3 -DNDEBUG  -DNDEBUG -fPIE   -o CMakeFiles/cmTC_4ef2d.dir/CheckFunctionExists.c.o   -c /usr/share/cmake-3.16/Modules/CheckFunctionExists.c
Linking C executable cmTC_4ef2d
/usr/bin/cmake -E cmake_link_script CMakeFiles/cmTC_4ef2d.dir/link.txt --verbose=1
/usr/bin/cc    -fsigned-char -W -Wall -Wreturn-type -Waddress -Wsequence-point -Wformat -Wformat-security -Wmissing-declarations -Wmissing-prototypes -Wstrict-prototypes -Wundef -Winit-self -Wpointer-arith -Wshadow -Wuninitialized -Wno-comment -Wimplicit-fallthrough=3 -Wno-strict-overflow -fdiagnostics-show-option -Wno-long-long -pthread -fomit-frame-pointer -ffunction-sections -fdata-sections  -msse3 -fvisibility=hidden -DCHECK_FUNCTION_EXISTS=sgemm_ -O3 -DNDEBUG  -DNDEBUG    -Wl,--gc-sections -Wl,--as-needed -Wl,--no-undefined  CMakeFiles/cmTC_4ef2d.dir/CheckFunctionExists.c.o  -o cmTC_4ef2d 
/usr/bin/ld: CMakeFiles/cmTC_4ef2d.dir/CheckFunctionExists.c.o: in function `main':
CheckFunctionExists.c:(.text.startup.main+0x10): undefined reference to `sgemm_'
collect2: error: ld returned 1 exit status
make[1]: *** [CMakeFiles/cmTC_4ef2d.dir/build.make:87: cmTC_4ef2d] Error 1
make[1]: Leaving directory '/home/aida/Desktop/robotica/eurobot_2025/eurobot_2025/build/CMakeFiles/CMakeTmp'
make: *** [Makefile:121: cmTC_4ef2d/fast] Error 2



Determining if the function cheev_ exists failed with the following output:
Change Dir: /home/aida/Desktop/robotica/eurobot_2025/eurobot_2025/build/CMakeFiles/CMakeTmp

Run Build Command(s):/usr/bin/make cmTC_993c6/fast && /usr/bin/make -f CMakeFiles/cmTC_993c6.dir/build.make CMakeFiles/cmTC_993c6.dir/build
make[1]: Entering directory '/home/aida/Desktop/robotica/eurobot_2025/eurobot_2025/build/CMakeFiles/CMakeTmp'
Building C object CMakeFiles/cmTC_993c6.dir/CheckFunctionExists.c.o
/usr/bin/cc   -fsigned-char -W -Wall -Wreturn-type -Waddress -Wsequence-point -Wformat -Wformat-security -Wmissing-declarations -Wmissing-prototypes -Wstrict-prototypes -Wundef -Winit-self -Wpointer-arith -Wshadow -Wuninitialized -Wno-comment -Wimplicit-fallthrough=3 -Wno-strict-overflow -fdiagnostics-show-option -Wno-long-long -pthread -fomit-frame-pointer -ffunction-sections -fdata-sections  -msse3 -fvisibility=hidden -DCHECK_FUNCTION_EXISTS=cheev_ -O3 -DNDEBUG  -DNDEBUG -fPIE   -o CMakeFiles/cmTC_993c6.dir/CheckFunctionExists.c.o   -c /usr/share/cmake-3.16/Modules/CheckFunctionExists.c
Linking C executable cmTC_993c6
/usr/bin/cmake -E cmake_link_script CMakeFiles/cmTC_993c6.dir/link.txt --verbose=1
/usr/bin/cc    -fsigned-char -W -Wall -Wreturn-type -Waddress -Wsequence-point -Wformat -Wformat-security -Wmissing-declarations -Wmissing-prototypes -Wstrict-prototypes -Wundef -Winit-self -Wpointer-arith -Wshadow -Wuninitialized -Wno-comment -Wimplicit-fallthrough=3 -Wno-strict-overflow -fdiagnostics-show-option -Wno-long-long -pthread -fomit-frame-pointer -ffunction-sections -fdata-sections  -msse3 -fvisibility=hidden -DCHECK_FUNCTION_EXISTS=cheev_ -O3 -DNDEBUG  -DNDEBUG    -Wl,--gc-sections -Wl,--as-needed -Wl,--no-undefined  CMakeFiles/cmTC_993c6.dir/CheckFunctionExists.c.o  -o cmTC_993c6  /usr/lib/x86_64-linux-gnu/libblas.so 
/usr/bin/ld: CMakeFiles/cmTC_993c6.dir/CheckFunctionExists.c.o: in function `main':
CheckFunctionExists.c:(.text.startup.main+0x10): undefined reference to `cheev_'
collect2: error: ld returned 1 exit status
make[1]: *** [CMakeFiles/cmTC_993c6.dir/build.make:88: cmTC_993c6] Error 1
make[1]: Leaving directory '/home/aida/Desktop/robotica/eurobot_2025/eurobot_2025/build/CMakeFiles/CMakeTmp'
make: *** [Makefile:121: cmTC_993c6/fast] Error 2



Build output check failed:
    Regex: 'command[- ]line option .* is valid for .* but not for C\+\+'
    Output line: 'cc1plus: warning: command line option ‘-Wno-missing-prototypes’ is valid for C/ObjC but not for C++'
Compilation failed:
    source file: '/home/aida/Desktop/robotica/eurobot_2025/eurobot_2025/build/CMakeFiles/CMakeTmp/src.cxx'
    check option: ' -Wno-missing-prototypes'
===== BUILD LOG =====
Change Dir: /home/aida/Desktop/robotica/eurobot_2025/eurobot_2025/build/CMakeFiles/CMakeTmp

Run Build Command(s):/usr/bin/make cmTC_eb05c/fast && /usr/bin/make -f CMakeFiles/cmTC_eb05c.dir/build.make CMakeFiles/cmTC_eb05c.dir/build
make[1]: Entering directory '/home/aida/Desktop/robotica/eurobot_2025/eurobot_2025/build/CMakeFiles/CMakeTmp'
Building CXX object CMakeFiles/cmTC_eb05c.dir/src.cxx.o
/usr/bin/c++    -fsigned-char -W -Wall -Wreturn-type -Wnon-virtual-dtor -Waddress -Wsequence-point -Wformat -Wformat-security -Wmissing-declarations -Wundef -Winit-self -Wpointer-arith -Wshadow -Wsign-promo -Wuninitialized -Wsuggest-override -Wno-delete-non-virtual-dtor -Wno-comment -Wimplicit-fallthrough=3 -Wno-strict-overflow -fdiagnostics-show-option -Wno-long-long -pthread -fomit-frame-pointer -ffunction-sections -fdata-sections  -msse3 -fvisibility=hidden -fvisibility-inlines-hidden -Wno-deprecated  -O3 -DNDEBUG  -DNDEBUG -fPIE    -Wno-missing-prototypes -std=c++11 -o CMakeFiles/cmTC_eb05c.dir/src.cxx.o -c /home/aida/Desktop/robotica/eurobot_2025/eurobot_2025/build/CMakeFiles/CMakeTmp/src.cxx
cc1plus: warning: command line option ‘-Wno-missing-prototypes’ is valid for C/ObjC but not for C++
/home/aida/Desktop/robotica/eurobot_2025/eurobot_2025/build/CMakeFiles/CMakeTmp/src.cxx:1: warning: ignoring #pragma   [-Wunknown-pragmas]
    1 | #pragma
      | 
Linking CXX executable cmTC_eb05c
/usr/bin/cmake -E cmake_link_script CMakeFiles/cmTC_eb05c.dir/link.txt --verbose=1
/usr/bin/c++     -fsigned-char -W -Wall -Wreturn-type -Wnon-virtual-dtor -Waddress -Wsequence-point -Wformat -Wformat-security -Wmissing-declarations -Wundef -Winit-self -Wpointer-arith -Wshadow -Wsign-promo -Wuninitialized -Wsuggest-override -Wno-delete-non-virtual-dtor -Wno-comment -Wimplicit-fallthrough=3 -Wno-strict-overflow -fdiagnostics-show-option -Wno-long-long -pthread -fomit-frame-pointer -ffunction-sections -fdata-sections  -msse3 -fvisibility=hidden -fvisibility-inlines-hidden -Wno-deprecated  -O3 -DNDEBUG  -DNDEBUG    -Wl,--gc-sections -Wl,--as-needed -Wl,--no-undefined  CMakeFiles/cmTC_eb05c.dir/src.cxx.o  -o cmTC_eb05c 
make[1]: Leaving directory '/home/aida/Desktop/robotica/eurobot_2025/eurobot_2025/build/CMakeFiles/CMakeTmp'


===== END =====

Build output check failed:
    Regex: 'unrecognized .*option'
    Output line: 'cc1plus: warning: unrecognized command line option ‘-Wno-tautological-undefined-compare’'
Compilation failed:
    source file: '/home/aida/Desktop/robotica/eurobot_2025/eurobot_2025/build/CMakeFiles/CMakeTmp/src.cxx'
    check option: ' -Wno-tautological-undefined-compare'
===== BUILD LOG =====
Change Dir: /home/aida/Desktop/robotica/eurobot_2025/eurobot_2025/build/CMakeFiles/CMakeTmp

Run Build Command(s):/usr/bin/make cmTC_e019e/fast && /usr/bin/make -f CMakeFiles/cmTC_e019e.dir/build.make CMakeFiles/cmTC_e019e.dir/build
make[1]: Entering directory '/home/aida/Desktop/robotica/eurobot_2025/eurobot_2025/build/CMakeFiles/CMakeTmp'
Building CXX object CMakeFiles/cmTC_e019e.dir/src.cxx.o
/usr/bin/c++    -fsigned-char -W -Wall -Wreturn-type -Wnon-virtual-dtor -Waddress -Wsequence-point -Wformat -Wformat-security -Winit-self -Wpointer-arith -Wuninitialized -Wsuggest-override -Wno-delete-non-virtual-dtor -Wno-comment -Wimplicit-fallthrough=3 -Wno-strict-overflow -fdiagnostics-show-option -Wno-long-long -pthread -fomit-frame-pointer -ffunction-sections -fdata-sections  -msse3 -fvisibility=hidden -fvisibility-inlines-hidden -Wno-deprecated -Wno-missing-declarations -Wno-shadow -Wno-unused-parameter -Wno-unused-local-typedefs -Wno-sign-compare -Wno-sign-promo -Wno-undef  -O3 -DNDEBUG  -DNDEBUG -fPIE    -Wno-tautological-undefined-compare -std=c++11 -o CMakeFiles/cmTC_e019e.dir/src.cxx.o -c /home/aida/Desktop/robotica/eurobot_2025/eurobot_2025/build/CMakeFiles/CMakeTmp/src.cxx
/home/aida/Desktop/robotica/eurobot_2025/eurobot_2025/build/CMakeFiles/CMakeTmp/src.cxx:1: warning: ignoring #pragma   [-Wunknown-pragmas]
    1 | #pragma
      | 
cc1plus: warning: unrecognized command line option ‘-Wno-tautological-undefined-compare’
Linking CXX executable cmTC_e019e
/usr/bin/cmake -E cmake_link_script CMakeFiles/cmTC_e019e.dir/link.txt --verbose=1
/usr/bin/c++     -fsigned-char -W -Wall -Wreturn-type -Wnon-virtual-dtor -Waddress -Wsequence-point -Wformat -Wformat-security -Winit-self -Wpointer-arith -Wuninitialized -Wsuggest-override -Wno-delete-non-virtual-dtor -Wno-comment -Wimplicit-fallthrough=3 -Wno-strict-overflow -fdiagnostics-show-option -Wno-long-long -pthread -fomit-frame-pointer -ffunction-sections -fdata-sections  -msse3 -fvisibility=hidden -fvisibility-inlines-hidden -Wno-deprecated -Wno-missing-declarations -Wno-shadow -Wno-unused-parameter -Wno-unused-local-typedefs -Wno-sign-compare -Wno-sign-promo -Wno-undef  -O3 -DNDEBUG  -DNDEBUG    -Wl,--gc-sections -Wl,--as-needed -Wl,--no-undefined  CMakeFiles/cmTC_e019e.dir/src.cxx.o  -o cmTC_e019e 
make[1]: Leaving directory '/home/aida/Desktop/robotica/eurobot_2025/eurobot_2025/build/CMakeFiles/CMakeTmp'


===== END =====

Build output check failed:
    Regex: 'unrecognized .*option'
    Output line: 'cc1plus: warning: unrecognized command line option ‘-Wno-shorten-64-to-32’'
Compilation failed:
    source file: '/home/aida/Desktop/robotica/eurobot_2025/eurobot_2025/build/CMakeFiles/CMakeTmp/src.cxx'
    check option: ' -Wno-shorten-64-to-32'
===== BUILD LOG =====
Change Dir: /home/aida/Desktop/robotica/eurobot_2025/eurobot_2025/build/CMakeFiles/CMakeTmp

Run Build Command(s):/usr/bin/make cmTC_8128b/fast && /usr/bin/make -f CMakeFiles/cmTC_8128b.dir/build.make CMakeFiles/cmTC_8128b.dir/build
make[1]: Entering directory '/home/aida/Desktop/robotica/eurobot_2025/eurobot_2025/build/CMakeFiles/CMakeTmp'
Building CXX object CMakeFiles/cmTC_8128b.dir/src.cxx.o
/usr/bin/c++    -fsigned-char -W -Wall -Wreturn-type -Wnon-virtual-dtor -Waddress -Wsequence-point -Wformat -Wformat-security -Winit-self -Wpointer-arith -Wuninitialized -Wsuggest-override -Wno-delete-non-virtual-dtor -Wno-comment -Wimplicit-fallthrough=3 -Wno-strict-overflow -fdiagnostics-show-option -Wno-long-long -pthread -fomit-frame-pointer -ffunction-sections -fdata-sections  -msse3 -fvisibility=hidden -fvisibility-inlines-hidden -Wno-deprecated -Wno-missing-declarations -Wno-shadow -Wno-unused-parameter -Wno-unused-local-typedefs -Wno-sign-compare -Wno-sign-promo -Wno-undef -Wno-ignored-qualifiers -Wno-extra -Wno-unused-function -Wno-unused-const-variable  -O3 -DNDEBUG  -DNDEBUG -fPIE    -Wno-shorten-64-to-32 -std=c++11 -o CMakeFiles/cmTC_8128b.dir/src.cxx.o -c /home/aida/Desktop/robotica/eurobot_2025/eurobot_2025/build/CMakeFiles/CMakeTmp/src.cxx
/home/aida/Desktop/robotica/eurobot_2025/eurobot_2025/build/CMakeFiles/CMakeTmp/src.cxx:1: warning: ignoring #pragma   [-Wunknown-pragmas]
    1 | #pragma
      | 
cc1plus: warning: unrecognized command line option ‘-Wno-shorten-64-to-32’
Linking CXX executable cmTC_8128b
/usr/bin/cmake -E cmake_link_script CMakeFiles/cmTC_8128b.dir/link.txt --verbose=1
/usr/bin/c++     -fsigned-char -W -Wall -Wreturn-type -Wnon-virtual-dtor -Waddress -Wsequence-point -Wformat -Wformat-security -Winit-self -Wpointer-arith -Wuninitialized -Wsuggest-override -Wno-delete-non-virtual-dtor -Wno-comment -Wimplicit-fallthrough=3 -Wno-strict-overflow -fdiagnostics-show-option -Wno-long-long -pthread -fomit-frame-pointer -ffunction-sections -fdata-sections  -msse3 -fvisibility=hidden -fvisibility-inlines-hidden -Wno-deprecated -Wno-missing-declarations -Wno-shadow -Wno-unused-parameter -Wno-unused-local-typedefs -Wno-sign-compare -Wno-sign-promo -Wno-undef -Wno-ignored-qualifiers -Wno-extra -Wno-unused-function -Wno-unused-const-variable  -O3 -DNDEBUG  -DNDEBUG    -Wl,--gc-sections -Wl,--as-needed -Wl,--no-undefined  CMakeFiles/cmTC_8128b.dir/src.cxx.o  -o cmTC_8128b 
make[1]: Leaving directory '/home/aida/Desktop/robotica/eurobot_2025/eurobot_2025/build/CMakeFiles/CMakeTmp'


===== END =====

Build output check failed:
    Regex: 'unrecognized .*option'
    Output line: 'cc1plus: warning: unrecognized command line option ‘-Wno-enum-compare-switch’'
Compilation failed:
    source file: '/home/aida/Desktop/robotica/eurobot_2025/eurobot_2025/build/CMakeFiles/CMakeTmp/src.cxx'
    check option: ' -Wno-enum-compare-switch'
===== BUILD LOG =====
Change Dir: /home/aida/Desktop/robotica/eurobot_2025/eurobot_2025/build/CMakeFiles/CMakeTmp

Run Build Command(s):/usr/bin/make cmTC_4c41a/fast && /usr/bin/make -f CMakeFiles/cmTC_4c41a.dir/build.make CMakeFiles/cmTC_4c41a.dir/build
make[1]: Entering directory '/home/aida/Desktop/robotica/eurobot_2025/eurobot_2025/build/CMakeFiles/CMakeTmp'
Building CXX object CMakeFiles/cmTC_4c41a.dir/src.cxx.o
/usr/bin/c++    -fsigned-char -W -Wall -Wreturn-type -Wnon-virtual-dtor -Waddress -Wsequence-point -Wformat -Wformat-security -Winit-self -Wpointer-arith -Wuninitialized -Wsuggest-override -Wno-delete-non-virtual-dtor -Wno-comment -Wimplicit-fallthrough=3 -Wno-strict-overflow -fdiagnostics-show-option -Wno-long-long -pthread -fomit-frame-pointer -ffunction-sections -fdata-sections  -msse3 -fvisibility=hidden -fvisibility-inlines-hidden -Wno-deprecated -Wno-missing-declarations -Wno-shadow -Wno-unused-parameter -Wno-unused-local-typedefs -Wno-sign-compare -Wno-sign-promo -Wno-undef -Wno-ignored-qualifiers -Wno-extra -Wno-unused-function -Wno-unused-const-variable -Wno-invalid-offsetof  -O3 -DNDEBUG  -DNDEBUG -fPIE    -Wno-enum-compare-switch -std=c++11 -o CMakeFiles/cmTC_4c41a.dir/src.cxx.o -c /home/aida/Desktop/robotica/eurobot_2025/eurobot_2025/build/CMakeFiles/CMakeTmp/src.cxx
/home/aida/Desktop/robotica/eurobot_2025/eurobot_2025/build/CMakeFiles/CMakeTmp/src.cxx:1: warning: ignoring #pragma   [-Wunknown-pragmas]
    1 | #pragma
      | 
cc1plus: warning: unrecognized command line option ‘-Wno-enum-compare-switch’
Linking CXX executable cmTC_4c41a
/usr/bin/cmake -E cmake_link_script CMakeFiles/cmTC_4c41a.dir/link.txt --verbose=1
/usr/bin/c++     -fsigned-char -W -Wall -Wreturn-type -Wnon-virtual-dtor -Waddress -Wsequence-point -Wformat -Wformat-security -Winit-self -Wpointer-arith -Wuninitialized -Wsuggest-override -Wno-delete-non-virtual-dtor -Wno-comment -Wimplicit-fallthrough=3 -Wno-strict-overflow -fdiagnostics-show-option -Wno-long-long -pthread -fomit-frame-pointer -ffunction-sections -fdata-sections  -msse3 -fvisibility=hidden -fvisibility-inlines-hidden -Wno-deprecated -Wno-missing-declarations -Wno-shadow -Wno-unused-parameter -Wno-unused-local-typedefs -Wno-sign-compare -Wno-sign-promo -Wno-undef -Wno-ignored-qualifiers -Wno-extra -Wno-unused-function -Wno-unused-const-variable -Wno-invalid-offsetof  -O3 -DNDEBUG  -DNDEBUG    -Wl,--gc-sections -Wl,--as-needed -Wl,--no-undefined  CMakeFiles/cmTC_4c41a.dir/src.cxx.o  -o cmTC_4c41a 
make[1]: Leaving directory '/home/aida/Desktop/robotica/eurobot_2025/eurobot_2025/build/CMakeFiles/CMakeTmp'


===== END =====

Build output check failed:
    Regex: 'unrecognized .*option'
    Output line: 'cc1plus: warning: unrecognized command line option ‘-Wno-inconsistent-missing-override’'
Compilation failed:
    source file: '/home/aida/Desktop/robotica/eurobot_2025/eurobot_2025/build/CMakeFiles/CMakeTmp/src.cxx'
    check option: ' -Wno-inconsistent-missing-override'
===== BUILD LOG =====
Change Dir: /home/aida/Desktop/robotica/eurobot_2025/eurobot_2025/build/CMakeFiles/CMakeTmp

Run Build Command(s):/usr/bin/make cmTC_1dd2c/fast && /usr/bin/make -f CMakeFiles/cmTC_1dd2c.dir/build.make CMakeFiles/cmTC_1dd2c.dir/build
make[1]: Entering directory '/home/aida/Desktop/robotica/eurobot_2025/eurobot_2025/build/CMakeFiles/CMakeTmp'
Building CXX object CMakeFiles/cmTC_1dd2c.dir/src.cxx.o
/usr/bin/c++    -fsigned-char -W -Wall -Wreturn-type -Wnon-virtual-dtor -Waddress -Wsequence-point -Wformat -Wformat-security -Winit-self -Wpointer-arith -Wuninitialized -Wno-delete-non-virtual-dtor -Wno-comment -Wimplicit-fallthrough=3 -Wno-strict-overflow -fdiagnostics-show-option -Wno-long-long -pthread -fomit-frame-pointer -ffunction-sections -fdata-sections  -msse3 -fvisibility=hidden -fvisibility-inlines-hidden -Wno-deprecated -Wno-missing-declarations -Wno-shadow -Wno-unused-parameter -Wno-unused-local-typedefs -Wno-sign-compare -Wno-sign-promo -Wno-undef -Wno-ignored-qualifiers -Wno-extra -Wno-unused-function -Wno-unused-const-variable -Wno-invalid-offsetof -Wno-suggest-override  -O3 -DNDEBUG  -DNDEBUG -fPIE    -Wno-inconsistent-missing-override -std=c++11 -o CMakeFiles/cmTC_1dd2c.dir/src.cxx.o -c /home/aida/Desktop/robotica/eurobot_2025/eurobot_2025/build/CMakeFiles/CMakeTmp/src.cxx
/home/aida/Desktop/robotica/eurobot_2025/eurobot_2025/build/CMakeFiles/CMakeTmp/src.cxx:1: warning: ignoring #pragma   [-Wunknown-pragmas]
    1 | #pragma
      | 
cc1plus: warning: unrecognized command line option ‘-Wno-inconsistent-missing-override’
Linking CXX executable cmTC_1dd2c
/usr/bin/cmake -E cmake_link_script CMakeFiles/cmTC_1dd2c.dir/link.txt --verbose=1
/usr/bin/c++     -fsigned-char -W -Wall -Wreturn-type -Wnon-virtual-dtor -Waddress -Wsequence-point -Wformat -Wformat-security -Winit-self -Wpointer-arith -Wuninitialized -Wno-delete-non-virtual-dtor -Wno-comment -Wimplicit-fallthrough=3 -Wno-strict-overflow -fdiagnostics-show-option -Wno-long-long -pthread -fomit-frame-pointer -ffunction-sections -fdata-sections  -msse3 -fvisibility=hidden -fvisibility-inlines-hidden -Wno-deprecated -Wno-missing-declarations -Wno-shadow -Wno-unused-parameter -Wno-unused-local-typedefs -Wno-sign-compare -Wno-sign-promo -Wno-undef -Wno-ignored-qualifiers -Wno-extra -Wno-unused-function -Wno-unused-const-variable -Wno-invalid-offsetof -Wno-suggest-override  -O3 -DNDEBUG  -DNDEBUG    -Wl,--gc-sections -Wl,--as-needed -Wl,--no-undefined  CMakeFiles/cmTC_1dd2c.dir/src.cxx.o  -o cmTC_1dd2c 
make[1]: Leaving directory '/home/aida/Desktop/robotica/eurobot_2025/eurobot_2025/build/CMakeFiles/CMakeTmp'


===== END =====

Build output check failed:
    Regex: 'unrecognized .*option'
    Output line: 'cc1plus: warning: unrecognized command line option ‘-Wno-stringop-overread’'
Compilation failed:
    source file: '/home/aida/Desktop/robotica/eurobot_2025/eurobot_2025/build/CMakeFiles/CMakeTmp/src.cxx'
    check option: ' -Wno-stringop-overread'
===== BUILD LOG =====
Change Dir: /home/aida/Desktop/robotica/eurobot_2025/eurobot_2025/build/CMakeFiles/CMakeTmp

Run Build Command(s):/usr/bin/make cmTC_57272/fast && /usr/bin/make -f CMakeFiles/cmTC_57272.dir/build.make CMakeFiles/cmTC_57272.dir/build
make[1]: Entering directory '/home/aida/Desktop/robotica/eurobot_2025/eurobot_2025/build/CMakeFiles/CMakeTmp'
Building CXX object CMakeFiles/cmTC_57272.dir/src.cxx.o
/usr/bin/c++    -fsigned-char -W -Wall -Wreturn-type -Wnon-virtual-dtor -Waddress -Wsequence-point -Wformat -Wformat-security -Winit-self -Wpointer-arith -Wuninitialized -Wno-delete-non-virtual-dtor -Wno-comment -Wno-strict-overflow -fdiagnostics-show-option -Wno-long-long -pthread -fomit-frame-pointer -ffunction-sections -fdata-sections  -msse3 -fvisibility=hidden -fvisibility-inlines-hidden -Wno-deprecated -Wno-missing-declarations -Wno-shadow -Wno-unused-parameter -Wno-unused-local-typedefs -Wno-sign-compare -Wno-sign-promo -Wno-undef -Wno-ignored-qualifiers -Wno-extra -Wno-unused-function -Wno-unused-const-variable -Wno-invalid-offsetof -Wno-suggest-override -Wno-implicit-fallthrough -Wno-array-bounds -Wno-stringop-overflow  -O3 -DNDEBUG  -DNDEBUG -fPIE    -Wno-stringop-overread -std=c++11 -o CMakeFiles/cmTC_57272.dir/src.cxx.o -c /home/aida/Desktop/robotica/eurobot_2025/eurobot_2025/build/CMakeFiles/CMakeTmp/src.cxx
/home/aida/Desktop/robotica/eurobot_2025/eurobot_2025/build/CMakeFiles/CMakeTmp/src.cxx:1: warning: ignoring #pragma   [-Wunknown-pragmas]
    1 | #pragma
      | 
cc1plus: warning: unrecognized command line option ‘-Wno-stringop-overread’
Linking CXX executable cmTC_57272
/usr/bin/cmake -E cmake_link_script CMakeFiles/cmTC_57272.dir/link.txt --verbose=1
/usr/bin/c++     -fsigned-char -W -Wall -Wreturn-type -Wnon-virtual-dtor -Waddress -Wsequence-point -Wformat -Wformat-security -Winit-self -Wpointer-arith -Wuninitialized -Wno-delete-non-virtual-dtor -Wno-comment -Wno-strict-overflow -fdiagnostics-show-option -Wno-long-long -pthread -fomit-frame-pointer -ffunction-sections -fdata-sections  -msse3 -fvisibility=hidden -fvisibility-inlines-hidden -Wno-deprecated -Wno-missing-declarations -Wno-shadow -Wno-unused-parameter -Wno-unused-local-typedefs -Wno-sign-compare -Wno-sign-promo -Wno-undef -Wno-ignored-qualifiers -Wno-extra -Wno-unused-function -Wno-unused-const-variable -Wno-invalid-offsetof -Wno-suggest-override -Wno-implicit-fallthrough -Wno-array-bounds -Wno-stringop-overflow  -O3 -DNDEBUG  -DNDEBUG    -Wl,--gc-sections -Wl,--as-needed -Wl,--no-undefined  CMakeFiles/cmTC_57272.dir/src.cxx.o  -o cmTC_57272 
make[1]: Leaving directory '/home/aida/Desktop/robotica/eurobot_2025/eurobot_2025/build/CMakeFiles/CMakeTmp'


===== END =====

Build output check failed:
    Regex: 'unrecognized .*option'
    Output line: 'cc1plus: warning: unrecognized command line option ‘-Wno-comma’'
Compilation failed:
    source file: '/home/aida/Desktop/robotica/eurobot_2025/eurobot_2025/build/CMakeFiles/CMakeTmp/src.cxx'
    check option: ' -Wno-comma'
===== BUILD LOG =====
Change Dir: /home/aida/Desktop/robotica/eurobot_2025/eurobot_2025/build/CMakeFiles/CMakeTmp

Run Build Command(s):/usr/bin/make cmTC_83817/fast && /usr/bin/make -f CMakeFiles/cmTC_83817.dir/build.make CMakeFiles/cmTC_83817.dir/build
make[1]: Entering directory '/home/aida/Desktop/robotica/eurobot_2025/eurobot_2025/build/CMakeFiles/CMakeTmp'
Building CXX object CMakeFiles/cmTC_83817.dir/src.cxx.o
/usr/bin/c++    -fsigned-char -W -Wall -Wreturn-type -Wnon-virtual-dtor -Waddress -Wsequence-point -Wformat -Wformat-security -Winit-self -Wpointer-arith -Wuninitialized -Wno-delete-non-virtual-dtor -Wno-comment -Wno-strict-overflow -fdiagnostics-show-option -Wno-long-long -pthread -fomit-frame-pointer -ffunction-sections -fdata-sections  -msse3 -fvisibility=hidden -fvisibility-inlines-hidden -Wno-deprecated -Wno-missing-declarations -Wno-shadow -Wno-unused-parameter -Wno-unused-local-typedefs -Wno-sign-compare -Wno-sign-promo -Wno-undef -Wno-ignored-qualifiers -Wno-extra -Wno-unused-function -Wno-unused-const-variable -Wno-invalid-offsetof -Wno-suggest-override -Wno-implicit-fallthrough -Wno-array-bounds -Wno-stringop-overflow -Wno-extra-semi  -O3 -DNDEBUG  -DNDEBUG -fPIE    -Wno-comma -std=c++11 -o CMakeFiles/cmTC_83817.dir/src.cxx.o -c /home/aida/Desktop/robotica/eurobot_2025/eurobot_2025/build/CMakeFiles/CMakeTmp/src.cxx
/home/aida/Desktop/robotica/eurobot_2025/eurobot_2025/build/CMakeFiles/CMakeTmp/src.cxx:1: warning: ignoring #pragma   [-Wunknown-pragmas]
    1 | #pragma
      | 
cc1plus: warning: unrecognized command line option ‘-Wno-comma’
Linking CXX executable cmTC_83817
/usr/bin/cmake -E cmake_link_script CMakeFiles/cmTC_83817.dir/link.txt --verbose=1
/usr/bin/c++     -fsigned-char -W -Wall -Wreturn-type -Wnon-virtual-dtor -Waddress -Wsequence-point -Wformat -Wformat-security -Winit-self -Wpointer-arith -Wuninitialized -Wno-delete-non-virtual-dtor -Wno-comment -Wno-strict-overflow -fdiagnostics-show-option -Wno-long-long -pthread -fomit-frame-pointer -ffunction-sections -fdata-sections  -msse3 -fvisibility=hidden -fvisibility-inlines-hidden -Wno-deprecated -Wno-missing-declarations -Wno-shadow -Wno-unused-parameter -Wno-unused-local-typedefs -Wno-sign-compare -Wno-sign-promo -Wno-undef -Wno-ignored-qualifiers -Wno-extra -Wno-unused-function -Wno-unused-const-variable -Wno-invalid-offsetof -Wno-suggest-override -Wno-implicit-fallthrough -Wno-array-bounds -Wno-stringop-overflow -Wno-extra-semi  -O3 -DNDEBUG  -DNDEBUG    -Wl,--gc-sections -Wl,--as-needed -Wl,--no-undefined  CMakeFiles/cmTC_83817.dir/src.cxx.o  -o cmTC_83817 
make[1]: Leaving directory '/home/aida/Desktop/robotica/eurobot_2025/eurobot_2025/build/CMakeFiles/CMakeTmp'


===== END =====

Determining if the include file sys/videoio.h exists failed with the following output:
Change Dir: /home/aida/Desktop/robotica/eurobot_2025/eurobot_2025/build/CMakeFiles/CMakeTmp

Run Build Command(s):/usr/bin/make cmTC_66049/fast && /usr/bin/make -f CMakeFiles/cmTC_66049.dir/build.make CMakeFiles/cmTC_66049.dir/build
make[1]: Entering directory '/home/aida/Desktop/robotica/eurobot_2025/eurobot_2025/build/CMakeFiles/CMakeTmp'
Building C object CMakeFiles/cmTC_66049.dir/CheckIncludeFile.c.o
/usr/bin/cc   -fsigned-char -W -Wall -Wreturn-type -Waddress -Wsequence-point -Wformat -Wformat-security -Wmissing-declarations -Wmissing-prototypes -Wstrict-prototypes -Wundef -Winit-self -Wpointer-arith -Wshadow -Wuninitialized -Wno-comment -Wimplicit-fallthrough=3 -Wno-strict-overflow -fdiagnostics-show-option -Wno-long-long -pthread -fomit-frame-pointer -ffunction-sections -fdata-sections  -msse3 -fvisibility=hidden  -O3 -DNDEBUG  -DNDEBUG -fPIE   -o CMakeFiles/cmTC_66049.dir/CheckIncludeFile.c.o   -c /home/aida/Desktop/robotica/eurobot_2025/eurobot_2025/build/CMakeFiles/CMakeTmp/CheckIncludeFile.c
/home/aida/Desktop/robotica/eurobot_2025/eurobot_2025/build/CMakeFiles/CMakeTmp/CheckIncludeFile.c:1:10: fatal error: sys/videoio.h: No such file or directory
    1 | #include <sys/videoio.h>
      |          ^~~~~~~~~~~~~~~
compilation terminated.
make[1]: *** [CMakeFiles/cmTC_66049.dir/build.make:66: CMakeFiles/cmTC_66049.dir/CheckIncludeFile.c.o] Error 1
make[1]: Leaving directory '/home/aida/Desktop/robotica/eurobot_2025/eurobot_2025/build/CMakeFiles/CMakeTmp'
make: *** [Makefile:121: cmTC_66049/fast] Error 2



Build output check failed:
    Regex: 'unrecognized .*option'
    Output line: 'cc1plus: warning: unrecognized command line option ‘-Wno-unused-private-field’'
Compilation failed:
    source file: '/home/aida/Desktop/robotica/eurobot_2025/eurobot_2025/build/CMakeFiles/CMakeTmp/src.cxx'
    check option: ' -Wno-unused-private-field'
===== BUILD LOG =====
Change Dir: /home/aida/Desktop/robotica/eurobot_2025/eurobot_2025/build/CMakeFiles/CMakeTmp

Run Build Command(s):/usr/bin/make cmTC_04b66/fast && /usr/bin/make -f CMakeFiles/cmTC_04b66.dir/build.make CMakeFiles/cmTC_04b66.dir/build
make[1]: Entering directory '/home/aida/Desktop/robotica/eurobot_2025/eurobot_2025/build/CMakeFiles/CMakeTmp'
Building CXX object CMakeFiles/cmTC_04b66.dir/src.cxx.o
/usr/bin/c++    -fsigned-char -W -Wall -Wreturn-type -Wnon-virtual-dtor -Waddress -Wsequence-point -Wformat -Wformat-security -Wmissing-declarations -Wundef -Winit-self -Wpointer-arith -Wshadow -Wsign-promo -Wuninitialized -Wsuggest-override -Wno-delete-non-virtual-dtor -Wno-comment -Wimplicit-fallthrough=3 -Wno-strict-overflow -fdiagnostics-show-option -Wno-long-long -pthread -fomit-frame-pointer -ffunction-sections -fdata-sections  -msse3 -fvisibility=hidden -fvisibility-inlines-hidden -Wno-unused-function -Wno-deprecated-declarations -Wno-overloaded-virtual  -O3 -DNDEBUG  -DNDEBUG -fPIE    -Wno-unused-private-field -std=c++11 -o CMakeFiles/cmTC_04b66.dir/src.cxx.o -c /home/aida/Desktop/robotica/eurobot_2025/eurobot_2025/build/CMakeFiles/CMakeTmp/src.cxx
/home/aida/Desktop/robotica/eurobot_2025/eurobot_2025/build/CMakeFiles/CMakeTmp/src.cxx:1: warning: ignoring #pragma   [-Wunknown-pragmas]
    1 | #pragma
      | 
cc1plus: warning: unrecognized command line option ‘-Wno-unused-private-field’
Linking CXX executable cmTC_04b66
/usr/bin/cmake -E cmake_link_script CMakeFiles/cmTC_04b66.dir/link.txt --verbose=1
/usr/bin/c++     -fsigned-char -W -Wall -Wreturn-type -Wnon-virtual-dtor -Waddress -Wsequence-point -Wformat -Wformat-security -Wmissing-declarations -Wundef -Winit-self -Wpointer-arith -Wshadow -Wsign-promo -Wuninitialized -Wsuggest-override -Wno-delete-non-virtual-dtor -Wno-comment -Wimplicit-fallthrough=3 -Wno-strict-overflow -fdiagnostics-show-option -Wno-long-long -pthread -fomit-frame-pointer -ffunction-sections -fdata-sections  -msse3 -fvisibility=hidden -fvisibility-inlines-hidden -Wno-unused-function -Wno-deprecated-declarations -Wno-overloaded-virtual  -O3 -DNDEBUG  -DNDEBUG    -Wl,--gc-sections -Wl,--as-needed -Wl,--no-undefined  CMakeFiles/cmTC_04b66.dir/src.cxx.o  -o cmTC_04b66 
make[1]: Leaving directory '/home/aida/Desktop/robotica/eurobot_2025/eurobot_2025/build/CMakeFiles/CMakeTmp'


===== END =====

