[0.105s] DEBUG:colcon:Command line arguments: ['/usr/bin/colcon', 'build']
[0.105s] DEBUG:colcon:Parsed command line arguments: Namespace(log_base=None, log_level=None, verb_name='build', build_base='build', install_base='install', merge_install=False, symlink_install=False, test_result_base=None, continue_on_error=False, executor='parallel', parallel_workers=16, event_handlers=None, ignore_user_meta=False, metas=['./colcon.meta'], base_paths=['.'], packages_ignore=None, packages_ignore_regex=None, paths=None, packages_up_to=None, packages_up_to_regex=None, packages_above=None, packages_above_and_dependencies=None, packages_above_depth=None, packages_select_by_dep=None, packages_skip_by_dep=None, packages_skip_up_to=None, packages_select_build_failed=False, packages_skip_build_finished=False, packages_select_test_failures=False, packages_skip_test_passed=False, packages_select=None, packages_skip=None, packages_select_regex=None, packages_skip_regex=None, packages_start=None, packages_end=None, cmake_args=None, cmake_target=None, cmake_target_skip_unavailable=False, cmake_clean_cache=False, cmake_clean_first=False, cmake_force_configure=False, ament_cmake_args=None, catkin_cmake_args=None, catkin_skip_building_tests=False, mixin_files=None, mixin=None, verb_parser=<colcon_mixin.mixin.mixin_argument.MixinArgumentDecorator object at 0x7f0216417c10>, verb_extension=<colcon_core.verb.build.BuildVerb object at 0x7f0216417760>, main=<bound method BuildVerb.main of <colcon_core.verb.build.BuildVerb object at 0x7f0216417760>>, mixin_verb=('build',))
[0.236s] Level 1:colcon.colcon_core.package_discovery:discover_packages(colcon_meta) check parameters
[0.237s] INFO:colcon.colcon_metadata.package_discovery.colcon_meta:Using configuration from '/root/.colcon/metadata/default/Gazebo.meta'
[0.237s] INFO:colcon.colcon_metadata.package_discovery.colcon_meta:Using configuration from '/root/.colcon/metadata/default/fastrtps.meta'
[0.237s] Level 1:colcon.colcon_core.package_discovery:discover_packages(recursive) check parameters
[0.237s] Level 1:colcon.colcon_core.package_discovery:discover_packages(ignore) check parameters
[0.237s] Level 1:colcon.colcon_core.package_discovery:discover_packages(path) check parameters
[0.237s] Level 1:colcon.colcon_core.package_discovery:discover_packages(colcon_meta) discover
[0.237s] Level 1:colcon.colcon_core.package_discovery:discover_packages(recursive) discover
[0.237s] INFO:colcon.colcon_core.package_discovery:Crawling recursively for packages in '/wolvi'
[0.237s] Level 1:colcon.colcon_core.package_identification:_identify(.) by extensions ['ignore', 'ignore_ament_install']
[0.237s] Level 1:colcon.colcon_core.package_identification:_identify(.) by extension 'ignore'
[0.237s] Level 1:colcon.colcon_core.package_identification:_identify(.) by extension 'ignore_ament_install'
[0.237s] Level 1:colcon.colcon_core.package_identification:_identify(.) by extensions ['colcon_pkg']
[0.237s] Level 1:colcon.colcon_core.package_identification:_identify(.) by extension 'colcon_pkg'
[0.238s] Level 1:colcon.colcon_core.package_identification:_identify(.) by extensions ['colcon_meta']
[0.238s] Level 1:colcon.colcon_core.package_identification:_identify(.) by extension 'colcon_meta'
[0.238s] Level 1:colcon.colcon_core.package_identification:_identify(.) by extensions ['ros']
[0.238s] Level 1:colcon.colcon_core.package_identification:_identify(.) by extension 'ros'
[0.247s] Level 1:colcon.colcon_core.package_identification:_identify(.) by extensions ['cmake', 'python']
[0.247s] Level 1:colcon.colcon_core.package_identification:_identify(.) by extension 'cmake'
[0.247s] Level 1:colcon.colcon_core.package_identification:_identify(.) by extension 'python'
[0.247s] Level 1:colcon.colcon_core.package_identification:_identify(.) by extensions ['python_setup_py']
[0.247s] Level 1:colcon.colcon_core.package_identification:_identify(.) by extension 'python_setup_py'
[0.248s] Level 1:colcon.colcon_core.package_identification:_identify(build) by extensions ['ignore', 'ignore_ament_install']
[0.248s] Level 1:colcon.colcon_core.package_identification:_identify(build) by extension 'ignore'
[0.248s] Level 1:colcon.colcon_core.package_identification:_identify(build) ignored
[0.248s] Level 1:colcon.colcon_core.package_identification:_identify(install) by extensions ['ignore', 'ignore_ament_install']
[0.248s] Level 1:colcon.colcon_core.package_identification:_identify(install) by extension 'ignore'
[0.248s] Level 1:colcon.colcon_core.package_identification:_identify(install) ignored
[0.248s] Level 1:colcon.colcon_core.package_identification:_identify(log) by extensions ['ignore', 'ignore_ament_install']
[0.248s] Level 1:colcon.colcon_core.package_identification:_identify(log) by extension 'ignore'
[0.248s] Level 1:colcon.colcon_core.package_identification:_identify(log) ignored
[0.248s] Level 1:colcon.colcon_core.package_identification:_identify(src) by extensions ['ignore', 'ignore_ament_install']
[0.248s] Level 1:colcon.colcon_core.package_identification:_identify(src) by extension 'ignore'
[0.248s] Level 1:colcon.colcon_core.package_identification:_identify(src) by extension 'ignore_ament_install'
[0.248s] Level 1:colcon.colcon_core.package_identification:_identify(src) by extensions ['colcon_pkg']
[0.248s] Level 1:colcon.colcon_core.package_identification:_identify(src) by extension 'colcon_pkg'
[0.248s] Level 1:colcon.colcon_core.package_identification:_identify(src) by extensions ['colcon_meta']
[0.248s] Level 1:colcon.colcon_core.package_identification:_identify(src) by extension 'colcon_meta'
[0.249s] Level 1:colcon.colcon_core.package_identification:_identify(src) by extensions ['ros']
[0.249s] Level 1:colcon.colcon_core.package_identification:_identify(src) by extension 'ros'
[0.249s] Level 1:colcon.colcon_core.package_identification:_identify(src) by extensions ['cmake', 'python']
[0.249s] Level 1:colcon.colcon_core.package_identification:_identify(src) by extension 'cmake'
[0.249s] Level 1:colcon.colcon_core.package_identification:_identify(src) by extension 'python'
[0.249s] Level 1:colcon.colcon_core.package_identification:_identify(src) by extensions ['python_setup_py']
[0.249s] Level 1:colcon.colcon_core.package_identification:_identify(src) by extension 'python_setup_py'
[0.249s] Level 1:colcon.colcon_core.package_identification:_identify(src/computation_zone) by extensions ['ignore', 'ignore_ament_install']
[0.249s] Level 1:colcon.colcon_core.package_identification:_identify(src/computation_zone) by extension 'ignore'
[0.249s] Level 1:colcon.colcon_core.package_identification:_identify(src/computation_zone) by extension 'ignore_ament_install'
[0.249s] Level 1:colcon.colcon_core.package_identification:_identify(src/computation_zone) by extensions ['colcon_pkg']
[0.249s] Level 1:colcon.colcon_core.package_identification:_identify(src/computation_zone) by extension 'colcon_pkg'
[0.249s] Level 1:colcon.colcon_core.package_identification:_identify(src/computation_zone) by extensions ['colcon_meta']
[0.249s] Level 1:colcon.colcon_core.package_identification:_identify(src/computation_zone) by extension 'colcon_meta'
[0.249s] Level 1:colcon.colcon_core.package_identification:_identify(src/computation_zone) by extensions ['ros']
[0.249s] Level 1:colcon.colcon_core.package_identification:_identify(src/computation_zone) by extension 'ros'
[0.251s] DEBUG:colcon.colcon_core.package_identification:Package 'src/computation_zone' with type 'ros.ament_cmake' and name 'computation_zone'
[0.252s] Level 1:colcon.colcon_core.package_identification:_identify(src/robot_01) by extensions ['ignore', 'ignore_ament_install']
[0.252s] Level 1:colcon.colcon_core.package_identification:_identify(src/robot_01) by extension 'ignore'
[0.252s] Level 1:colcon.colcon_core.package_identification:_identify(src/robot_01) by extension 'ignore_ament_install'
[0.252s] Level 1:colcon.colcon_core.package_identification:_identify(src/robot_01) by extensions ['colcon_pkg']
[0.252s] Level 1:colcon.colcon_core.package_identification:_identify(src/robot_01) by extension 'colcon_pkg'
[0.252s] Level 1:colcon.colcon_core.package_identification:_identify(src/robot_01) by extensions ['colcon_meta']
[0.252s] Level 1:colcon.colcon_core.package_identification:_identify(src/robot_01) by extension 'colcon_meta'
[0.252s] Level 1:colcon.colcon_core.package_identification:_identify(src/robot_01) by extensions ['ros']
[0.252s] Level 1:colcon.colcon_core.package_identification:_identify(src/robot_01) by extension 'ros'
[0.253s] DEBUG:colcon.colcon_core.package_identification:Package 'src/robot_01' with type 'ros.ament_cmake' and name 'robot_01'
[0.253s] Level 1:colcon.colcon_core.package_identification:_identify(src/tests) by extensions ['ignore', 'ignore_ament_install']
[0.253s] Level 1:colcon.colcon_core.package_identification:_identify(src/tests) by extension 'ignore'
[0.253s] Level 1:colcon.colcon_core.package_identification:_identify(src/tests) by extension 'ignore_ament_install'
[0.253s] Level 1:colcon.colcon_core.package_identification:_identify(src/tests) by extensions ['colcon_pkg']
[0.253s] Level 1:colcon.colcon_core.package_identification:_identify(src/tests) by extension 'colcon_pkg'
[0.253s] Level 1:colcon.colcon_core.package_identification:_identify(src/tests) by extensions ['colcon_meta']
[0.253s] Level 1:colcon.colcon_core.package_identification:_identify(src/tests) by extension 'colcon_meta'
[0.253s] Level 1:colcon.colcon_core.package_identification:_identify(src/tests) by extensions ['ros']
[0.253s] Level 1:colcon.colcon_core.package_identification:_identify(src/tests) by extension 'ros'
[0.253s] DEBUG:colcon.colcon_core.package_identification:Package 'src/tests' with type 'ros.ament_cmake' and name 'tests'
[0.254s] Level 1:colcon.colcon_core.package_identification:_identify(src/utils) by extensions ['ignore', 'ignore_ament_install']
[0.254s] Level 1:colcon.colcon_core.package_identification:_identify(src/utils) by extension 'ignore'
[0.254s] Level 1:colcon.colcon_core.package_identification:_identify(src/utils) by extension 'ignore_ament_install'
[0.254s] Level 1:colcon.colcon_core.package_identification:_identify(src/utils) by extensions ['colcon_pkg']
[0.254s] Level 1:colcon.colcon_core.package_identification:_identify(src/utils) by extension 'colcon_pkg'
[0.254s] Level 1:colcon.colcon_core.package_identification:_identify(src/utils) by extensions ['colcon_meta']
[0.254s] Level 1:colcon.colcon_core.package_identification:_identify(src/utils) by extension 'colcon_meta'
[0.254s] Level 1:colcon.colcon_core.package_identification:_identify(src/utils) by extensions ['ros']
[0.254s] Level 1:colcon.colcon_core.package_identification:_identify(src/utils) by extension 'ros'
[0.254s] DEBUG:colcon.colcon_core.package_identification:Package 'src/utils' with type 'ros.ament_cmake' and name 'utils'
[0.254s] Level 1:colcon.colcon_core.package_identification:_identify(utils) by extensions ['ignore', 'ignore_ament_install']
[0.255s] Level 1:colcon.colcon_core.package_identification:_identify(utils) by extension 'ignore'
[0.255s] Level 1:colcon.colcon_core.package_identification:_identify(utils) by extension 'ignore_ament_install'
[0.255s] Level 1:colcon.colcon_core.package_identification:_identify(utils) by extensions ['colcon_pkg']
[0.255s] Level 1:colcon.colcon_core.package_identification:_identify(utils) by extension 'colcon_pkg'
[0.255s] Level 1:colcon.colcon_core.package_identification:_identify(utils) by extensions ['colcon_meta']
[0.255s] Level 1:colcon.colcon_core.package_identification:_identify(utils) by extension 'colcon_meta'
[0.255s] Level 1:colcon.colcon_core.package_identification:_identify(utils) by extensions ['ros']
[0.255s] Level 1:colcon.colcon_core.package_identification:_identify(utils) by extension 'ros'
[0.255s] Level 1:colcon.colcon_core.package_identification:_identify(utils) by extensions ['cmake', 'python']
[0.255s] Level 1:colcon.colcon_core.package_identification:_identify(utils) by extension 'cmake'
[0.255s] Level 1:colcon.colcon_core.package_identification:_identify(utils) by extension 'python'
[0.255s] Level 1:colcon.colcon_core.package_identification:_identify(utils) by extensions ['python_setup_py']
[0.255s] Level 1:colcon.colcon_core.package_identification:_identify(utils) by extension 'python_setup_py'
[0.255s] Level 1:colcon.colcon_core.package_identification:_identify(utils/__pycache__) by extensions ['ignore', 'ignore_ament_install']
[0.255s] Level 1:colcon.colcon_core.package_identification:_identify(utils/__pycache__) by extension 'ignore'
[0.255s] Level 1:colcon.colcon_core.package_identification:_identify(utils/__pycache__) by extension 'ignore_ament_install'
[0.255s] Level 1:colcon.colcon_core.package_identification:_identify(utils/__pycache__) by extensions ['colcon_pkg']
[0.255s] Level 1:colcon.colcon_core.package_identification:_identify(utils/__pycache__) by extension 'colcon_pkg'
[0.255s] Level 1:colcon.colcon_core.package_identification:_identify(utils/__pycache__) by extensions ['colcon_meta']
[0.255s] Level 1:colcon.colcon_core.package_identification:_identify(utils/__pycache__) by extension 'colcon_meta'
[0.255s] Level 1:colcon.colcon_core.package_identification:_identify(utils/__pycache__) by extensions ['ros']
[0.255s] Level 1:colcon.colcon_core.package_identification:_identify(utils/__pycache__) by extension 'ros'
[0.255s] Level 1:colcon.colcon_core.package_identification:_identify(utils/__pycache__) by extensions ['cmake', 'python']
[0.255s] Level 1:colcon.colcon_core.package_identification:_identify(utils/__pycache__) by extension 'cmake'
[0.256s] Level 1:colcon.colcon_core.package_identification:_identify(utils/__pycache__) by extension 'python'
[0.256s] Level 1:colcon.colcon_core.package_identification:_identify(utils/__pycache__) by extensions ['python_setup_py']
[0.256s] Level 1:colcon.colcon_core.package_identification:_identify(utils/__pycache__) by extension 'python_setup_py'
[0.256s] Level 1:colcon.colcon_core.package_discovery:discover_packages(recursive) using defaults
[0.256s] Level 1:colcon.colcon_core.package_discovery:discover_packages(ignore) discover
[0.256s] Level 1:colcon.colcon_core.package_discovery:discover_packages(ignore) using defaults
[0.256s] Level 1:colcon.colcon_core.package_discovery:discover_packages(path) discover
[0.256s] Level 1:colcon.colcon_core.package_discovery:discover_packages(path) using defaults
[0.274s] Level 5:colcon.colcon_core.verb:set package 'computation_zone' build argument 'cmake_args' from command line to 'None'
[0.274s] Level 5:colcon.colcon_core.verb:set package 'computation_zone' build argument 'cmake_target' from command line to 'None'
[0.274s] Level 5:colcon.colcon_core.verb:set package 'computation_zone' build argument 'cmake_target_skip_unavailable' from command line to 'False'
[0.274s] Level 5:colcon.colcon_core.verb:set package 'computation_zone' build argument 'cmake_clean_cache' from command line to 'False'
[0.274s] Level 5:colcon.colcon_core.verb:set package 'computation_zone' build argument 'cmake_clean_first' from command line to 'False'
[0.274s] Level 5:colcon.colcon_core.verb:set package 'computation_zone' build argument 'cmake_force_configure' from command line to 'False'
[0.274s] Level 5:colcon.colcon_core.verb:set package 'computation_zone' build argument 'ament_cmake_args' from command line to 'None'
[0.274s] Level 5:colcon.colcon_core.verb:set package 'computation_zone' build argument 'catkin_cmake_args' from command line to 'None'
[0.274s] Level 5:colcon.colcon_core.verb:set package 'computation_zone' build argument 'catkin_skip_building_tests' from command line to 'False'
[0.274s] DEBUG:colcon.colcon_core.verb:Building package 'computation_zone' with the following arguments: {'ament_cmake_args': None, 'build_base': '/wolvi/build/computation_zone', 'catkin_cmake_args': None, 'catkin_skip_building_tests': False, 'cmake_args': None, 'cmake_clean_cache': False, 'cmake_clean_first': False, 'cmake_force_configure': False, 'cmake_target': None, 'cmake_target_skip_unavailable': False, 'install_base': '/wolvi/install/computation_zone', 'merge_install': False, 'path': '/wolvi/src/computation_zone', 'symlink_install': False, 'test_result_base': None}
[0.274s] Level 5:colcon.colcon_core.verb:set package 'robot_01' build argument 'cmake_args' from command line to 'None'
[0.275s] Level 5:colcon.colcon_core.verb:set package 'robot_01' build argument 'cmake_target' from command line to 'None'
[0.275s] Level 5:colcon.colcon_core.verb:set package 'robot_01' build argument 'cmake_target_skip_unavailable' from command line to 'False'
[0.275s] Level 5:colcon.colcon_core.verb:set package 'robot_01' build argument 'cmake_clean_cache' from command line to 'False'
[0.275s] Level 5:colcon.colcon_core.verb:set package 'robot_01' build argument 'cmake_clean_first' from command line to 'False'
[0.275s] Level 5:colcon.colcon_core.verb:set package 'robot_01' build argument 'cmake_force_configure' from command line to 'False'
[0.275s] Level 5:colcon.colcon_core.verb:set package 'robot_01' build argument 'ament_cmake_args' from command line to 'None'
[0.275s] Level 5:colcon.colcon_core.verb:set package 'robot_01' build argument 'catkin_cmake_args' from command line to 'None'
[0.275s] Level 5:colcon.colcon_core.verb:set package 'robot_01' build argument 'catkin_skip_building_tests' from command line to 'False'
[0.275s] DEBUG:colcon.colcon_core.verb:Building package 'robot_01' with the following arguments: {'ament_cmake_args': None, 'build_base': '/wolvi/build/robot_01', 'catkin_cmake_args': None, 'catkin_skip_building_tests': False, 'cmake_args': None, 'cmake_clean_cache': False, 'cmake_clean_first': False, 'cmake_force_configure': False, 'cmake_target': None, 'cmake_target_skip_unavailable': False, 'install_base': '/wolvi/install/robot_01', 'merge_install': False, 'path': '/wolvi/src/robot_01', 'symlink_install': False, 'test_result_base': None}
[0.275s] Level 5:colcon.colcon_core.verb:set package 'utils' build argument 'cmake_args' from command line to 'None'
[0.275s] Level 5:colcon.colcon_core.verb:set package 'utils' build argument 'cmake_target' from command line to 'None'
[0.275s] Level 5:colcon.colcon_core.verb:set package 'utils' build argument 'cmake_target_skip_unavailable' from command line to 'False'
[0.275s] Level 5:colcon.colcon_core.verb:set package 'utils' build argument 'cmake_clean_cache' from command line to 'False'
[0.275s] Level 5:colcon.colcon_core.verb:set package 'utils' build argument 'cmake_clean_first' from command line to 'False'
[0.275s] Level 5:colcon.colcon_core.verb:set package 'utils' build argument 'cmake_force_configure' from command line to 'False'
[0.275s] Level 5:colcon.colcon_core.verb:set package 'utils' build argument 'ament_cmake_args' from command line to 'None'
[0.275s] Level 5:colcon.colcon_core.verb:set package 'utils' build argument 'catkin_cmake_args' from command line to 'None'
[0.275s] Level 5:colcon.colcon_core.verb:set package 'utils' build argument 'catkin_skip_building_tests' from command line to 'False'
[0.275s] DEBUG:colcon.colcon_core.verb:Building package 'utils' with the following arguments: {'ament_cmake_args': None, 'build_base': '/wolvi/build/utils', 'catkin_cmake_args': None, 'catkin_skip_building_tests': False, 'cmake_args': None, 'cmake_clean_cache': False, 'cmake_clean_first': False, 'cmake_force_configure': False, 'cmake_target': None, 'cmake_target_skip_unavailable': False, 'install_base': '/wolvi/install/utils', 'merge_install': False, 'path': '/wolvi/src/utils', 'symlink_install': False, 'test_result_base': None}
[0.276s] Level 5:colcon.colcon_core.verb:set package 'tests' build argument 'cmake_args' from command line to 'None'
[0.276s] Level 5:colcon.colcon_core.verb:set package 'tests' build argument 'cmake_target' from command line to 'None'
[0.276s] Level 5:colcon.colcon_core.verb:set package 'tests' build argument 'cmake_target_skip_unavailable' from command line to 'False'
[0.276s] Level 5:colcon.colcon_core.verb:set package 'tests' build argument 'cmake_clean_cache' from command line to 'False'
[0.276s] Level 5:colcon.colcon_core.verb:set package 'tests' build argument 'cmake_clean_first' from command line to 'False'
[0.276s] Level 5:colcon.colcon_core.verb:set package 'tests' build argument 'cmake_force_configure' from command line to 'False'
[0.276s] Level 5:colcon.colcon_core.verb:set package 'tests' build argument 'ament_cmake_args' from command line to 'None'
[0.276s] Level 5:colcon.colcon_core.verb:set package 'tests' build argument 'catkin_cmake_args' from command line to 'None'
[0.276s] Level 5:colcon.colcon_core.verb:set package 'tests' build argument 'catkin_skip_building_tests' from command line to 'False'
[0.276s] DEBUG:colcon.colcon_core.verb:Building package 'tests' with the following arguments: {'ament_cmake_args': None, 'build_base': '/wolvi/build/tests', 'catkin_cmake_args': None, 'catkin_skip_building_tests': False, 'cmake_args': None, 'cmake_clean_cache': False, 'cmake_clean_first': False, 'cmake_force_configure': False, 'cmake_target': None, 'cmake_target_skip_unavailable': False, 'install_base': '/wolvi/install/tests', 'merge_install': False, 'path': '/wolvi/src/tests', 'symlink_install': False, 'test_result_base': None}
[0.276s] INFO:colcon.colcon_core.executor:Executing jobs using 'parallel' executor
[0.277s] DEBUG:colcon.colcon_parallel_executor.executor.parallel:run_until_complete
[0.277s] INFO:colcon.colcon_ros.task.ament_cmake.build:Building ROS package in '/wolvi/src/utils' with build type 'ament_cmake'
[0.277s] INFO:colcon.colcon_cmake.task.cmake.build:Building CMake package in '/wolvi/src/utils'
[0.280s] INFO:colcon.colcon_core.plugin_system:Skipping extension 'colcon_core.shell.bat': Not used on non-Windows systems
[0.280s] INFO:colcon.colcon_core.shell:Skip shell extension 'powershell' for command environment: Not usable outside of PowerShell
[0.280s] DEBUG:colcon.colcon_core.shell:Skip shell extension 'dsv' for command environment
[0.285s] INFO:colcon.colcon_ros.task.ament_cmake.build:Building ROS package in '/wolvi/src/computation_zone' with build type 'ament_cmake'
[0.285s] INFO:colcon.colcon_cmake.task.cmake.build:Building CMake package in '/wolvi/src/computation_zone'
[0.285s] INFO:colcon.colcon_core.shell:Skip shell extension 'powershell' for command environment: Not usable outside of PowerShell
[0.285s] DEBUG:colcon.colcon_core.shell:Skip shell extension 'dsv' for command environment
[0.294s] INFO:colcon.colcon_ros.task.ament_cmake.build:Building ROS package in '/wolvi/src/robot_01' with build type 'ament_cmake'
[0.294s] INFO:colcon.colcon_cmake.task.cmake.build:Building CMake package in '/wolvi/src/robot_01'
[0.294s] INFO:colcon.colcon_core.shell:Skip shell extension 'powershell' for command environment: Not usable outside of PowerShell
[0.294s] DEBUG:colcon.colcon_core.shell:Skip shell extension 'dsv' for command environment
[0.307s] DEBUG:colcon.colcon_core.event_handler.log_command:Invoking command in '/wolvi/build/utils': CMAKE_PREFIX_PATH=${CMAKE_PREFIX_PATH}:/opt/ros/humble /usr/bin/cmake --build /wolvi/build/utils -- -j16 -l16
[0.317s] DEBUG:colcon.colcon_core.event_handler.log_command:Invoking command in '/wolvi/build/computation_zone': CMAKE_PREFIX_PATH=${CMAKE_PREFIX_PATH}:/opt/ros/humble /usr/bin/cmake --build /wolvi/build/computation_zone -- -j16 -l16
[0.323s] DEBUG:colcon.colcon_core.event_handler.log_command:Invoking command in '/wolvi/build/robot_01': CMAKE_PREFIX_PATH=${CMAKE_PREFIX_PATH}:/opt/ros/humble /usr/bin/cmake --build /wolvi/build/robot_01 -- -j16 -l16
[0.379s] DEBUG:colcon.colcon_core.event_handler.log_command:Invoked command in '/wolvi/build/computation_zone' returned '0': CMAKE_PREFIX_PATH=${CMAKE_PREFIX_PATH}:/opt/ros/humble /usr/bin/cmake --build /wolvi/build/computation_zone -- -j16 -l16
[0.391s] DEBUG:colcon.colcon_core.event_handler.log_command:Invoked command in '/wolvi/build/robot_01' returned '0': CMAKE_PREFIX_PATH=${CMAKE_PREFIX_PATH}:/opt/ros/humble /usr/bin/cmake --build /wolvi/build/robot_01 -- -j16 -l16
[0.439s] DEBUG:colcon.colcon_core.event_handler.log_command:Invoking command in '/wolvi/build/computation_zone': CMAKE_PREFIX_PATH=${CMAKE_PREFIX_PATH}:/opt/ros/humble /usr/bin/cmake --install /wolvi/build/computation_zone
[0.443s] DEBUG:colcon.colcon_core.event_handler.log_command:Invoking command in '/wolvi/build/robot_01': CMAKE_PREFIX_PATH=${CMAKE_PREFIX_PATH}:/opt/ros/humble /usr/bin/cmake --install /wolvi/build/robot_01
[0.463s] Level 1:colcon.colcon_core.environment:create_environment_scripts_only(computation_zone)
[0.463s] DEBUG:colcon.colcon_core.event_handler.log_command:Invoked command in '/wolvi/build/computation_zone' returned '0': CMAKE_PREFIX_PATH=${CMAKE_PREFIX_PATH}:/opt/ros/humble /usr/bin/cmake --install /wolvi/build/computation_zone
[0.467s] Level 1:colcon.colcon_core.environment:checking '/wolvi/install/computation_zone' for CMake module files
[0.468s] Level 1:colcon.colcon_core.environment:checking '/wolvi/install/computation_zone' for CMake config files
[0.469s] Level 1:colcon.colcon_core.shell:create_environment_hook('computation_zone', 'cmake_prefix_path')
[0.469s] INFO:colcon.colcon_core.shell:Creating environment hook '/wolvi/install/computation_zone/share/computation_zone/hook/cmake_prefix_path.ps1'
[0.470s] INFO:colcon.colcon_core.shell:Creating environment descriptor '/wolvi/install/computation_zone/share/computation_zone/hook/cmake_prefix_path.dsv'
[0.471s] INFO:colcon.colcon_core.shell:Creating environment hook '/wolvi/install/computation_zone/share/computation_zone/hook/cmake_prefix_path.sh'
[0.472s] Level 1:colcon.colcon_core.environment:checking '/wolvi/install/computation_zone/bin'
[0.473s] Level 1:colcon.colcon_core.environment:checking '/wolvi/install/computation_zone/lib/pkgconfig/computation_zone.pc'
[0.476s] Level 1:colcon.colcon_core.environment:checking '/wolvi/install/computation_zone/lib/python3.10/site-packages'
[0.476s] Level 1:colcon.colcon_core.environment:checking '/wolvi/install/computation_zone/bin'
[0.477s] INFO:colcon.colcon_core.shell:Creating package script '/wolvi/install/computation_zone/share/computation_zone/package.ps1'
[0.479s] INFO:colcon.colcon_core.shell:Creating package descriptor '/wolvi/install/computation_zone/share/computation_zone/package.dsv'
[0.480s] INFO:colcon.colcon_core.shell:Creating package script '/wolvi/install/computation_zone/share/computation_zone/package.sh'
[0.481s] INFO:colcon.colcon_core.shell:Creating package script '/wolvi/install/computation_zone/share/computation_zone/package.bash'
[0.483s] INFO:colcon.colcon_core.shell:Creating package script '/wolvi/install/computation_zone/share/computation_zone/package.zsh'
[0.484s] Level 1:colcon.colcon_core.environment:create_file_with_runtime_dependencies(/wolvi/install/computation_zone/share/colcon-core/packages/computation_zone)
[0.487s] Level 1:colcon.colcon_core.environment:create_environment_scripts_only(robot_01)
[0.488s] Level 1:colcon.colcon_core.environment:checking '/wolvi/install/robot_01' for CMake module files
[0.488s] DEBUG:colcon.colcon_core.event_handler.log_command:Invoked command in '/wolvi/build/robot_01' returned '0': CMAKE_PREFIX_PATH=${CMAKE_PREFIX_PATH}:/opt/ros/humble /usr/bin/cmake --install /wolvi/build/robot_01
[0.488s] Level 1:colcon.colcon_core.environment:checking '/wolvi/install/robot_01' for CMake config files
[0.489s] Level 1:colcon.colcon_core.shell:create_environment_hook('robot_01', 'cmake_prefix_path')
[0.489s] INFO:colcon.colcon_core.shell:Creating environment hook '/wolvi/install/robot_01/share/robot_01/hook/cmake_prefix_path.ps1'
[0.489s] INFO:colcon.colcon_core.shell:Creating environment descriptor '/wolvi/install/robot_01/share/robot_01/hook/cmake_prefix_path.dsv'
[0.490s] INFO:colcon.colcon_core.shell:Creating environment hook '/wolvi/install/robot_01/share/robot_01/hook/cmake_prefix_path.sh'
[0.490s] Level 1:colcon.colcon_core.environment:checking '/wolvi/install/robot_01/lib'
[0.491s] Level 1:colcon.colcon_core.environment:checking '/wolvi/install/robot_01/bin'
[0.491s] Level 1:colcon.colcon_core.environment:checking '/wolvi/install/robot_01/lib/pkgconfig/robot_01.pc'
[0.491s] Level 1:colcon.colcon_core.environment:checking '/wolvi/install/robot_01/lib/python3.10/site-packages'
[0.491s] Level 1:colcon.colcon_core.environment:checking '/wolvi/install/robot_01/bin'
[0.491s] INFO:colcon.colcon_core.shell:Creating package script '/wolvi/install/robot_01/share/robot_01/package.ps1'
[0.492s] INFO:colcon.colcon_core.shell:Creating package descriptor '/wolvi/install/robot_01/share/robot_01/package.dsv'
[0.492s] INFO:colcon.colcon_core.shell:Creating package script '/wolvi/install/robot_01/share/robot_01/package.sh'
[0.493s] INFO:colcon.colcon_core.shell:Creating package script '/wolvi/install/robot_01/share/robot_01/package.bash'
[0.493s] INFO:colcon.colcon_core.shell:Creating package script '/wolvi/install/robot_01/share/robot_01/package.zsh'
[0.493s] Level 1:colcon.colcon_core.environment:create_file_with_runtime_dependencies(/wolvi/install/robot_01/share/colcon-core/packages/robot_01)
[0.526s] Level 1:colcon.colcon_core.environment:create_environment_scripts_only(robot_01)
[0.526s] Level 1:colcon.colcon_core.environment:checking '/wolvi/install/robot_01' for CMake module files
[0.527s] Level 1:colcon.colcon_core.environment:checking '/wolvi/install/robot_01' for CMake config files
[0.528s] Level 1:colcon.colcon_core.shell:create_environment_hook('robot_01', 'cmake_prefix_path')
[0.528s] INFO:colcon.colcon_core.shell:Creating environment hook '/wolvi/install/robot_01/share/robot_01/hook/cmake_prefix_path.ps1'
[0.529s] INFO:colcon.colcon_core.shell:Creating environment descriptor '/wolvi/install/robot_01/share/robot_01/hook/cmake_prefix_path.dsv'
[0.529s] INFO:colcon.colcon_core.shell:Creating environment hook '/wolvi/install/robot_01/share/robot_01/hook/cmake_prefix_path.sh'
[0.530s] Level 1:colcon.colcon_core.environment:checking '/wolvi/install/robot_01/lib'
[0.530s] Level 1:colcon.colcon_core.environment:checking '/wolvi/install/robot_01/bin'
[0.531s] Level 1:colcon.colcon_core.environment:checking '/wolvi/install/robot_01/lib/pkgconfig/robot_01.pc'
[0.531s] Level 1:colcon.colcon_core.environment:checking '/wolvi/install/robot_01/lib/python3.10/site-packages'
[0.531s] Level 1:colcon.colcon_core.environment:checking '/wolvi/install/robot_01/bin'
[0.532s] INFO:colcon.colcon_core.shell:Creating package script '/wolvi/install/robot_01/share/robot_01/package.ps1'
[0.533s] INFO:colcon.colcon_core.shell:Creating package descriptor '/wolvi/install/robot_01/share/robot_01/package.dsv'
[0.534s] INFO:colcon.colcon_core.shell:Creating package script '/wolvi/install/robot_01/share/robot_01/package.sh'
[0.535s] INFO:colcon.colcon_core.shell:Creating package script '/wolvi/install/robot_01/share/robot_01/package.bash'
[0.536s] INFO:colcon.colcon_core.shell:Creating package script '/wolvi/install/robot_01/share/robot_01/package.zsh'
[0.537s] Level 1:colcon.colcon_core.environment:create_file_with_runtime_dependencies(/wolvi/install/robot_01/share/colcon-core/packages/robot_01)
[0.538s] Level 1:colcon.colcon_core.environment:create_environment_scripts_only(computation_zone)
[0.539s] Level 1:colcon.colcon_core.environment:checking '/wolvi/install/computation_zone' for CMake module files
[0.541s] Level 1:colcon.colcon_core.environment:checking '/wolvi/install/computation_zone' for CMake config files
[0.542s] Level 1:colcon.colcon_core.shell:create_environment_hook('computation_zone', 'cmake_prefix_path')
[0.542s] INFO:colcon.colcon_core.shell:Creating environment hook '/wolvi/install/computation_zone/share/computation_zone/hook/cmake_prefix_path.ps1'
[0.543s] INFO:colcon.colcon_core.shell:Creating environment descriptor '/wolvi/install/computation_zone/share/computation_zone/hook/cmake_prefix_path.dsv'
[0.543s] INFO:colcon.colcon_core.shell:Creating environment hook '/wolvi/install/computation_zone/share/computation_zone/hook/cmake_prefix_path.sh'
[0.544s] Level 1:colcon.colcon_core.environment:checking '/wolvi/install/computation_zone/bin'
[0.544s] Level 1:colcon.colcon_core.environment:checking '/wolvi/install/computation_zone/lib/pkgconfig/computation_zone.pc'
[0.545s] Level 1:colcon.colcon_core.environment:checking '/wolvi/install/computation_zone/lib/python3.10/site-packages'
[0.545s] Level 1:colcon.colcon_core.environment:checking '/wolvi/install/computation_zone/bin'
[0.546s] INFO:colcon.colcon_core.shell:Creating package script '/wolvi/install/computation_zone/share/computation_zone/package.ps1'
[0.547s] INFO:colcon.colcon_core.shell:Creating package descriptor '/wolvi/install/computation_zone/share/computation_zone/package.dsv'
[0.548s] INFO:colcon.colcon_core.shell:Creating package script '/wolvi/install/computation_zone/share/computation_zone/package.sh'
[0.548s] INFO:colcon.colcon_core.shell:Creating package script '/wolvi/install/computation_zone/share/computation_zone/package.bash'
[0.549s] INFO:colcon.colcon_core.shell:Creating package script '/wolvi/install/computation_zone/share/computation_zone/package.zsh'
[0.550s] Level 1:colcon.colcon_core.environment:create_file_with_runtime_dependencies(/wolvi/install/computation_zone/share/colcon-core/packages/computation_zone)
[0.956s] DEBUG:colcon.colcon_core.event_handler.log_command:Invoked command in '/wolvi/build/utils' returned '0': CMAKE_PREFIX_PATH=${CMAKE_PREFIX_PATH}:/opt/ros/humble /usr/bin/cmake --build /wolvi/build/utils -- -j16 -l16
[1.009s] DEBUG:colcon.colcon_core.event_handler.log_command:Invoking command in '/wolvi/build/utils': CMAKE_PREFIX_PATH=${CMAKE_PREFIX_PATH}:/opt/ros/humble /usr/bin/cmake --install /wolvi/build/utils
[1.025s] Level 1:colcon.colcon_core.environment:create_environment_scripts_only(utils)
[1.026s] Level 1:colcon.colcon_core.environment:checking '/wolvi/install/utils' for CMake module files
[1.027s] DEBUG:colcon.colcon_core.event_handler.log_command:Invoked command in '/wolvi/build/utils' returned '0': CMAKE_PREFIX_PATH=${CMAKE_PREFIX_PATH}:/opt/ros/humble /usr/bin/cmake --install /wolvi/build/utils
[1.028s] Level 1:colcon.colcon_core.environment:checking '/wolvi/install/utils' for CMake config files
[1.028s] Level 1:colcon.colcon_core.shell:create_environment_hook('utils', 'cmake_prefix_path')
[1.029s] INFO:colcon.colcon_core.shell:Creating environment hook '/wolvi/install/utils/share/utils/hook/cmake_prefix_path.ps1'
[1.030s] INFO:colcon.colcon_core.shell:Creating environment descriptor '/wolvi/install/utils/share/utils/hook/cmake_prefix_path.dsv'
[1.031s] INFO:colcon.colcon_core.shell:Creating environment hook '/wolvi/install/utils/share/utils/hook/cmake_prefix_path.sh'
[1.032s] Level 1:colcon.colcon_core.environment:checking '/wolvi/install/utils/lib'
[1.032s] Level 1:colcon.colcon_core.environment:checking '/wolvi/install/utils/bin'
[1.032s] Level 1:colcon.colcon_core.environment:checking '/wolvi/install/utils/lib/pkgconfig/utils.pc'
[1.033s] Level 1:colcon.colcon_core.environment:checking '/wolvi/install/utils/lib/python3.10/site-packages'
[1.034s] Level 1:colcon.colcon_core.environment:checking '/wolvi/install/utils/bin'
[1.034s] INFO:colcon.colcon_core.shell:Creating package script '/wolvi/install/utils/share/utils/package.ps1'
[1.036s] INFO:colcon.colcon_core.shell:Creating package descriptor '/wolvi/install/utils/share/utils/package.dsv'
[1.037s] INFO:colcon.colcon_core.shell:Creating package script '/wolvi/install/utils/share/utils/package.sh'
[1.037s] INFO:colcon.colcon_core.shell:Creating package script '/wolvi/install/utils/share/utils/package.bash'
[1.038s] INFO:colcon.colcon_core.shell:Creating package script '/wolvi/install/utils/share/utils/package.zsh'
[1.038s] Level 1:colcon.colcon_core.environment:create_file_with_runtime_dependencies(/wolvi/install/utils/share/colcon-core/packages/utils)
[1.089s] Level 1:colcon.colcon_core.environment:create_environment_scripts_only(utils)
[1.090s] Level 1:colcon.colcon_core.environment:checking '/wolvi/install/utils' for CMake module files
[1.091s] Level 1:colcon.colcon_core.environment:checking '/wolvi/install/utils' for CMake config files
[1.092s] Level 1:colcon.colcon_core.shell:create_environment_hook('utils', 'cmake_prefix_path')
[1.092s] INFO:colcon.colcon_core.shell:Creating environment hook '/wolvi/install/utils/share/utils/hook/cmake_prefix_path.ps1'
[1.093s] INFO:colcon.colcon_core.shell:Creating environment descriptor '/wolvi/install/utils/share/utils/hook/cmake_prefix_path.dsv'
[1.094s] INFO:colcon.colcon_core.shell:Creating environment hook '/wolvi/install/utils/share/utils/hook/cmake_prefix_path.sh'
[1.095s] Level 1:colcon.colcon_core.environment:checking '/wolvi/install/utils/lib'
[1.095s] Level 1:colcon.colcon_core.environment:checking '/wolvi/install/utils/bin'
[1.095s] Level 1:colcon.colcon_core.environment:checking '/wolvi/install/utils/lib/pkgconfig/utils.pc'
[1.096s] Level 1:colcon.colcon_core.environment:checking '/wolvi/install/utils/lib/python3.10/site-packages'
[1.097s] Level 1:colcon.colcon_core.environment:checking '/wolvi/install/utils/bin'
[1.097s] INFO:colcon.colcon_core.shell:Creating package script '/wolvi/install/utils/share/utils/package.ps1'
[1.098s] INFO:colcon.colcon_core.shell:Creating package descriptor '/wolvi/install/utils/share/utils/package.dsv'
[1.098s] INFO:colcon.colcon_core.shell:Creating package script '/wolvi/install/utils/share/utils/package.sh'
[1.099s] INFO:colcon.colcon_core.shell:Creating package script '/wolvi/install/utils/share/utils/package.bash'
[1.099s] INFO:colcon.colcon_core.shell:Creating package script '/wolvi/install/utils/share/utils/package.zsh'
[1.099s] Level 1:colcon.colcon_core.environment:create_file_with_runtime_dependencies(/wolvi/install/utils/share/colcon-core/packages/utils)
[1.099s] INFO:colcon.colcon_ros.task.ament_cmake.build:Building ROS package in '/wolvi/src/tests' with build type 'ament_cmake'
[1.100s] INFO:colcon.colcon_cmake.task.cmake.build:Building CMake package in '/wolvi/src/tests'
[1.100s] INFO:colcon.colcon_core.shell:Skip shell extension 'powershell' for command environment: Not usable outside of PowerShell
[1.100s] DEBUG:colcon.colcon_core.shell:Skip shell extension 'dsv' for command environment
[1.117s] DEBUG:colcon.colcon_core.event_handler.log_command:Invoking command in '/wolvi/build/tests': AMENT_PREFIX_PATH=/wolvi/install/utils:${AMENT_PREFIX_PATH} CMAKE_PREFIX_PATH=/wolvi/install/utils:/wolvi/install/robot_01:/opt/ros/humble /usr/bin/cmake /wolvi/src/tests -DCMAKE_INSTALL_PREFIX=/wolvi/install/tests
[2.867s] DEBUG:colcon.colcon_core.event_handler.log_command:Invoked command in '/wolvi/build/tests' returned '0': AMENT_PREFIX_PATH=/wolvi/install/utils:${AMENT_PREFIX_PATH} CMAKE_PREFIX_PATH=/wolvi/install/utils:/wolvi/install/robot_01:/opt/ros/humble /usr/bin/cmake /wolvi/src/tests -DCMAKE_INSTALL_PREFIX=/wolvi/install/tests
[2.870s] DEBUG:colcon.colcon_core.event_handler.log_command:Invoking command in '/wolvi/build/tests': AMENT_PREFIX_PATH=/wolvi/install/utils:${AMENT_PREFIX_PATH} CMAKE_PREFIX_PATH=/wolvi/install/utils:/wolvi/install/robot_01:/opt/ros/humble /usr/bin/cmake --build /wolvi/build/tests -- -j16 -l16
[2.923s] DEBUG:colcon.colcon_core.event_handler.log_command:Invoked command in '/wolvi/build/tests' returned '0': AMENT_PREFIX_PATH=/wolvi/install/utils:${AMENT_PREFIX_PATH} CMAKE_PREFIX_PATH=/wolvi/install/utils:/wolvi/install/robot_01:/opt/ros/humble /usr/bin/cmake --build /wolvi/build/tests -- -j16 -l16
[2.977s] DEBUG:colcon.colcon_core.event_handler.log_command:Invoking command in '/wolvi/build/tests': AMENT_PREFIX_PATH=/wolvi/install/utils:${AMENT_PREFIX_PATH} CMAKE_PREFIX_PATH=/wolvi/install/utils:/wolvi/install/robot_01:/opt/ros/humble /usr/bin/cmake --install /wolvi/build/tests
[2.996s] Level 1:colcon.colcon_core.environment:create_environment_scripts_only(tests)
[2.997s] Level 1:colcon.colcon_core.environment:checking '/wolvi/install/tests' for CMake module files
[2.998s] DEBUG:colcon.colcon_core.event_handler.log_command:Invoked command in '/wolvi/build/tests' returned '0': AMENT_PREFIX_PATH=/wolvi/install/utils:${AMENT_PREFIX_PATH} CMAKE_PREFIX_PATH=/wolvi/install/utils:/wolvi/install/robot_01:/opt/ros/humble /usr/bin/cmake --install /wolvi/build/tests
[2.999s] Level 1:colcon.colcon_core.environment:checking '/wolvi/install/tests' for CMake config files
[3.000s] Level 1:colcon.colcon_core.shell:create_environment_hook('tests', 'cmake_prefix_path')
[3.000s] INFO:colcon.colcon_core.shell:Creating environment hook '/wolvi/install/tests/share/tests/hook/cmake_prefix_path.ps1'
[3.001s] INFO:colcon.colcon_core.shell:Creating environment descriptor '/wolvi/install/tests/share/tests/hook/cmake_prefix_path.dsv'
[3.002s] INFO:colcon.colcon_core.shell:Creating environment hook '/wolvi/install/tests/share/tests/hook/cmake_prefix_path.sh'
[3.002s] Level 1:colcon.colcon_core.environment:checking '/wolvi/install/tests/bin'
[3.002s] Level 1:colcon.colcon_core.environment:checking '/wolvi/install/tests/lib/pkgconfig/tests.pc'
[3.002s] Level 1:colcon.colcon_core.environment:checking '/wolvi/install/tests/lib/python3.10/site-packages'
[3.003s] Level 1:colcon.colcon_core.environment:checking '/wolvi/install/tests/bin'
[3.003s] INFO:colcon.colcon_core.shell:Creating package script '/wolvi/install/tests/share/tests/package.ps1'
[3.003s] INFO:colcon.colcon_core.shell:Creating package descriptor '/wolvi/install/tests/share/tests/package.dsv'
[3.004s] INFO:colcon.colcon_core.shell:Creating package script '/wolvi/install/tests/share/tests/package.sh'
[3.004s] INFO:colcon.colcon_core.shell:Creating package script '/wolvi/install/tests/share/tests/package.bash'
[3.004s] INFO:colcon.colcon_core.shell:Creating package script '/wolvi/install/tests/share/tests/package.zsh'
[3.004s] Level 1:colcon.colcon_core.environment:create_file_with_runtime_dependencies(/wolvi/install/tests/share/colcon-core/packages/tests)
[3.050s] Level 1:colcon.colcon_core.environment:create_environment_scripts_only(tests)
[3.051s] Level 1:colcon.colcon_core.environment:checking '/wolvi/install/tests' for CMake module files
[3.052s] Level 1:colcon.colcon_core.environment:checking '/wolvi/install/tests' for CMake config files
[3.053s] Level 1:colcon.colcon_core.shell:create_environment_hook('tests', 'cmake_prefix_path')
[3.053s] INFO:colcon.colcon_core.shell:Creating environment hook '/wolvi/install/tests/share/tests/hook/cmake_prefix_path.ps1'
[3.054s] INFO:colcon.colcon_core.shell:Creating environment descriptor '/wolvi/install/tests/share/tests/hook/cmake_prefix_path.dsv'
[3.055s] INFO:colcon.colcon_core.shell:Creating environment hook '/wolvi/install/tests/share/tests/hook/cmake_prefix_path.sh'
[3.057s] Level 1:colcon.colcon_core.environment:checking '/wolvi/install/tests/bin'
[3.057s] Level 1:colcon.colcon_core.environment:checking '/wolvi/install/tests/lib/pkgconfig/tests.pc'
[3.057s] Level 1:colcon.colcon_core.environment:checking '/wolvi/install/tests/lib/python3.10/site-packages'
[3.058s] Level 1:colcon.colcon_core.environment:checking '/wolvi/install/tests/bin'
[3.059s] INFO:colcon.colcon_core.shell:Creating package script '/wolvi/install/tests/share/tests/package.ps1'
[3.060s] INFO:colcon.colcon_core.shell:Creating package descriptor '/wolvi/install/tests/share/tests/package.dsv'
[3.061s] INFO:colcon.colcon_core.shell:Creating package script '/wolvi/install/tests/share/tests/package.sh'
[3.062s] INFO:colcon.colcon_core.shell:Creating package script '/wolvi/install/tests/share/tests/package.bash'
[3.063s] INFO:colcon.colcon_core.shell:Creating package script '/wolvi/install/tests/share/tests/package.zsh'
[3.063s] Level 1:colcon.colcon_core.environment:create_file_with_runtime_dependencies(/wolvi/install/tests/share/colcon-core/packages/tests)
[3.064s] DEBUG:colcon.colcon_parallel_executor.executor.parallel:closing loop
[3.065s] DEBUG:colcon.colcon_parallel_executor.executor.parallel:loop closed
[3.065s] DEBUG:colcon.colcon_parallel_executor.executor.parallel:run_until_complete finished with '0'
[3.065s] DEBUG:colcon.colcon_core.event_reactor:joining thread
[3.076s] INFO:colcon.colcon_core.plugin_system:Skipping extension 'colcon_notification.desktop_notification.notify_send': Could not find 'notify-send'
[3.077s] INFO:colcon.colcon_core.plugin_system:Skipping extension 'colcon_notification.desktop_notification.terminal_notifier': Not used on non-Darwin systems
[3.077s] INFO:colcon.colcon_core.plugin_system:Skipping extension 'colcon_notification.desktop_notification.win32': Not used on non-Windows systems
[3.077s] INFO:colcon.colcon_notification.desktop_notification:Sending desktop notification using 'notify2'
[3.092s] DEBUG:colcon.colcon_notification.desktop_notification.notify2:Failed to initialize notify2: org.freedesktop.DBus.Error.ServiceUnknown: The name org.freedesktop.Notifications was not provided by any .service files
[3.093s] DEBUG:colcon.colcon_core.event_reactor:joined thread
[3.095s] INFO:colcon.colcon_core.shell:Creating prefix script '/wolvi/install/local_setup.ps1'
[3.097s] INFO:colcon.colcon_core.shell:Creating prefix util module '/wolvi/install/_local_setup_util_ps1.py'
[3.100s] INFO:colcon.colcon_core.shell:Creating prefix chain script '/wolvi/install/setup.ps1'
[3.102s] INFO:colcon.colcon_core.shell:Creating prefix script '/wolvi/install/local_setup.sh'
[3.103s] INFO:colcon.colcon_core.shell:Creating prefix util module '/wolvi/install/_local_setup_util_sh.py'
[3.104s] INFO:colcon.colcon_core.shell:Creating prefix chain script '/wolvi/install/setup.sh'
[3.106s] INFO:colcon.colcon_core.shell:Creating prefix script '/wolvi/install/local_setup.bash'
[3.106s] INFO:colcon.colcon_core.shell:Creating prefix chain script '/wolvi/install/setup.bash'
[3.107s] INFO:colcon.colcon_core.shell:Creating prefix script '/wolvi/install/local_setup.zsh'
[3.107s] INFO:colcon.colcon_core.shell:Creating prefix chain script '/wolvi/install/setup.zsh'
