[0.020s] Invoking command in '/wolvi/src/build/computation_zone': CMAKE_PREFIX_PATH=${CMAKE_PREFIX_PATH}:/wolvi/install/lidar:/opt/ros/humble /usr/bin/cmake /wolvi/src/computation_zone -DCMAKE_INSTALL_PREFIX=/wolvi/src/install/computation_zone
[0.353s] -- The C compiler identification is GNU 11.4.0
[0.353s] -- The CXX compiler identification is GNU 11.4.0
[0.353s] -- Detecting C compiler ABI info
[0.353s] -- Detecting C compiler ABI info - done
[0.353s] -- Check for working C compiler: /usr/bin/cc - skipped
[0.353s] -- Detecting C compile features
[0.353s] -- Detecting C compile features - done
[0.353s] -- Detecting CXX compiler ABI info
[0.353s] -- Detecting CXX compiler ABI info - done
[0.354s] -- Check for working CXX compiler: /usr/bin/c++ - skipped
[0.354s] -- Detecting CXX compile features
[0.354s] -- Detecting CXX compile features - done
[0.354s] -- Found ament_cmake: 1.3.11 (/opt/ros/humble/share/ament_cmake/cmake)
[0.437s] -- Found Python3: /usr/bin/python3 (found version "3.10.12") found components: Interpreter 
[0.560s] -- Found rclpy: 3.3.15 (/opt/ros/humble/share/rclpy/cmake)
[0.562s] -- Found rclcpp: 16.0.11 (/opt/ros/humble/share/rclcpp/cmake)
[0.616s] -- Found rosidl_generator_c: 3.1.6 (/opt/ros/humble/share/rosidl_generator_c/cmake)
[0.623s] -- Found rosidl_adapter: 3.1.6 (/opt/ros/humble/share/rosidl_adapter/cmake)
[0.636s] -- Found rosidl_generator_cpp: 3.1.6 (/opt/ros/humble/share/rosidl_generator_cpp/cmake)
[0.651s] -- Using all available rosidl_typesupport_c: rosidl_typesupport_fastrtps_c;rosidl_typesupport_introspection_c
[0.672s] -- Using all available rosidl_typesupport_cpp: rosidl_typesupport_fastrtps_cpp;rosidl_typesupport_introspection_cpp
[0.725s] -- Found rmw_implementation_cmake: 6.1.2 (/opt/ros/humble/share/rmw_implementation_cmake/cmake)
[0.728s] -- Found rmw_fastrtps_cpp: 6.2.7 (/opt/ros/humble/share/rmw_fastrtps_cpp/cmake)
[0.818s] -- Found OpenSSL: /usr/lib/x86_64-linux-gnu/libcrypto.so (found version "3.0.2")  
[0.840s] -- Found FastRTPS: /opt/ros/humble/include  
[0.876s] -- Using RMW implementation 'rmw_fastrtps_cpp' as default
[0.887s] -- Looking for pthread.h
[0.978s] -- Looking for pthread.h - found
[0.978s] -- Performing Test CMAKE_HAVE_LIBC_PTHREAD
[1.045s] -- Performing Test CMAKE_HAVE_LIBC_PTHREAD - Success
[1.046s] -- Found Threads: TRUE  
[1.106s] -- Found ament_lint_auto: 0.12.11 (/opt/ros/humble/share/ament_lint_auto/cmake)
[1.192s] -- Added test 'lint_cmake' to check CMake code style
[1.193s] -- Added test 'xmllint' to check XML markup files
[1.194s] -- Configuring done
[1.199s] -- Generating done
[1.201s] -- Build files have been written to: /wolvi/src/build/computation_zone
[1.208s] Invoked command in '/wolvi/src/build/computation_zone' returned '0': CMAKE_PREFIX_PATH=${CMAKE_PREFIX_PATH}:/wolvi/install/lidar:/opt/ros/humble /usr/bin/cmake /wolvi/src/computation_zone -DCMAKE_INSTALL_PREFIX=/wolvi/src/install/computation_zone
[1.210s] Invoking command in '/wolvi/src/build/computation_zone': CMAKE_PREFIX_PATH=${CMAKE_PREFIX_PATH}:/wolvi/install/lidar:/opt/ros/humble /usr/bin/cmake --build /wolvi/src/build/computation_zone -- -j8 -l8
[1.246s] Invoked command in '/wolvi/src/build/computation_zone' returned '0': CMAKE_PREFIX_PATH=${CMAKE_PREFIX_PATH}:/wolvi/install/lidar:/opt/ros/humble /usr/bin/cmake --build /wolvi/src/build/computation_zone -- -j8 -l8
[1.247s] Invoking command in '/wolvi/src/build/computation_zone': CMAKE_PREFIX_PATH=${CMAKE_PREFIX_PATH}:/wolvi/install/lidar:/opt/ros/humble /usr/bin/cmake --install /wolvi/src/build/computation_zone
[1.254s] -- Install configuration: ""
[1.255s] -- Installing: /wolvi/src/install/computation_zone/share/ament_index/resource_index/package_run_dependencies/computation_zone
[1.255s] -- Installing: /wolvi/src/install/computation_zone/share/ament_index/resource_index/parent_prefix_path/computation_zone
[1.255s] -- Installing: /wolvi/src/install/computation_zone/share/computation_zone/environment/ament_prefix_path.sh
[1.255s] -- Installing: /wolvi/src/install/computation_zone/share/computation_zone/environment/ament_prefix_path.dsv
[1.255s] -- Installing: /wolvi/src/install/computation_zone/share/computation_zone/environment/path.sh
[1.256s] -- Installing: /wolvi/src/install/computation_zone/share/computation_zone/environment/path.dsv
[1.256s] -- Installing: /wolvi/src/install/computation_zone/share/computation_zone/local_setup.bash
[1.256s] -- Installing: /wolvi/src/install/computation_zone/share/computation_zone/local_setup.sh
[1.256s] -- Installing: /wolvi/src/install/computation_zone/share/computation_zone/local_setup.zsh
[1.256s] -- Installing: /wolvi/src/install/computation_zone/share/computation_zone/local_setup.dsv
[1.257s] -- Installing: /wolvi/src/install/computation_zone/share/computation_zone/package.dsv
[1.257s] -- Installing: /wolvi/src/install/computation_zone/share/ament_index/resource_index/packages/computation_zone
[1.258s] -- Installing: /wolvi/src/install/computation_zone/share/computation_zone/cmake/computation_zoneConfig.cmake
[1.258s] -- Installing: /wolvi/src/install/computation_zone/share/computation_zone/cmake/computation_zoneConfig-version.cmake
[1.258s] -- Installing: /wolvi/src/install/computation_zone/share/computation_zone/package.xml
[1.271s] Invoked command in '/wolvi/src/build/computation_zone' returned '0': CMAKE_PREFIX_PATH=${CMAKE_PREFIX_PATH}:/wolvi/install/lidar:/opt/ros/humble /usr/bin/cmake --install /wolvi/src/build/computation_zone
