[0.032s] Invoking command in '/wolvi/build/computation_zone': CMAKE_PREFIX_PATH=${CMAKE_PREFIX_PATH}:/opt/ros/humble /usr/bin/cmake --build /wolvi/build/computation_zone -- -j16 -l16
[0.093s] Invoked command in '/wolvi/build/computation_zone' returned '0': CMAKE_PREFIX_PATH=${CMAKE_PREFIX_PATH}:/opt/ros/humble /usr/bin/cmake --build /wolvi/build/computation_zone -- -j16 -l16
[0.154s] Invoking command in '/wolvi/build/computation_zone': CMAKE_PREFIX_PATH=${CMAKE_PREFIX_PATH}:/opt/ros/humble /usr/bin/cmake --install /wolvi/build/computation_zone
[0.169s] -- Install configuration: ""
[0.170s] -- Up-to-date: /wolvi/install/computation_zone/share/ament_index/resource_index/package_run_dependencies/computation_zone
[0.170s] -- Up-to-date: /wolvi/install/computation_zone/share/ament_index/resource_index/parent_prefix_path/computation_zone
[0.170s] -- Up-to-date: /wolvi/install/computation_zone/share/computation_zone/environment/ament_prefix_path.sh
[0.170s] -- Up-to-date: /wolvi/install/computation_zone/share/computation_zone/environment/ament_prefix_path.dsv
[0.170s] -- Up-to-date: /wolvi/install/computation_zone/share/computation_zone/environment/path.sh
[0.170s] -- Up-to-date: /wolvi/install/computation_zone/share/computation_zone/environment/path.dsv
[0.171s] -- Up-to-date: /wolvi/install/computation_zone/share/computation_zone/local_setup.bash
[0.172s] -- Up-to-date: /wolvi/install/computation_zone/share/computation_zone/local_setup.sh
[0.172s] -- Up-to-date: /wolvi/install/computation_zone/share/computation_zone/local_setup.zsh
[0.172s] -- Up-to-date: /wolvi/install/computation_zone/share/computation_zone/local_setup.dsv
[0.172s] -- Up-to-date: /wolvi/install/computation_zone/share/computation_zone/package.dsv
[0.172s] -- Up-to-date: /wolvi/install/computation_zone/share/ament_index/resource_index/packages/computation_zone
[0.172s] -- Up-to-date: /wolvi/install/computation_zone/share/computation_zone/cmake/computation_zoneConfig.cmake
[0.172s] -- Up-to-date: /wolvi/install/computation_zone/share/computation_zone/cmake/computation_zoneConfig-version.cmake
[0.172s] -- Up-to-date: /wolvi/install/computation_zone/share/computation_zone/package.xml
[0.177s] Invoked command in '/wolvi/build/computation_zone' returned '0': CMAKE_PREFIX_PATH=${CMAKE_PREFIX_PATH}:/opt/ros/humble /usr/bin/cmake --install /wolvi/build/computation_zone
