-- Found ament_cmake: 1.3.10 (/opt/ros/humble/share/ament_cmake/cmake)
-- Found rclpy: 3.3.14 (/opt/ros/humble/share/rclpy/cmake)
-- Found rclcpp: 16.0.10 (/opt/ros/humble/share/rclcpp/cmake)
-- Found rosidl_generator_c: 3.1.5 (/opt/ros/humble/share/rosidl_generator_c/cmake)
-- Found rosidl_adapter: 3.1.5 (/opt/ros/humble/share/rosidl_adapter/cmake)
-- Found rosidl_generator_cpp: 3.1.5 (/opt/ros/humble/share/rosidl_generator_cpp/cmake)
-- Using all available rosidl_typesupport_c: rosidl_typesupport_fastrtps_c;rosidl_typesupport_introspection_c
-- Using all available rosidl_typesupport_cpp: rosidl_typesupport_fastrtps_cpp;rosidl_typesupport_introspection_cpp
-- Found rmw_implementation_cmake: 6.1.2 (/opt/ros/humble/share/rmw_implementation_cmake/cmake)
-- Found rmw_fastrtps_cpp: 6.2.7 (/opt/ros/humble/share/rmw_fastrtps_cpp/cmake)
-- Using RMW implementation 'rmw_fastrtps_cpp' as default
-- Found ament_lint_auto: 0.12.11 (/opt/ros/humble/share/ament_lint_auto/cmake)
-- Added test 'lint_cmake' to check CMake code style
-- Added test 'xmllint' to check XML markup files
-- Configuring done
-- Generating done
-- Build files have been written to: /wolvi/build/robot_01
-- Install configuration: ""
-- Installing: /wolvi/install/robot_01/share/ament_index/resource_index/package_run_dependencies/robot_01
-- Installing: /wolvi/install/robot_01/share/ament_index/resource_index/parent_prefix_path/robot_01
-- Up-to-date: /wolvi/install/robot_01/share/robot_01/environment/ament_prefix_path.sh
-- Installing: /wolvi/install/robot_01/share/robot_01/environment/ament_prefix_path.dsv
-- Up-to-date: /wolvi/install/robot_01/share/robot_01/environment/path.sh
-- Installing: /wolvi/install/robot_01/share/robot_01/environment/path.dsv
-- Up-to-date: /wolvi/install/robot_01/share/robot_01/local_setup.bash
-- Up-to-date: /wolvi/install/robot_01/share/robot_01/local_setup.sh
-- Up-to-date: /wolvi/install/robot_01/share/robot_01/local_setup.zsh
-- Installing: /wolvi/install/robot_01/share/robot_01/local_setup.dsv
-- Installing: /wolvi/install/robot_01/share/robot_01/package.dsv
-- Up-to-date: /wolvi/install/robot_01/share/ament_index/resource_index/packages/robot_01
-- Up-to-date: /wolvi/install/robot_01/share/robot_01/cmake/robot_01Config.cmake
-- Up-to-date: /wolvi/install/robot_01/share/robot_01/cmake/robot_01Config-version.cmake
-- Installing: /wolvi/install/robot_01/share/robot_01/package.xml
