[0.029s] Invoking command in '/wolvi/build/robot_01': CMAKE_PREFIX_PATH=${CMAKE_PREFIX_PATH}:/opt/ros/humble /usr/bin/cmake --build /wolvi/build/robot_01 -- -j16 -l16
[0.160s] -- Found ament_cmake: 1.3.10 (/opt/ros/humble/share/ament_cmake/cmake)
[0.355s] -- Found rclpy: 3.3.14 (/opt/ros/humble/share/rclpy/cmake)
[0.356s] -- Found rclcpp: 16.0.10 (/opt/ros/humble/share/rclcpp/cmake)
[0.417s] -- Found rosidl_generator_c: 3.1.5 (/opt/ros/humble/share/rosidl_generator_c/cmake)
[0.422s] -- Found rosidl_adapter: 3.1.5 (/opt/ros/humble/share/rosidl_adapter/cmake)
[0.431s] -- Found rosidl_generator_cpp: 3.1.5 (/opt/ros/humble/share/rosidl_generator_cpp/cmake)
[0.449s] -- Using all available rosidl_typesupport_c: rosidl_typesupport_fastrtps_c;rosidl_typesupport_introspection_c
[0.472s] -- Using all available rosidl_typesupport_cpp: rosidl_typesupport_fastrtps_cpp;rosidl_typesupport_introspection_cpp
[0.517s] -- Found rmw_implementation_cmake: 6.1.2 (/opt/ros/humble/share/rmw_implementation_cmake/cmake)
[0.522s] -- Found rmw_fastrtps_cpp: 6.2.7 (/opt/ros/humble/share/rmw_fastrtps_cpp/cmake)
[0.710s] -- Using RMW implementation 'rmw_fastrtps_cpp' as default
[0.800s] -- Found ament_lint_auto: 0.12.11 (/opt/ros/humble/share/ament_lint_auto/cmake)
[0.893s] -- Added test 'lint_cmake' to check CMake code style
[0.896s] -- Added test 'xmllint' to check XML markup files
[0.898s] -- Configuring done
[0.903s] -- Generating done
[0.905s] -- Build files have been written to: /wolvi/build/robot_01
[0.947s] Invoked command in '/wolvi/build/robot_01' returned '0': CMAKE_PREFIX_PATH=${CMAKE_PREFIX_PATH}:/opt/ros/humble /usr/bin/cmake --build /wolvi/build/robot_01 -- -j16 -l16
[1.014s] Invoking command in '/wolvi/build/robot_01': CMAKE_PREFIX_PATH=${CMAKE_PREFIX_PATH}:/opt/ros/humble /usr/bin/cmake --install /wolvi/build/robot_01
[1.024s] -- Install configuration: ""
[1.024s] -- Installing: /wolvi/install/robot_01/share/ament_index/resource_index/package_run_dependencies/robot_01
[1.024s] -- Installing: /wolvi/install/robot_01/share/ament_index/resource_index/parent_prefix_path/robot_01
[1.025s] -- Up-to-date: /wolvi/install/robot_01/share/robot_01/environment/ament_prefix_path.sh
[1.025s] -- Installing: /wolvi/install/robot_01/share/robot_01/environment/ament_prefix_path.dsv
[1.025s] -- Up-to-date: /wolvi/install/robot_01/share/robot_01/environment/path.sh
[1.025s] -- Installing: /wolvi/install/robot_01/share/robot_01/environment/path.dsv
[1.025s] -- Up-to-date: /wolvi/install/robot_01/share/robot_01/local_setup.bash
[1.025s] -- Up-to-date: /wolvi/install/robot_01/share/robot_01/local_setup.sh
[1.026s] -- Up-to-date: /wolvi/install/robot_01/share/robot_01/local_setup.zsh
[1.026s] -- Installing: /wolvi/install/robot_01/share/robot_01/local_setup.dsv
[1.026s] -- Installing: /wolvi/install/robot_01/share/robot_01/package.dsv
[1.026s] -- Up-to-date: /wolvi/install/robot_01/share/ament_index/resource_index/packages/robot_01
[1.026s] -- Up-to-date: /wolvi/install/robot_01/share/robot_01/cmake/robot_01Config.cmake
[1.026s] -- Up-to-date: /wolvi/install/robot_01/share/robot_01/cmake/robot_01Config-version.cmake
[1.026s] -- Installing: /wolvi/install/robot_01/share/robot_01/package.xml
[1.029s] Invoked command in '/wolvi/build/robot_01' returned '0': CMAKE_PREFIX_PATH=${CMAKE_PREFIX_PATH}:/opt/ros/humble /usr/bin/cmake --install /wolvi/build/robot_01
