[0.023s] Invoking command in '/wolvi/src/build/utils': CMAKE_PREFIX_PATH=${CMAKE_PREFIX_PATH}:/wolvi/install/lidar:/opt/ros/humble /usr/bin/cmake --build /wolvi/src/build/utils -- -j8 -l8
[0.321s] Invoked command in '/wolvi/src/build/utils' returned '0': CMAKE_PREFIX_PATH=${CMAKE_PREFIX_PATH}:/wolvi/install/lidar:/opt/ros/humble /usr/bin/cmake --build /wolvi/src/build/utils -- -j8 -l8
[0.329s] Invoking command in '/wolvi/src/build/utils': CMAKE_PREFIX_PATH=${CMAKE_PREFIX_PATH}:/wolvi/install/lidar:/opt/ros/humble /usr/bin/cmake --install /wolvi/src/build/utils
[0.337s] -- Install configuration: ""
[0.337s] -- Up-to-date: /wolvi/src/install/utils/lib/utils
[0.337s] -- Up-to-date: /wolvi/src/install/utils/lib/utils/serial_communication.py
[0.337s] -- Up-to-date: /wolvi/src/install/utils/lib/utils/__pycache__
[0.337s] -- Up-to-date: /wolvi/src/install/utils/lib/utils/__pycache__/serial_communication.cpython-310.pyc
[0.337s] -- Up-to-date: /wolvi/src/install/utils/share/ament_index/resource_index/package_run_dependencies/utils
[0.337s] -- Up-to-date: /wolvi/src/install/utils/share/ament_index/resource_index/parent_prefix_path/utils
[0.337s] -- Up-to-date: /wolvi/src/install/utils/share/utils/environment/ament_prefix_path.sh
[0.337s] -- Up-to-date: /wolvi/src/install/utils/share/utils/environment/ament_prefix_path.dsv
[0.338s] -- Up-to-date: /wolvi/src/install/utils/share/utils/environment/path.sh
[0.338s] -- Up-to-date: /wolvi/src/install/utils/share/utils/environment/path.dsv
[0.338s] -- Up-to-date: /wolvi/src/install/utils/share/utils/local_setup.bash
[0.338s] -- Up-to-date: /wolvi/src/install/utils/share/utils/local_setup.sh
[0.338s] -- Up-to-date: /wolvi/src/install/utils/share/utils/local_setup.zsh
[0.338s] -- Up-to-date: /wolvi/src/install/utils/share/utils/local_setup.dsv
[0.338s] -- Installing: /wolvi/src/install/utils/share/utils/package.dsv
[0.338s] -- Up-to-date: /wolvi/src/install/utils/share/ament_index/resource_index/packages/utils
[0.338s] -- Up-to-date: /wolvi/src/install/utils/share/utils/cmake/utilsConfig.cmake
[0.339s] -- Up-to-date: /wolvi/src/install/utils/share/utils/cmake/utilsConfig-version.cmake
[0.339s] -- Up-to-date: /wolvi/src/install/utils/share/utils/package.xml
[0.341s] Invoked command in '/wolvi/src/build/utils' returned '0': CMAKE_PREFIX_PATH=${CMAKE_PREFIX_PATH}:/wolvi/install/lidar:/opt/ros/humble /usr/bin/cmake --install /wolvi/src/build/utils
