running egg_info
creating ../build/lidar/lidar.egg-info
writing ../build/lidar/lidar.egg-info/PKG-INFO
writing dependency_links to ../build/lidar/lidar.egg-info/dependency_links.txt
writing entry points to ../build/lidar/lidar.egg-info/entry_points.txt
writing requirements to ../build/lidar/lidar.egg-info/requires.txt
writing top-level names to ../build/lidar/lidar.egg-info/top_level.txt
writing manifest file '../build/lidar/lidar.egg-info/SOURCES.txt'
reading manifest file '../build/lidar/lidar.egg-info/SOURCES.txt'
writing manifest file '../build/lidar/lidar.egg-info/SOURCES.txt'
running build
running build_py
creating /wolvi/src/build/lidar/build
creating /wolvi/src/build/lidar/build/lib
creating /wolvi/src/build/lidar/build/lib/lidar
copying lidar/lidar_publisher.py -> /wolvi/src/build/lidar/build/lib/lidar
copying lidar/__init__.py -> /wolvi/src/build/lidar/build/lib/lidar
copying lidar/lidar_subscriber.py -> /wolvi/src/build/lidar/build/lib/lidar
running install
running install_lib
creating /wolvi/src/install/lidar/lib/python3.10/site-packages/lidar
copying /wolvi/src/build/lidar/build/lib/lidar/lidar_publisher.py -> /wolvi/src/install/lidar/lib/python3.10/site-packages/lidar
copying /wolvi/src/build/lidar/build/lib/lidar/__init__.py -> /wolvi/src/install/lidar/lib/python3.10/site-packages/lidar
copying /wolvi/src/build/lidar/build/lib/lidar/lidar_subscriber.py -> /wolvi/src/install/lidar/lib/python3.10/site-packages/lidar
byte-compiling /wolvi/src/install/lidar/lib/python3.10/site-packages/lidar/lidar_publisher.py to lidar_publisher.cpython-310.pyc
byte-compiling /wolvi/src/install/lidar/lib/python3.10/site-packages/lidar/__init__.py to __init__.cpython-310.pyc
byte-compiling /wolvi/src/install/lidar/lib/python3.10/site-packages/lidar/lidar_subscriber.py to lidar_subscriber.cpython-310.pyc
running install_data
creating /wolvi/src/install/lidar/share/ament_index
creating /wolvi/src/install/lidar/share/ament_index/resource_index
creating /wolvi/src/install/lidar/share/ament_index/resource_index/packages
copying resource/lidar -> /wolvi/src/install/lidar/share/ament_index/resource_index/packages
copying package.xml -> /wolvi/src/install/lidar/share/lidar
running install_egg_info
Copying ../build/lidar/lidar.egg-info to /wolvi/src/install/lidar/lib/python3.10/site-packages/lidar-0.0.0-py3.10.egg-info
running install_scripts
Installing lidar_node script to /wolvi/src/install/lidar/lib/lidar
Installing lidar_subscriber_node script to /wolvi/src/install/lidar/lib/lidar
writing list of installed files to '/wolvi/src/build/lidar/install.log'
