[0.665s] Invoking command in '/wolvi/src/lidar': PYTHONPATH=/wolvi/src/build/lidar/prefix_override:/usr/lib/python3/dist-packages/colcon_core/task/python/colcon_distutils_commands:/wolvi/src/install/lidar/lib/python3.10/site-packages:${PYTHONPATH} /usr/bin/python3 -W ignore:setup.py install is deprecated -W ignore:easy_install command is deprecated setup.py egg_info --egg-base ../build/lidar build --build-base /wolvi/src/build/lidar/build install --record /wolvi/src/build/lidar/install.log --single-version-externally-managed install_data
[0.908s] running egg_info
[0.911s] creating ../build/lidar/lidar.egg-info
[0.911s] writing ../build/lidar/lidar.egg-info/PKG-INFO
[0.911s] writing dependency_links to ../build/lidar/lidar.egg-info/dependency_links.txt
[0.911s] writing entry points to ../build/lidar/lidar.egg-info/entry_points.txt
[0.911s] writing requirements to ../build/lidar/lidar.egg-info/requires.txt
[0.911s] writing top-level names to ../build/lidar/lidar.egg-info/top_level.txt
[0.912s] writing manifest file '../build/lidar/lidar.egg-info/SOURCES.txt'
[0.912s] reading manifest file '../build/lidar/lidar.egg-info/SOURCES.txt'
[0.913s] writing manifest file '../build/lidar/lidar.egg-info/SOURCES.txt'
[0.913s] running build
[0.913s] running build_py
[0.913s] creating /wolvi/src/build/lidar/build
[0.913s] creating /wolvi/src/build/lidar/build/lib
[0.913s] creating /wolvi/src/build/lidar/build/lib/lidar
[0.914s] copying lidar/lidar_publisher.py -> /wolvi/src/build/lidar/build/lib/lidar
[0.915s] copying lidar/__init__.py -> /wolvi/src/build/lidar/build/lib/lidar
[0.915s] copying lidar/lidar_subscriber.py -> /wolvi/src/build/lidar/build/lib/lidar
[0.915s] running install
[0.915s] running install_lib
[0.915s] creating /wolvi/src/install/lidar/lib/python3.10/site-packages/lidar
[0.915s] copying /wolvi/src/build/lidar/build/lib/lidar/lidar_publisher.py -> /wolvi/src/install/lidar/lib/python3.10/site-packages/lidar
[0.916s] copying /wolvi/src/build/lidar/build/lib/lidar/__init__.py -> /wolvi/src/install/lidar/lib/python3.10/site-packages/lidar
[0.916s] copying /wolvi/src/build/lidar/build/lib/lidar/lidar_subscriber.py -> /wolvi/src/install/lidar/lib/python3.10/site-packages/lidar
[0.916s] byte-compiling /wolvi/src/install/lidar/lib/python3.10/site-packages/lidar/lidar_publisher.py to lidar_publisher.cpython-310.pyc
[0.917s] byte-compiling /wolvi/src/install/lidar/lib/python3.10/site-packages/lidar/__init__.py to __init__.cpython-310.pyc
[0.917s] byte-compiling /wolvi/src/install/lidar/lib/python3.10/site-packages/lidar/lidar_subscriber.py to lidar_subscriber.cpython-310.pyc
[0.918s] running install_data
[0.918s] creating /wolvi/src/install/lidar/share/ament_index
[0.918s] creating /wolvi/src/install/lidar/share/ament_index/resource_index
[0.918s] creating /wolvi/src/install/lidar/share/ament_index/resource_index/packages
[0.919s] copying resource/lidar -> /wolvi/src/install/lidar/share/ament_index/resource_index/packages
[0.919s] copying package.xml -> /wolvi/src/install/lidar/share/lidar
[0.919s] running install_egg_info
[0.921s] Copying ../build/lidar/lidar.egg-info to /wolvi/src/install/lidar/lib/python3.10/site-packages/lidar-0.0.0-py3.10.egg-info
[0.923s] running install_scripts
[0.947s] Installing lidar_node script to /wolvi/src/install/lidar/lib/lidar
[0.947s] Installing lidar_subscriber_node script to /wolvi/src/install/lidar/lib/lidar
[0.947s] writing list of installed files to '/wolvi/src/build/lidar/install.log'
[1.003s] Invoked command in '/wolvi/src/lidar' returned '0': PYTHONPATH=/wolvi/src/build/lidar/prefix_override:/usr/lib/python3/dist-packages/colcon_core/task/python/colcon_distutils_commands:/wolvi/src/install/lidar/lib/python3.10/site-packages:${PYTHONPATH} /usr/bin/python3 -W ignore:setup.py install is deprecated -W ignore:easy_install command is deprecated setup.py egg_info --egg-base ../build/lidar build --build-base /wolvi/src/build/lidar/build install --record /wolvi/src/build/lidar/install.log --single-version-externally-managed install_data
