[0.092s] DEBUG:colcon:Command line arguments: ['/usr/bin/colcon', 'build']
[0.093s] DEBUG:colcon:Parsed command line arguments: Namespace(log_base=None, log_level=None, verb_name='build', build_base='build', install_base='install', merge_install=False, symlink_install=False, test_result_base=None, continue_on_error=False, executor='parallel', parallel_workers=8, event_handlers=None, ignore_user_meta=False, metas=['./colcon.meta'], base_paths=['.'], packages_ignore=None, packages_ignore_regex=None, paths=None, packages_up_to=None, packages_up_to_regex=None, packages_above=None, packages_above_and_dependencies=None, packages_above_depth=None, packages_select_by_dep=None, packages_skip_by_dep=None, packages_skip_up_to=None, packages_select_build_failed=False, packages_skip_build_finished=False, packages_select_test_failures=False, packages_skip_test_passed=False, packages_select=None, packages_skip=None, packages_select_regex=None, packages_skip_regex=None, packages_start=None, packages_end=None, cmake_args=None, cmake_target=None, cmake_target_skip_unavailable=False, cmake_clean_cache=False, cmake_clean_first=False, cmake_force_configure=False, ament_cmake_args=None, catkin_cmake_args=None, catkin_skip_building_tests=False, mixin_files=None, mixin=None, verb_parser=<colcon_mixin.mixin.mixin_argument.MixinArgumentDecorator object at 0xffffb1b27130>, verb_extension=<colcon_core.verb.build.BuildVerb object at 0xffffb1cef4f0>, main=<bound method BuildVerb.main of <colcon_core.verb.build.BuildVerb object at 0xffffb1cef4f0>>, mixin_verb=('build',))
[0.184s] Level 1:colcon.colcon_core.package_discovery:discover_packages(colcon_meta) check parameters
[0.185s] INFO:colcon.colcon_metadata.package_discovery.colcon_meta:Using configuration from '/root/.colcon/metadata/default/Gazebo.meta'
[0.185s] INFO:colcon.colcon_metadata.package_discovery.colcon_meta:Using configuration from '/root/.colcon/metadata/default/fastrtps.meta'
[0.185s] Level 1:colcon.colcon_core.package_discovery:discover_packages(recursive) check parameters
[0.186s] Level 1:colcon.colcon_core.package_discovery:discover_packages(ignore) check parameters
[0.186s] Level 1:colcon.colcon_core.package_discovery:discover_packages(path) check parameters
[0.186s] Level 1:colcon.colcon_core.package_discovery:discover_packages(colcon_meta) discover
[0.186s] Level 1:colcon.colcon_core.package_discovery:discover_packages(recursive) discover
[0.186s] INFO:colcon.colcon_core.package_discovery:Crawling recursively for packages in '/wolvi/src/camera_robot'
[0.187s] Level 1:colcon.colcon_core.package_identification:_identify(.) by extensions ['ignore', 'ignore_ament_install']
[0.187s] Level 1:colcon.colcon_core.package_identification:_identify(.) by extension 'ignore'
[0.187s] Level 1:colcon.colcon_core.package_identification:_identify(.) by extension 'ignore_ament_install'
[0.187s] Level 1:colcon.colcon_core.package_identification:_identify(.) by extensions ['colcon_pkg']
[0.187s] Level 1:colcon.colcon_core.package_identification:_identify(.) by extension 'colcon_pkg'
[0.188s] Level 1:colcon.colcon_core.package_identification:_identify(.) by extensions ['colcon_meta']
[0.188s] Level 1:colcon.colcon_core.package_identification:_identify(.) by extension 'colcon_meta'
[0.188s] Level 1:colcon.colcon_core.package_identification:_identify(.) by extensions ['ros']
[0.188s] Level 1:colcon.colcon_core.package_identification:_identify(.) by extension 'ros'
[0.199s] DEBUG:colcon.colcon_core.package_identification:Package '.' with type 'ros.ament_cmake' and name 'camera_robot'
[0.199s] Level 1:colcon.colcon_core.package_discovery:discover_packages(recursive) using defaults
[0.199s] Level 1:colcon.colcon_core.package_discovery:discover_packages(ignore) discover
[0.199s] Level 1:colcon.colcon_core.package_discovery:discover_packages(ignore) using defaults
[0.199s] Level 1:colcon.colcon_core.package_discovery:discover_packages(path) discover
[0.200s] Level 1:colcon.colcon_core.package_discovery:discover_packages(path) using defaults
[0.216s] Level 5:colcon.colcon_core.verb:set package 'camera_robot' build argument 'cmake_args' from command line to 'None'
[0.216s] Level 5:colcon.colcon_core.verb:set package 'camera_robot' build argument 'cmake_target' from command line to 'None'
[0.216s] Level 5:colcon.colcon_core.verb:set package 'camera_robot' build argument 'cmake_target_skip_unavailable' from command line to 'False'
[0.216s] Level 5:colcon.colcon_core.verb:set package 'camera_robot' build argument 'cmake_clean_cache' from command line to 'False'
[0.216s] Level 5:colcon.colcon_core.verb:set package 'camera_robot' build argument 'cmake_clean_first' from command line to 'False'
[0.217s] Level 5:colcon.colcon_core.verb:set package 'camera_robot' build argument 'cmake_force_configure' from command line to 'False'
[0.217s] Level 5:colcon.colcon_core.verb:set package 'camera_robot' build argument 'ament_cmake_args' from command line to 'None'
[0.217s] Level 5:colcon.colcon_core.verb:set package 'camera_robot' build argument 'catkin_cmake_args' from command line to 'None'
[0.217s] Level 5:colcon.colcon_core.verb:set package 'camera_robot' build argument 'catkin_skip_building_tests' from command line to 'False'
[0.217s] DEBUG:colcon.colcon_core.verb:Building package 'camera_robot' with the following arguments: {'ament_cmake_args': None, 'build_base': '/wolvi/src/camera_robot/build/camera_robot', 'catkin_cmake_args': None, 'catkin_skip_building_tests': False, 'cmake_args': None, 'cmake_clean_cache': False, 'cmake_clean_first': False, 'cmake_force_configure': False, 'cmake_target': None, 'cmake_target_skip_unavailable': False, 'install_base': '/wolvi/src/camera_robot/install/camera_robot', 'merge_install': False, 'path': '/wolvi/src/camera_robot', 'symlink_install': False, 'test_result_base': None}
[0.217s] INFO:colcon.colcon_core.executor:Executing jobs using 'parallel' executor
[0.218s] DEBUG:colcon.colcon_parallel_executor.executor.parallel:run_until_complete
[0.218s] INFO:colcon.colcon_ros.task.ament_cmake.build:Building ROS package in '/wolvi/src/camera_robot' with build type 'ament_cmake'
[0.218s] INFO:colcon.colcon_cmake.task.cmake.build:Building CMake package in '/wolvi/src/camera_robot'
[0.220s] INFO:colcon.colcon_core.plugin_system:Skipping extension 'colcon_core.shell.bat': Not used on non-Windows systems
[0.220s] INFO:colcon.colcon_core.shell:Skip shell extension 'powershell' for command environment: Not usable outside of PowerShell
[0.220s] DEBUG:colcon.colcon_core.shell:Skip shell extension 'dsv' for command environment
[0.237s] DEBUG:colcon.colcon_core.event_handler.log_command:Invoking command in '/wolvi/src/camera_robot/build/camera_robot': CMAKE_PREFIX_PATH=${CMAKE_PREFIX_PATH}:/opt/ros/humble /usr/bin/cmake /wolvi/src/camera_robot -DCMAKE_INSTALL_PREFIX=/wolvi/src/camera_robot/install/camera_robot
[2.695s] DEBUG:colcon.colcon_core.event_handler.log_command:Invoked command in '/wolvi/src/camera_robot/build/camera_robot' returned '0': CMAKE_PREFIX_PATH=${CMAKE_PREFIX_PATH}:/opt/ros/humble /usr/bin/cmake /wolvi/src/camera_robot -DCMAKE_INSTALL_PREFIX=/wolvi/src/camera_robot/install/camera_robot
[2.698s] DEBUG:colcon.colcon_core.event_handler.log_command:Invoking command in '/wolvi/src/camera_robot/build/camera_robot': CMAKE_PREFIX_PATH=${CMAKE_PREFIX_PATH}:/opt/ros/humble /usr/bin/cmake --build /wolvi/src/camera_robot/build/camera_robot -- -j8 -l8
[2.929s] DEBUG:colcon.colcon_core.event_handler.log_command:Invoked command in '/wolvi/src/camera_robot/build/camera_robot' returned '0': CMAKE_PREFIX_PATH=${CMAKE_PREFIX_PATH}:/opt/ros/humble /usr/bin/cmake --build /wolvi/src/camera_robot/build/camera_robot -- -j8 -l8
[2.938s] DEBUG:colcon.colcon_core.event_handler.log_command:Invoking command in '/wolvi/src/camera_robot/build/camera_robot': CMAKE_PREFIX_PATH=${CMAKE_PREFIX_PATH}:/opt/ros/humble /usr/bin/cmake --install /wolvi/src/camera_robot/build/camera_robot
[3.042s] Level 1:colcon.colcon_core.environment:create_environment_scripts_only(camera_robot)
[3.044s] Level 1:colcon.colcon_core.environment:checking '/wolvi/src/camera_robot/install/camera_robot' for CMake module files
[3.044s] DEBUG:colcon.colcon_core.event_handler.log_command:Invoked command in '/wolvi/src/camera_robot/build/camera_robot' returned '0': CMAKE_PREFIX_PATH=${CMAKE_PREFIX_PATH}:/opt/ros/humble /usr/bin/cmake --install /wolvi/src/camera_robot/build/camera_robot
[3.047s] Level 1:colcon.colcon_core.environment:checking '/wolvi/src/camera_robot/install/camera_robot' for CMake config files
[3.051s] Level 1:colcon.colcon_core.shell:create_environment_hook('camera_robot', 'cmake_prefix_path')
[3.051s] INFO:colcon.colcon_core.shell:Creating environment hook '/wolvi/src/camera_robot/install/camera_robot/share/camera_robot/hook/cmake_prefix_path.ps1'
[3.053s] INFO:colcon.colcon_core.shell:Creating environment descriptor '/wolvi/src/camera_robot/install/camera_robot/share/camera_robot/hook/cmake_prefix_path.dsv'
[3.053s] INFO:colcon.colcon_core.shell:Creating environment hook '/wolvi/src/camera_robot/install/camera_robot/share/camera_robot/hook/cmake_prefix_path.sh'
[3.055s] Level 1:colcon.colcon_core.environment:checking '/wolvi/src/camera_robot/install/camera_robot/lib'
[3.055s] Level 1:colcon.colcon_core.environment:checking '/wolvi/src/camera_robot/install/camera_robot/bin'
[3.055s] Level 1:colcon.colcon_core.environment:checking '/wolvi/src/camera_robot/install/camera_robot/lib/pkgconfig/camera_robot.pc'
[3.057s] Level 1:colcon.colcon_core.environment:checking '/wolvi/src/camera_robot/install/camera_robot/lib/python3.10/site-packages'
[3.057s] Level 1:colcon.colcon_core.environment:checking '/wolvi/src/camera_robot/install/camera_robot/bin'
[3.057s] INFO:colcon.colcon_core.shell:Creating package script '/wolvi/src/camera_robot/install/camera_robot/share/camera_robot/package.ps1'
[3.058s] INFO:colcon.colcon_core.shell:Creating package descriptor '/wolvi/src/camera_robot/install/camera_robot/share/camera_robot/package.dsv'
[3.059s] INFO:colcon.colcon_core.shell:Creating package script '/wolvi/src/camera_robot/install/camera_robot/share/camera_robot/package.sh'
[3.060s] INFO:colcon.colcon_core.shell:Creating package script '/wolvi/src/camera_robot/install/camera_robot/share/camera_robot/package.bash'
[3.061s] INFO:colcon.colcon_core.shell:Creating package script '/wolvi/src/camera_robot/install/camera_robot/share/camera_robot/package.zsh'
[3.062s] Level 1:colcon.colcon_core.environment:create_file_with_runtime_dependencies(/wolvi/src/camera_robot/install/camera_robot/share/colcon-core/packages/camera_robot)
[3.065s] Level 1:colcon.colcon_core.environment:create_environment_scripts_only(camera_robot)
[3.065s] Level 1:colcon.colcon_core.environment:checking '/wolvi/src/camera_robot/install/camera_robot' for CMake module files
[3.067s] Level 1:colcon.colcon_core.environment:checking '/wolvi/src/camera_robot/install/camera_robot' for CMake config files
[3.070s] Level 1:colcon.colcon_core.shell:create_environment_hook('camera_robot', 'cmake_prefix_path')
[3.070s] INFO:colcon.colcon_core.shell:Creating environment hook '/wolvi/src/camera_robot/install/camera_robot/share/camera_robot/hook/cmake_prefix_path.ps1'
[3.071s] INFO:colcon.colcon_core.shell:Creating environment descriptor '/wolvi/src/camera_robot/install/camera_robot/share/camera_robot/hook/cmake_prefix_path.dsv'
[3.072s] INFO:colcon.colcon_core.shell:Creating environment hook '/wolvi/src/camera_robot/install/camera_robot/share/camera_robot/hook/cmake_prefix_path.sh'
[3.073s] Level 1:colcon.colcon_core.environment:checking '/wolvi/src/camera_robot/install/camera_robot/lib'
[3.073s] Level 1:colcon.colcon_core.environment:checking '/wolvi/src/camera_robot/install/camera_robot/bin'
[3.073s] Level 1:colcon.colcon_core.environment:checking '/wolvi/src/camera_robot/install/camera_robot/lib/pkgconfig/camera_robot.pc'
[3.073s] Level 1:colcon.colcon_core.environment:checking '/wolvi/src/camera_robot/install/camera_robot/lib/python3.10/site-packages'
[3.074s] Level 1:colcon.colcon_core.environment:checking '/wolvi/src/camera_robot/install/camera_robot/bin'
[3.074s] INFO:colcon.colcon_core.shell:Creating package script '/wolvi/src/camera_robot/install/camera_robot/share/camera_robot/package.ps1'
[3.075s] INFO:colcon.colcon_core.shell:Creating package descriptor '/wolvi/src/camera_robot/install/camera_robot/share/camera_robot/package.dsv'
[3.076s] INFO:colcon.colcon_core.shell:Creating package script '/wolvi/src/camera_robot/install/camera_robot/share/camera_robot/package.sh'
[3.076s] INFO:colcon.colcon_core.shell:Creating package script '/wolvi/src/camera_robot/install/camera_robot/share/camera_robot/package.bash'
[3.077s] INFO:colcon.colcon_core.shell:Creating package script '/wolvi/src/camera_robot/install/camera_robot/share/camera_robot/package.zsh'
[3.078s] Level 1:colcon.colcon_core.environment:create_file_with_runtime_dependencies(/wolvi/src/camera_robot/install/camera_robot/share/colcon-core/packages/camera_robot)
[3.078s] DEBUG:colcon.colcon_parallel_executor.executor.parallel:closing loop
[3.078s] DEBUG:colcon.colcon_parallel_executor.executor.parallel:loop closed
[3.078s] DEBUG:colcon.colcon_parallel_executor.executor.parallel:run_until_complete finished with '0'
[3.079s] DEBUG:colcon.colcon_core.event_reactor:joining thread
[3.084s] INFO:colcon.colcon_core.plugin_system:Skipping extension 'colcon_notification.desktop_notification.notify_send': Could not find 'notify-send'
[3.084s] INFO:colcon.colcon_core.plugin_system:Skipping extension 'colcon_notification.desktop_notification.terminal_notifier': Not used on non-Darwin systems
[3.085s] INFO:colcon.colcon_core.plugin_system:Skipping extension 'colcon_notification.desktop_notification.win32': Not used on non-Windows systems
[3.085s] INFO:colcon.colcon_notification.desktop_notification:Sending desktop notification using 'notify2'
[3.087s] DEBUG:colcon.colcon_notification.desktop_notification.notify2:Failed to initialize notify2: org.freedesktop.DBus.Error.Spawn.ExecFailed: /usr/bin/dbus-launch terminated abnormally with the following error: Autolaunch error: X11 initialization failed.

[3.087s] DEBUG:colcon.colcon_core.event_reactor:joined thread
[3.088s] INFO:colcon.colcon_core.shell:Creating prefix script '/wolvi/src/camera_robot/install/local_setup.ps1'
[3.089s] INFO:colcon.colcon_core.shell:Creating prefix util module '/wolvi/src/camera_robot/install/_local_setup_util_ps1.py'
[3.091s] INFO:colcon.colcon_core.shell:Creating prefix chain script '/wolvi/src/camera_robot/install/setup.ps1'
[3.094s] INFO:colcon.colcon_core.shell:Creating prefix script '/wolvi/src/camera_robot/install/local_setup.sh'
[3.095s] INFO:colcon.colcon_core.shell:Creating prefix util module '/wolvi/src/camera_robot/install/_local_setup_util_sh.py'
[3.096s] INFO:colcon.colcon_core.shell:Creating prefix chain script '/wolvi/src/camera_robot/install/setup.sh'
[3.099s] INFO:colcon.colcon_core.shell:Creating prefix script '/wolvi/src/camera_robot/install/local_setup.bash'
[3.100s] INFO:colcon.colcon_core.shell:Creating prefix chain script '/wolvi/src/camera_robot/install/setup.bash'
[3.104s] INFO:colcon.colcon_core.shell:Creating prefix script '/wolvi/src/camera_robot/install/local_setup.zsh'
[3.105s] INFO:colcon.colcon_core.shell:Creating prefix chain script '/wolvi/src/camera_robot/install/setup.zsh'
