[0.341s] Invoking command in '/wolvi/src/build/robot_01': CMAKE_PREFIX_PATH=${CMAKE_PREFIX_PATH}:/wolvi/install/lidar:/opt/ros/humble /usr/bin/cmake /wolvi/src/robot_01 -DCMAKE_INSTALL_PREFIX=/wolvi/src/install/robot_01
[0.401s] -- The C compiler identification is GNU 11.4.0
[0.469s] -- The CXX compiler identification is GNU 11.4.0
[0.475s] -- Detecting C compiler ABI info
[0.550s] -- Detecting C compiler ABI info - done
[0.560s] -- Check for working C compiler: /usr/bin/cc - skipped
[0.560s] -- Detecting C compile features
[0.560s] -- Detecting C compile features - done
[0.564s] -- Detecting CXX compiler ABI info
[0.645s] -- Detecting CXX compiler ABI info - done
[0.655s] -- Check for working CXX compiler: /usr/bin/c++ - skipped
[0.655s] -- Detecting CXX compile features
[0.656s] -- Detecting CXX compile features - done
[0.661s] -- Found ament_cmake: 1.3.11 (/opt/ros/humble/share/ament_cmake/cmake)
[0.787s] -- Found Python3: /usr/bin/python3 (found version "3.10.12") found components: Interpreter 
[0.888s] -- Found rclpy: 3.3.15 (/opt/ros/humble/share/rclpy/cmake)
[0.891s] -- Found rclcpp: 16.0.11 (/opt/ros/humble/share/rclcpp/cmake)
[0.934s] -- Found rosidl_generator_c: 3.1.6 (/opt/ros/humble/share/rosidl_generator_c/cmake)
[0.938s] -- Found rosidl_adapter: 3.1.6 (/opt/ros/humble/share/rosidl_adapter/cmake)
[0.949s] -- Found rosidl_generator_cpp: 3.1.6 (/opt/ros/humble/share/rosidl_generator_cpp/cmake)
[0.967s] -- Using all available rosidl_typesupport_c: rosidl_typesupport_fastrtps_c;rosidl_typesupport_introspection_c
[0.993s] -- Using all available rosidl_typesupport_cpp: rosidl_typesupport_fastrtps_cpp;rosidl_typesupport_introspection_cpp
[1.020s] -- Found rmw_implementation_cmake: 6.1.2 (/opt/ros/humble/share/rmw_implementation_cmake/cmake)
[1.023s] -- Found rmw_fastrtps_cpp: 6.2.7 (/opt/ros/humble/share/rmw_fastrtps_cpp/cmake)
[1.082s] -- Found OpenSSL: /usr/lib/x86_64-linux-gnu/libcrypto.so (found version "3.0.2")  
[1.098s] -- Found FastRTPS: /opt/ros/humble/include  
[1.131s] -- Using RMW implementation 'rmw_fastrtps_cpp' as default
[1.143s] -- Looking for pthread.h
[1.210s] -- Looking for pthread.h - found
[1.211s] -- Performing Test CMAKE_HAVE_LIBC_PTHREAD
[1.286s] -- Performing Test CMAKE_HAVE_LIBC_PTHREAD - Success
[1.286s] -- Found Threads: TRUE  
[1.334s] -- Found ament_lint_auto: 0.12.11 (/opt/ros/humble/share/ament_lint_auto/cmake)
[1.435s] -- Added test 'lint_cmake' to check CMake code style
[1.436s] -- Added test 'xmllint' to check XML markup files
[1.437s] -- Configuring done
[1.441s] -- Generating done
[1.444s] -- Build files have been written to: /wolvi/src/build/robot_01
[1.456s] Invoked command in '/wolvi/src/build/robot_01' returned '0': CMAKE_PREFIX_PATH=${CMAKE_PREFIX_PATH}:/wolvi/install/lidar:/opt/ros/humble /usr/bin/cmake /wolvi/src/robot_01 -DCMAKE_INSTALL_PREFIX=/wolvi/src/install/robot_01
[1.457s] Invoking command in '/wolvi/src/build/robot_01': CMAKE_PREFIX_PATH=${CMAKE_PREFIX_PATH}:/wolvi/install/lidar:/opt/ros/humble /usr/bin/cmake --build /wolvi/src/build/robot_01 -- -j8 -l8
[1.493s] Invoked command in '/wolvi/src/build/robot_01' returned '0': CMAKE_PREFIX_PATH=${CMAKE_PREFIX_PATH}:/wolvi/install/lidar:/opt/ros/humble /usr/bin/cmake --build /wolvi/src/build/robot_01 -- -j8 -l8
[1.494s] Invoking command in '/wolvi/src/build/robot_01': CMAKE_PREFIX_PATH=${CMAKE_PREFIX_PATH}:/wolvi/install/lidar:/opt/ros/humble /usr/bin/cmake --install /wolvi/src/build/robot_01
[1.502s] -- Install configuration: ""
[1.502s] -- Installing: /wolvi/src/install/robot_01/share/ament_index/resource_index/package_run_dependencies/robot_01
[1.502s] -- Installing: /wolvi/src/install/robot_01/share/ament_index/resource_index/parent_prefix_path/robot_01
[1.502s] -- Installing: /wolvi/src/install/robot_01/share/robot_01/environment/ament_prefix_path.sh
[1.502s] -- Installing: /wolvi/src/install/robot_01/share/robot_01/environment/ament_prefix_path.dsv
[1.502s] -- Installing: /wolvi/src/install/robot_01/share/robot_01/environment/path.sh
[1.502s] -- Installing: /wolvi/src/install/robot_01/share/robot_01/environment/path.dsv
[1.502s] -- Installing: /wolvi/src/install/robot_01/share/robot_01/local_setup.bash
[1.502s] -- Installing: /wolvi/src/install/robot_01/share/robot_01/local_setup.sh
[1.502s] -- Installing: /wolvi/src/install/robot_01/share/robot_01/local_setup.zsh
[1.502s] -- Installing: /wolvi/src/install/robot_01/share/robot_01/local_setup.dsv
[1.503s] -- Installing: /wolvi/src/install/robot_01/share/robot_01/package.dsv
[1.503s] -- Installing: /wolvi/src/install/robot_01/share/ament_index/resource_index/packages/robot_01
[1.503s] -- Installing: /wolvi/src/install/robot_01/share/robot_01/cmake/robot_01Config.cmake
[1.503s] -- Installing: /wolvi/src/install/robot_01/share/robot_01/cmake/robot_01Config-version.cmake
[1.503s] -- Installing: /wolvi/src/install/robot_01/share/robot_01/package.xml
[1.505s] Invoked command in '/wolvi/src/build/robot_01' returned '0': CMAKE_PREFIX_PATH=${CMAKE_PREFIX_PATH}:/wolvi/install/lidar:/opt/ros/humble /usr/bin/cmake --install /wolvi/src/build/robot_01
