-- Found ament_cmake: 1.3.10 (/opt/ros/humble/share/ament_cmake/cmake)
-- Found rclcpp: 16.0.10 (/opt/ros/humble/share/rclcpp/cmake)
-- Found rosidl_generator_c: 3.1.5 (/opt/ros/humble/share/rosidl_generator_c/cmake)
-- Found rosidl_adapter: 3.1.5 (/opt/ros/humble/share/rosidl_adapter/cmake)
-- Found rosidl_generator_cpp: 3.1.5 (/opt/ros/humble/share/rosidl_generator_cpp/cmake)
-- Using all available rosidl_typesupport_c: rosidl_typesupport_fastrtps_c;rosidl_typesupport_introspection_c
-- Using all available rosidl_typesupport_cpp: rosidl_typesupport_fastrtps_cpp;rosidl_typesupport_introspection_cpp
-- Found rmw_implementation_cmake: 6.1.2 (/opt/ros/humble/share/rmw_implementation_cmake/cmake)
-- Found rmw_fastrtps_cpp: 6.2.7 (/opt/ros/humble/share/rmw_fastrtps_cpp/cmake)
-- Using RMW implementation 'rmw_fastrtps_cpp' as default
-- Found ament_lint_auto: 0.12.11 (/opt/ros/humble/share/ament_lint_auto/cmake)
-- Added test 'flake8' to check Python code syntax and style conventions
-- Added test 'lint_cmake' to check CMake code style
-- Added test 'pep257' to check Python code against some of the docstring style conventions in PEP 257
-- Added test 'xmllint' to check XML markup files
-- Configuring done
-- Generating done
-- Build files have been written to: /wolvi/build/utils
-- Install configuration: ""
-- Installing: /wolvi/install/utils/lib/utils
-- Installing: /wolvi/install/utils/lib/utils/serial_communication.py
-- Installing: /wolvi/install/utils/share/ament_index/resource_index/package_run_dependencies/utils
-- Installing: /wolvi/install/utils/share/ament_index/resource_index/parent_prefix_path/utils
-- Installing: /wolvi/install/utils/share/utils/environment/ament_prefix_path.sh
-- Installing: /wolvi/install/utils/share/utils/environment/ament_prefix_path.dsv
-- Installing: /wolvi/install/utils/share/utils/environment/path.sh
-- Installing: /wolvi/install/utils/share/utils/environment/path.dsv
-- Installing: /wolvi/install/utils/share/utils/local_setup.bash
-- Installing: /wolvi/install/utils/share/utils/local_setup.sh
-- Installing: /wolvi/install/utils/share/utils/local_setup.zsh
-- Installing: /wolvi/install/utils/share/utils/local_setup.dsv
-- Installing: /wolvi/install/utils/share/utils/package.dsv
-- Installing: /wolvi/install/utils/share/ament_index/resource_index/packages/utils
-- Installing: /wolvi/install/utils/share/utils/cmake/utilsConfig.cmake
-- Installing: /wolvi/install/utils/share/utils/cmake/utilsConfig-version.cmake
-- Installing: /wolvi/install/utils/share/utils/package.xml
