[0.028s] Invoking command in '/wolvi/build/utils': CMAKE_PREFIX_PATH=${CMAKE_PREFIX_PATH}:/opt/ros/humble /usr/bin/cmake --build /wolvi/build/utils -- -j16 -l16
[0.069s] -- Found ament_cmake: 1.3.10 (/opt/ros/humble/share/ament_cmake/cmake)
[0.230s] -- Found rclcpp: 16.0.10 (/opt/ros/humble/share/rclcpp/cmake)
[0.257s] -- Found rosidl_generator_c: 3.1.5 (/opt/ros/humble/share/rosidl_generator_c/cmake)
[0.262s] -- Found rosidl_adapter: 3.1.5 (/opt/ros/humble/share/rosidl_adapter/cmake)
[0.274s] -- Found rosidl_generator_cpp: 3.1.5 (/opt/ros/humble/share/rosidl_generator_cpp/cmake)
[0.283s] -- Using all available rosidl_typesupport_c: rosidl_typesupport_fastrtps_c;rosidl_typesupport_introspection_c
[0.295s] -- Using all available rosidl_typesupport_cpp: rosidl_typesupport_fastrtps_cpp;rosidl_typesupport_introspection_cpp
[0.328s] -- Found rmw_implementation_cmake: 6.1.2 (/opt/ros/humble/share/rmw_implementation_cmake/cmake)
[0.331s] -- Found rmw_fastrtps_cpp: 6.2.7 (/opt/ros/humble/share/rmw_fastrtps_cpp/cmake)
[0.498s] -- Using RMW implementation 'rmw_fastrtps_cpp' as default
[0.546s] -- Found ament_lint_auto: 0.12.11 (/opt/ros/humble/share/ament_lint_auto/cmake)
[0.625s] -- Added test 'flake8' to check Python code syntax and style conventions
[0.625s] -- Added test 'lint_cmake' to check CMake code style
[0.625s] -- Added test 'pep257' to check Python code against some of the docstring style conventions in PEP 257
[0.626s] -- Added test 'xmllint' to check XML markup files
[0.627s] -- Configuring done
[0.633s] -- Generating done
[0.635s] -- Build files have been written to: /wolvi/build/utils
[0.677s] Invoked command in '/wolvi/build/utils' returned '0': CMAKE_PREFIX_PATH=${CMAKE_PREFIX_PATH}:/opt/ros/humble /usr/bin/cmake --build /wolvi/build/utils -- -j16 -l16
[0.730s] Invoking command in '/wolvi/build/utils': CMAKE_PREFIX_PATH=${CMAKE_PREFIX_PATH}:/opt/ros/humble /usr/bin/cmake --install /wolvi/build/utils
[0.742s] -- Install configuration: ""
[0.742s] -- Installing: /wolvi/install/utils/lib/utils
[0.743s] -- Installing: /wolvi/install/utils/lib/utils/serial_communication.py
[0.743s] -- Installing: /wolvi/install/utils/share/ament_index/resource_index/package_run_dependencies/utils
[0.743s] -- Installing: /wolvi/install/utils/share/ament_index/resource_index/parent_prefix_path/utils
[0.743s] -- Installing: /wolvi/install/utils/share/utils/environment/ament_prefix_path.sh
[0.743s] -- Installing: /wolvi/install/utils/share/utils/environment/ament_prefix_path.dsv
[0.743s] -- Installing: /wolvi/install/utils/share/utils/environment/path.sh
[0.744s] -- Installing: /wolvi/install/utils/share/utils/environment/path.dsv
[0.744s] -- Installing: /wolvi/install/utils/share/utils/local_setup.bash
[0.744s] -- Installing: /wolvi/install/utils/share/utils/local_setup.sh
[0.744s] -- Installing: /wolvi/install/utils/share/utils/local_setup.zsh
[0.744s] -- Installing: /wolvi/install/utils/share/utils/local_setup.dsv
[0.744s] -- Installing: /wolvi/install/utils/share/utils/package.dsv
[0.745s] -- Installing: /wolvi/install/utils/share/ament_index/resource_index/packages/utils
[0.745s] -- Installing: /wolvi/install/utils/share/utils/cmake/utilsConfig.cmake
[0.745s] -- Installing: /wolvi/install/utils/share/utils/cmake/utilsConfig-version.cmake
[0.745s] -- Installing: /wolvi/install/utils/share/utils/package.xml
[0.748s] Invoked command in '/wolvi/build/utils' returned '0': CMAKE_PREFIX_PATH=${CMAKE_PREFIX_PATH}:/opt/ros/humble /usr/bin/cmake --install /wolvi/build/utils
